#
# There is insufficient memory for the Java Runtime Environment to continue.
# Native memory allocation (malloc) failed to allocate 2506784 bytes. Error detail: Chunk::new
# Possible reasons:
#   The system is out of physical RAM or swap space
#   This process is running with CompressedOops enabled, and the Java Heap may be blocking the growth of the native heap
# Possible solutions:
#   Reduce memory load on the system
#   Increase physical memory or swap space
#   Check if swap backing store is full
#   Decrease Java heap size (-Xmx/-Xms)
#   Decrease number of Java threads
#   Decrease Java thread stack sizes (-Xss)
#   Set larger code cache with -XX:ReservedCodeCacheSize=
#   JVM is running with Unscaled Compressed Oops mode in which the Java heap is
#     placed in the first 4GB address space. The Java Heap base address is the
#     maximum limit for the native heap growth. Please use -XX:HeapBaseMinAddress
#     to set the Java Heap base and to place the Java Heap above 4GB virtual address.
# This output file may be truncated or incomplete.
#
#  Out of Memory Error (arena.cpp:150), pid=22816, tid=4328
#
# JRE version: Java(TM) SE Runtime Environment (22.0+36) (build 22+36-2370)
# Java VM: Java HotSpot(TM) 64-Bit Server VM (22+36-2370, mixed mode, sharing, tiered, compressed oops, compressed class ptrs, g1 gc, windows-amd64)
# No core dump will be written. Minidumps are not enabled by default on client versions of Windows
#

---------------  S U M M A R Y ------------

Command Line: -Dclassworlds.conf=C:\apache-maven-3.9.8\bin\m2.conf -Dmaven.home=C:\apache-maven-3.9.8 -Dlibrary.jansi.path=C:\apache-maven-3.9.8\lib\jansi-native -Dmaven.multiModuleProjectDirectory=D:\VSCode\FruitMarket\demo org.codehaus.plexus.classworlds.launcher.Launcher clean package

Host: AMD Ryzen 5 5625U with Radeon Graphics         , 12 cores, 7G,  Windows 11 , 64 bit Build 22621 (10.0.22621.4391)
Time: Tue Dec  3 00:05:21 2024 SE Asia Standard Time elapsed time: 5.806594 seconds (0d 0h 0m 5s)

---------------  T H R E A D  ---------------

Current thread (0x0000026356810f40):  JavaThread "C2 CompilerThread1" daemon [_thread_in_native, id=4328, stack(0x000000f9b1800000,0x000000f9b1900000) (1024K)]


Current CompileTask:
C2:5806 7622   !   4       java.lang.ClassLoader::loadClass (121 bytes)

Stack: [0x000000f9b1800000,0x000000f9b1900000]
Native frames: (J=compiled Java code, j=interpreted, Vv=VM code, C=native code)
V  [jvm.dll+0x6e2349]  (no source info available)
V  [jvm.dll+0x874ed3]  (no source info available)
V  [jvm.dll+0x8772fe]  (no source info available)
V  [jvm.dll+0x8779d3]  (no source info available)
V  [jvm.dll+0x27fcb6]  (no source info available)
V  [jvm.dll+0xc3d0f]  (no source info available)
V  [jvm.dll+0xc3f6b]  (no source info available)
V  [jvm.dll+0x3bb05c]  (no source info available)
V  [jvm.dll+0x1df66c]  (no source info available)
V  [jvm.dll+0x247a4c]  (no source info available)
V  [jvm.dll+0x246faf]  (no source info available)
V  [jvm.dll+0x1c4e90]  (no source info available)
V  [jvm.dll+0x25699e]  (no source info available)
V  [jvm.dll+0x254c5a]  (no source info available)
V  [jvm.dll+0x3f5426]  (no source info available)
V  [jvm.dll+0x81d50b]  (no source info available)
V  [jvm.dll+0x6e09e5]  (no source info available)
C  [ucrtbase.dll+0x29333]  (no source info available)
C  [KERNEL32.DLL+0x1259d]  (no source info available)
C  [ntdll.dll+0x5af38]  (no source info available)


---------------  P R O C E S S  ---------------

Threads class SMR info:
_java_thread_list=0x0000026358a085a0, length=19, elements={
0x0000026371c8f360, 0x000002637f5c7700, 0x000002637f5c8420, 0x000002637f5cbdd0,
0x000002637f5cc830, 0x000002637f5cda30, 0x000002637f5cee90, 0x000002637f5d62d0,
0x000002637f602450, 0x00000263562573a0, 0x0000026356260860, 0x0000026356810f40,
0x0000026356ca5680, 0x00000263593cc620, 0x00000263593ccc90, 0x00000263595e9ab0,
0x00000263595e8d90, 0x00000263595eae60, 0x00000263595e9420
}

Java Threads: ( => current thread )
  0x0000026371c8f360 JavaThread "main"                              [_thread_in_native, id=18832, stack(0x000000f9b0600000,0x000000f9b0700000) (1024K)]
  0x000002637f5c7700 JavaThread "Reference Handler"          daemon [_thread_blocked, id=2576, stack(0x000000f9b0e00000,0x000000f9b0f00000) (1024K)]
  0x000002637f5c8420 JavaThread "Finalizer"                  daemon [_thread_blocked, id=19216, stack(0x000000f9b0f00000,0x000000f9b1000000) (1024K)]
  0x000002637f5cbdd0 JavaThread "Signal Dispatcher"          daemon [_thread_blocked, id=2548, stack(0x000000f9b1000000,0x000000f9b1100000) (1024K)]
  0x000002637f5cc830 JavaThread "Attach Listener"            daemon [_thread_blocked, id=3324, stack(0x000000f9b1100000,0x000000f9b1200000) (1024K)]
  0x000002637f5cda30 JavaThread "Service Thread"             daemon [_thread_blocked, id=19916, stack(0x000000f9b1200000,0x000000f9b1300000) (1024K)]
  0x000002637f5cee90 JavaThread "Monitor Deflation Thread"   daemon [_thread_blocked, id=22848, stack(0x000000f9b1300000,0x000000f9b1400000) (1024K)]
  0x000002637f5d62d0 JavaThread "C2 CompilerThread0"         daemon [_thread_in_native, id=12200, stack(0x000000f9b1400000,0x000000f9b1500000) (1024K)]
  0x000002637f602450 JavaThread "C1 CompilerThread0"         daemon [_thread_blocked, id=13112, stack(0x000000f9b1500000,0x000000f9b1600000) (1024K)]
  0x00000263562573a0 JavaThread "Notification Thread"        daemon [_thread_blocked, id=20204, stack(0x000000f9b1600000,0x000000f9b1700000) (1024K)]
  0x0000026356260860 JavaThread "Common-Cleaner"             daemon [_thread_blocked, id=23728, stack(0x000000f9b1700000,0x000000f9b1800000) (1024K)]
=>0x0000026356810f40 JavaThread "C2 CompilerThread1"         daemon [_thread_in_native, id=4328, stack(0x000000f9b1800000,0x000000f9b1900000) (1024K)]
  0x0000026356ca5680 JavaThread "Thread-1"                   daemon [_thread_blocked, id=15512, stack(0x000000f9b2200000,0x000000f9b2300000) (1024K)]
  0x00000263593cc620 JavaThread "timeout-check-timer"        daemon [_thread_blocked, id=11584, stack(0x000000f9b2500000,0x000000f9b2600000) (1024K)]
  0x00000263593ccc90 JavaThread "ping-timer-10s"             daemon [_thread_blocked, id=21684, stack(0x000000f9b2600000,0x000000f9b2700000) (1024K)]
  0x00000263595e9ab0 JavaThread "ThreadedStreamConsumer"     daemon [_thread_blocked, id=10020, stack(0x000000f9b2700000,0x000000f9b2800000) (1024K)]
  0x00000263595e8d90 JavaThread "fork-1-err-thread"          daemon [_thread_in_native, id=19744, stack(0x000000f9b2800000,0x000000f9b2900000) (1024K)]
  0x00000263595eae60 JavaThread "commands-fork-1"            daemon [_thread_blocked, id=21420, stack(0x000000f9b2900000,0x000000f9b2a00000) (1024K)]
  0x00000263595e9420 JavaThread "fork-1-event-thread"        daemon [_thread_in_native, id=9176, stack(0x000000f9b2a00000,0x000000f9b2b00000) (1024K)]
Total: 19

Other Threads:
  0x000002637f5aee40 VMThread "VM Thread"                           [id=12272, stack(0x000000f9b0d00000,0x000000f9b0e00000) (1024K)]
  0x000002637f593ef0 WatcherThread "VM Periodic Task Thread"        [id=10784, stack(0x000000f9b0c00000,0x000000f9b0d00000) (1024K)]
  0x0000026371cde9b0 WorkerThread "GC Thread#0"                     [id=9776, stack(0x000000f9b0700000,0x000000f9b0800000) (1024K)]
  0x000002635715acf0 WorkerThread "GC Thread#1"                     [id=10272, stack(0x000000f9b1900000,0x000000f9b1a00000) (1024K)]
  0x0000026356c83fc0 WorkerThread "GC Thread#2"                     [id=17440, stack(0x000000f9b1a00000,0x000000f9b1b00000) (1024K)]
  0x000002635710a9c0 WorkerThread "GC Thread#3"                     [id=15752, stack(0x000000f9b1b00000,0x000000f9b1c00000) (1024K)]
  0x000002635710e260 WorkerThread "GC Thread#4"                     [id=7464, stack(0x000000f9b1c00000,0x000000f9b1d00000) (1024K)]
  0x000002635710ea20 WorkerThread "GC Thread#5"                     [id=21456, stack(0x000000f9b1d00000,0x000000f9b1e00000) (1024K)]
  0x0000026357110de0 WorkerThread "GC Thread#6"                     [id=18004, stack(0x000000f9b1e00000,0x000000f9b1f00000) (1024K)]
  0x0000026357111190 WorkerThread "GC Thread#7"                     [id=22184, stack(0x000000f9b1f00000,0x000000f9b2000000) (1024K)]
  0x0000026356dbefc0 WorkerThread "GC Thread#8"                     [id=13052, stack(0x000000f9b2000000,0x000000f9b2100000) (1024K)]
  0x0000026356dc6800 WorkerThread "GC Thread#9"                     [id=3788, stack(0x000000f9b2100000,0x000000f9b2200000) (1024K)]
  0x0000026371ceee70 ConcurrentGCThread "G1 Main Marker"            [id=13608, stack(0x000000f9b0800000,0x000000f9b0900000) (1024K)]
  0x0000026371cef980 WorkerThread "G1 Conc#0"                       [id=14124, stack(0x000000f9b0900000,0x000000f9b0a00000) (1024K)]
  0x0000026358052e50 WorkerThread "G1 Conc#1"                       [id=14268, stack(0x000000f9b2300000,0x000000f9b2400000) (1024K)]
  0x0000026358053200 WorkerThread "G1 Conc#2"                       [id=17180, stack(0x000000f9b2400000,0x000000f9b2500000) (1024K)]
  0x0000026371d4eb80 ConcurrentGCThread "G1 Refine#0"               [id=23364, stack(0x000000f9b0a00000,0x000000f9b0b00000) (1024K)]
  0x000002637f464cd0 ConcurrentGCThread "G1 Service"                [id=21004, stack(0x000000f9b0b00000,0x000000f9b0c00000) (1024K)]
Total: 18

Threads with active compile tasks:
C2 CompilerThread0  5863 7599       4       org.apache.maven.model.inheritance.DefaultInheritanceAssembler$InheritanceModelMerger::mergePluginContainer_Plugins (433 bytes)
C2 CompilerThread1  5863 7622   !   4       java.lang.ClassLoader::loadClass (121 bytes)
Total: 2

VM state: not at safepoint (normal execution)

VM Mutex/Monitor currently owned by a thread: None

Heap address: 0x000000008a400000, size: 1884 MB, Compressed Oops mode: 32-bit

CDS archive(s) mapped at: [0x0000026311000000-0x0000026311c60000-0x0000026311c60000), size 12976128, SharedBaseAddress: 0x0000026311000000, ArchiveRelocationMode: 1.
Compressed class space mapped at: 0x0000026312000000-0x0000026352000000, reserved size: 1073741824
Narrow klass base: 0x0000026311000000, Narrow klass shift: 0, Narrow klass range: 0x41000000

GC Precious Log:
 CardTable entry size: 512
 Card Set container configuration: InlinePtr #cards 5 size 8 Array Of Cards #cards 12 size 40 Howl #buckets 4 coarsen threshold 1843 Howl Bitmap #cards 512 size 80 coarsen threshold 460 Card regions per heap region 1 cards per card region 2048
 CPUs: 12 total, 12 available
 Memory: 7532M
 Large Page Support: Disabled
 NUMA Support: Disabled
 Compressed Oops: Enabled (32-bit)
 Heap Region Size: 1M
 Heap Min Capacity: 8M
 Heap Initial Capacity: 118M
 Heap Max Capacity: 1884M
 Pre-touch: Disabled
 Parallel Workers: 10
 Concurrent Workers: 3
 Concurrent Refinement Workers: 10
 Periodic GC: Disabled

Heap:
 garbage-first heap   total reserved 1929216K, committed 135168K, used 62464K [0x000000008a400000, 0x0000000100000000)
  region size 1024K, 5 young (5120K), 3 survivors (3072K)
 Metaspace       used 34502K, committed 35008K, reserved 1114112K
  class space    used 4041K, committed 4288K, reserved 1048576K

Heap Regions: E=young(eden), S=young(survivor), O=old, HS=humongous(starts), HC=humongous(continues), CS=collection set, F=free, TAMS=top-at-mark-start, PB=parsable bottom
|   0|0x000000008a400000, 0x000000008a500000, 0x000000008a500000|100%| O|  |TAMS 0x000000008a400000| PB 0x000000008a400000| Untracked |  0
|   1|0x000000008a500000, 0x000000008a600000, 0x000000008a600000|100%| O|  |TAMS 0x000000008a500000| PB 0x000000008a500000| Untracked |  0
|   2|0x000000008a600000, 0x000000008a700000, 0x000000008a700000|100%| O|  |TAMS 0x000000008a600000| PB 0x000000008a600000| Untracked |  0
|   3|0x000000008a700000, 0x000000008a800000, 0x000000008a800000|100%| O|  |TAMS 0x000000008a700000| PB 0x000000008a700000| Untracked |  0
|   4|0x000000008a800000, 0x000000008a900000, 0x000000008a900000|100%| O|  |TAMS 0x000000008a800000| PB 0x000000008a800000| Untracked |  0
|   5|0x000000008a900000, 0x000000008aa00000, 0x000000008aa00000|100%| O|  |TAMS 0x000000008a900000| PB 0x000000008a900000| Untracked |  0
|   6|0x000000008aa00000, 0x000000008ab00000, 0x000000008ab00000|100%| O|  |TAMS 0x000000008aa00000| PB 0x000000008aa00000| Untracked |  0
|   7|0x000000008ab00000, 0x000000008ac00000, 0x000000008ac00000|100%| O|  |TAMS 0x000000008ab00000| PB 0x000000008ab00000| Untracked |  0
|   8|0x000000008ac00000, 0x000000008ad00000, 0x000000008ad00000|100%| O|  |TAMS 0x000000008ac00000| PB 0x000000008ac00000| Untracked |  0
|   9|0x000000008ad00000, 0x000000008ae00000, 0x000000008ae00000|100%| O|  |TAMS 0x000000008ad00000| PB 0x000000008ad00000| Untracked |  0
|  10|0x000000008ae00000, 0x000000008af00000, 0x000000008af00000|100%| O|  |TAMS 0x000000008ae00000| PB 0x000000008ae00000| Untracked |  0
|  11|0x000000008af00000, 0x000000008b000000, 0x000000008b000000|100%| O|  |TAMS 0x000000008af00000| PB 0x000000008af00000| Untracked |  0
|  12|0x000000008b000000, 0x000000008b100000, 0x000000008b100000|100%| O|  |TAMS 0x000000008b000000| PB 0x000000008b000000| Untracked |  0
|  13|0x000000008b100000, 0x000000008b200000, 0x000000008b200000|100%|HS|  |TAMS 0x000000008b100000| PB 0x000000008b100000| Complete |  0
|  14|0x000000008b200000, 0x000000008b300000, 0x000000008b300000|100%|HS|  |TAMS 0x000000008b200000| PB 0x000000008b200000| Complete |  0
|  15|0x000000008b300000, 0x000000008b400000, 0x000000008b400000|100%| O|  |TAMS 0x000000008b300000| PB 0x000000008b300000| Untracked |  0
|  16|0x000000008b400000, 0x000000008b500000, 0x000000008b500000|100%| O|  |TAMS 0x000000008b400000| PB 0x000000008b400000| Untracked |  0
|  17|0x000000008b500000, 0x000000008b600000, 0x000000008b600000|100%|HS|  |TAMS 0x000000008b500000| PB 0x000000008b500000| Complete |  0
|  18|0x000000008b600000, 0x000000008b700000, 0x000000008b700000|100%|HC|  |TAMS 0x000000008b600000| PB 0x000000008b600000| Complete |  0
|  19|0x000000008b700000, 0x000000008b800000, 0x000000008b800000|100%|HS|  |TAMS 0x000000008b700000| PB 0x000000008b700000| Complete |  0
|  20|0x000000008b800000, 0x000000008b900000, 0x000000008b900000|100%|HS|  |TAMS 0x000000008b800000| PB 0x000000008b800000| Complete |  0
|  21|0x000000008b900000, 0x000000008ba00000, 0x000000008ba00000|100%|HC|  |TAMS 0x000000008b900000| PB 0x000000008b900000| Complete |  0
|  22|0x000000008ba00000, 0x000000008ba00000, 0x000000008bb00000|  0%| F|  |TAMS 0x000000008ba00000| PB 0x000000008ba00000| Untracked |  0
|  23|0x000000008bb00000, 0x000000008bb00000, 0x000000008bc00000|  0%| F|  |TAMS 0x000000008bb00000| PB 0x000000008bb00000| Untracked |  0
|  24|0x000000008bc00000, 0x000000008bd00000, 0x000000008bd00000|100%| O|  |TAMS 0x000000008bc00000| PB 0x000000008bc00000| Untracked |  0
|  25|0x000000008bd00000, 0x000000008be00000, 0x000000008be00000|100%| O|  |TAMS 0x000000008bd00000| PB 0x000000008bd00000| Untracked |  0
|  26|0x000000008be00000, 0x000000008bf00000, 0x000000008bf00000|100%| O|  |TAMS 0x000000008be00000| PB 0x000000008be00000| Untracked |  0
|  27|0x000000008bf00000, 0x000000008c000000, 0x000000008c000000|100%| O|  |TAMS 0x000000008bf00000| PB 0x000000008bf00000| Untracked |  0
|  28|0x000000008c000000, 0x000000008c100000, 0x000000008c100000|100%| O|  |TAMS 0x000000008c000000| PB 0x000000008c000000| Untracked |  0
|  29|0x000000008c100000, 0x000000008c200000, 0x000000008c200000|100%| O|  |TAMS 0x000000008c100000| PB 0x000000008c100000| Untracked |  0
|  30|0x000000008c200000, 0x000000008c300000, 0x000000008c300000|100%| O|  |TAMS 0x000000008c200000| PB 0x000000008c200000| Untracked |  0
|  31|0x000000008c300000, 0x000000008c400000, 0x000000008c400000|100%| O|  |TAMS 0x000000008c300000| PB 0x000000008c300000| Untracked |  0
|  32|0x000000008c400000, 0x000000008c500000, 0x000000008c500000|100%| O|  |TAMS 0x000000008c400000| PB 0x000000008c400000| Untracked |  0
|  33|0x000000008c500000, 0x000000008c600000, 0x000000008c600000|100%| O|  |TAMS 0x000000008c500000| PB 0x000000008c500000| Untracked |  0
|  34|0x000000008c600000, 0x000000008c700000, 0x000000008c700000|100%| O|  |TAMS 0x000000008c600000| PB 0x000000008c600000| Untracked |  0
|  35|0x000000008c700000, 0x000000008c800000, 0x000000008c800000|100%| O|  |TAMS 0x000000008c700000| PB 0x000000008c700000| Untracked |  0
|  36|0x000000008c800000, 0x000000008c900000, 0x000000008c900000|100%| O|  |TAMS 0x000000008c800000| PB 0x000000008c800000| Untracked |  0
|  37|0x000000008c900000, 0x000000008ca00000, 0x000000008ca00000|100%| O|  |TAMS 0x000000008c900000| PB 0x000000008c900000| Untracked |  0
|  38|0x000000008ca00000, 0x000000008cb00000, 0x000000008cb00000|100%| O|  |TAMS 0x000000008ca00000| PB 0x000000008ca00000| Untracked |  0
|  39|0x000000008cb00000, 0x000000008cc00000, 0x000000008cc00000|100%| O|  |TAMS 0x000000008cb00000| PB 0x000000008cb00000| Untracked |  0
|  40|0x000000008cc00000, 0x000000008cd00000, 0x000000008cd00000|100%| O|  |TAMS 0x000000008cc00000| PB 0x000000008cc00000| Untracked |  0
|  41|0x000000008cd00000, 0x000000008ce00000, 0x000000008ce00000|100%| O|  |TAMS 0x000000008cd00000| PB 0x000000008cd00000| Untracked |  0
|  42|0x000000008ce00000, 0x000000008ce00000, 0x000000008cf00000|  0%| F|  |TAMS 0x000000008ce00000| PB 0x000000008ce00000| Untracked |  0
|  43|0x000000008cf00000, 0x000000008cf00000, 0x000000008d000000|  0%| F|  |TAMS 0x000000008cf00000| PB 0x000000008cf00000| Untracked |  0
|  44|0x000000008d000000, 0x000000008d000000, 0x000000008d100000|  0%| F|  |TAMS 0x000000008d000000| PB 0x000000008d000000| Untracked |  0
|  45|0x000000008d100000, 0x000000008d100000, 0x000000008d200000|  0%| F|  |TAMS 0x000000008d100000| PB 0x000000008d100000| Untracked |  0
|  46|0x000000008d200000, 0x000000008d200000, 0x000000008d300000|  0%| F|  |TAMS 0x000000008d200000| PB 0x000000008d200000| Untracked |  0
|  47|0x000000008d300000, 0x000000008d400000, 0x000000008d400000|100%| O|  |TAMS 0x000000008d300000| PB 0x000000008d300000| Untracked |  0
|  48|0x000000008d400000, 0x000000008d500000, 0x000000008d500000|100%| O|  |TAMS 0x000000008d400000| PB 0x000000008d400000| Untracked |  0
|  49|0x000000008d500000, 0x000000008d600000, 0x000000008d600000|100%| O|  |TAMS 0x000000008d500000| PB 0x000000008d500000| Untracked |  0
|  50|0x000000008d600000, 0x000000008d600000, 0x000000008d700000|  0%| F|  |TAMS 0x000000008d600000| PB 0x000000008d600000| Untracked |  0
|  51|0x000000008d700000, 0x000000008d700000, 0x000000008d800000|  0%| F|  |TAMS 0x000000008d700000| PB 0x000000008d700000| Untracked |  0
|  52|0x000000008d800000, 0x000000008d800000, 0x000000008d900000|  0%| F|  |TAMS 0x000000008d800000| PB 0x000000008d800000| Untracked |  0
|  53|0x000000008d900000, 0x000000008d900000, 0x000000008da00000|  0%| F|  |TAMS 0x000000008d900000| PB 0x000000008d900000| Untracked |  0
|  54|0x000000008da00000, 0x000000008da00000, 0x000000008db00000|  0%| F|  |TAMS 0x000000008da00000| PB 0x000000008da00000| Untracked |  0
|  55|0x000000008db00000, 0x000000008db00000, 0x000000008dc00000|  0%| F|  |TAMS 0x000000008db00000| PB 0x000000008db00000| Untracked |  0
|  56|0x000000008dc00000, 0x000000008dc00000, 0x000000008dd00000|  0%| F|  |TAMS 0x000000008dc00000| PB 0x000000008dc00000| Untracked |  0
|  57|0x000000008dd00000, 0x000000008dd00000, 0x000000008de00000|  0%| F|  |TAMS 0x000000008dd00000| PB 0x000000008dd00000| Untracked |  0
|  58|0x000000008de00000, 0x000000008de00000, 0x000000008df00000|  0%| F|  |TAMS 0x000000008de00000| PB 0x000000008de00000| Untracked |  0
|  59|0x000000008df00000, 0x000000008df00000, 0x000000008e000000|  0%| F|  |TAMS 0x000000008df00000| PB 0x000000008df00000| Untracked |  0
|  60|0x000000008e000000, 0x000000008e000000, 0x000000008e100000|  0%| F|  |TAMS 0x000000008e000000| PB 0x000000008e000000| Untracked |  0
|  61|0x000000008e100000, 0x000000008e100000, 0x000000008e200000|  0%| F|  |TAMS 0x000000008e100000| PB 0x000000008e100000| Untracked |  0
|  62|0x000000008e200000, 0x000000008e200000, 0x000000008e300000|  0%| F|  |TAMS 0x000000008e200000| PB 0x000000008e200000| Untracked |  0
|  63|0x000000008e300000, 0x000000008e300000, 0x000000008e400000|  0%| F|  |TAMS 0x000000008e300000| PB 0x000000008e300000| Untracked |  0
|  64|0x000000008e400000, 0x000000008e400000, 0x000000008e500000|  0%| F|  |TAMS 0x000000008e400000| PB 0x000000008e400000| Untracked |  0
|  65|0x000000008e500000, 0x000000008e500000, 0x000000008e600000|  0%| F|  |TAMS 0x000000008e500000| PB 0x000000008e500000| Untracked |  0
|  66|0x000000008e600000, 0x000000008e600000, 0x000000008e700000|  0%| F|  |TAMS 0x000000008e600000| PB 0x000000008e600000| Untracked |  0
|  67|0x000000008e700000, 0x000000008e700000, 0x000000008e800000|  0%| F|  |TAMS 0x000000008e700000| PB 0x000000008e700000| Untracked |  0
|  68|0x000000008e800000, 0x000000008e800000, 0x000000008e900000|  0%| F|  |TAMS 0x000000008e800000| PB 0x000000008e800000| Untracked |  0
|  69|0x000000008e900000, 0x000000008e900000, 0x000000008ea00000|  0%| F|  |TAMS 0x000000008e900000| PB 0x000000008e900000| Untracked |  0
|  70|0x000000008ea00000, 0x000000008ea00000, 0x000000008eb00000|  0%| F|  |TAMS 0x000000008ea00000| PB 0x000000008ea00000| Untracked |  0
|  71|0x000000008eb00000, 0x000000008eb00000, 0x000000008ec00000|  0%| F|  |TAMS 0x000000008eb00000| PB 0x000000008eb00000| Untracked |  0
|  72|0x000000008ec00000, 0x000000008ed00000, 0x000000008ed00000|100%| S|CS|TAMS 0x000000008ec00000| PB 0x000000008ec00000| Complete |  0
|  73|0x000000008ed00000, 0x000000008ee00000, 0x000000008ee00000|100%| S|CS|TAMS 0x000000008ed00000| PB 0x000000008ed00000| Complete |  0
|  74|0x000000008ee00000, 0x000000008ef00000, 0x000000008ef00000|100%| S|CS|TAMS 0x000000008ee00000| PB 0x000000008ee00000| Complete |  0
|  75|0x000000008ef00000, 0x000000008ef00000, 0x000000008f000000|  0%| F|  |TAMS 0x000000008ef00000| PB 0x000000008ef00000| Untracked |  0
|  76|0x000000008f000000, 0x000000008f000000, 0x000000008f100000|  0%| F|  |TAMS 0x000000008f000000| PB 0x000000008f000000| Untracked |  0
|  77|0x000000008f100000, 0x000000008f100000, 0x000000008f200000|  0%| F|  |TAMS 0x000000008f100000| PB 0x000000008f100000| Untracked |  0
|  78|0x000000008f200000, 0x000000008f200000, 0x000000008f300000|  0%| F|  |TAMS 0x000000008f200000| PB 0x000000008f200000| Untracked |  0
|  79|0x000000008f300000, 0x000000008f300000, 0x000000008f400000|  0%| F|  |TAMS 0x000000008f300000| PB 0x000000008f300000| Untracked |  0
|  80|0x000000008f400000, 0x000000008f400000, 0x000000008f500000|  0%| F|  |TAMS 0x000000008f400000| PB 0x000000008f400000| Untracked |  0
|  81|0x000000008f500000, 0x000000008f500000, 0x000000008f600000|  0%| F|  |TAMS 0x000000008f500000| PB 0x000000008f500000| Untracked |  0
|  82|0x000000008f600000, 0x000000008f600000, 0x000000008f700000|  0%| F|  |TAMS 0x000000008f600000| PB 0x000000008f600000| Untracked |  0
|  83|0x000000008f700000, 0x000000008f700000, 0x000000008f800000|  0%| F|  |TAMS 0x000000008f700000| PB 0x000000008f700000| Untracked |  0
|  84|0x000000008f800000, 0x000000008f800000, 0x000000008f900000|  0%| F|  |TAMS 0x000000008f800000| PB 0x000000008f800000| Untracked |  0
|  85|0x000000008f900000, 0x000000008f900000, 0x000000008fa00000|  0%| F|  |TAMS 0x000000008f900000| PB 0x000000008f900000| Untracked |  0
|  86|0x000000008fa00000, 0x000000008fa00000, 0x000000008fb00000|  0%| F|  |TAMS 0x000000008fa00000| PB 0x000000008fa00000| Untracked |  0
|  87|0x000000008fb00000, 0x000000008fb00000, 0x000000008fc00000|  0%| F|  |TAMS 0x000000008fb00000| PB 0x000000008fb00000| Untracked |  0
|  88|0x000000008fc00000, 0x000000008fc00000, 0x000000008fd00000|  0%| F|  |TAMS 0x000000008fc00000| PB 0x000000008fc00000| Untracked |  0
|  89|0x000000008fd00000, 0x000000008fd00000, 0x000000008fe00000|  0%| F|  |TAMS 0x000000008fd00000| PB 0x000000008fd00000| Untracked |  0
|  90|0x000000008fe00000, 0x000000008fe00000, 0x000000008ff00000|  0%| F|  |TAMS 0x000000008fe00000| PB 0x000000008fe00000| Untracked |  0
|  91|0x000000008ff00000, 0x000000008ff00000, 0x0000000090000000|  0%| F|  |TAMS 0x000000008ff00000| PB 0x000000008ff00000| Untracked |  0
|  92|0x0000000090000000, 0x0000000090000000, 0x0000000090100000|  0%| F|  |TAMS 0x0000000090000000| PB 0x0000000090000000| Untracked |  0
|  93|0x0000000090100000, 0x0000000090100000, 0x0000000090200000|  0%| F|  |TAMS 0x0000000090100000| PB 0x0000000090100000| Untracked |  0
|  94|0x0000000090200000, 0x0000000090200000, 0x0000000090300000|  0%| F|  |TAMS 0x0000000090200000| PB 0x0000000090200000| Untracked |  0
|  95|0x0000000090300000, 0x0000000090300000, 0x0000000090400000|  0%| F|  |TAMS 0x0000000090300000| PB 0x0000000090300000| Untracked |  0
|  96|0x0000000090400000, 0x0000000090400000, 0x0000000090500000|  0%| F|  |TAMS 0x0000000090400000| PB 0x0000000090400000| Untracked |  0
|  97|0x0000000090500000, 0x0000000090500000, 0x0000000090600000|  0%| F|  |TAMS 0x0000000090500000| PB 0x0000000090500000| Untracked |  0
|  98|0x0000000090600000, 0x0000000090600000, 0x0000000090700000|  0%| F|  |TAMS 0x0000000090600000| PB 0x0000000090600000| Untracked |  0
|  99|0x0000000090700000, 0x0000000090700000, 0x0000000090800000|  0%| F|  |TAMS 0x0000000090700000| PB 0x0000000090700000| Untracked |  0
| 100|0x0000000090800000, 0x0000000090800000, 0x0000000090900000|  0%| F|  |TAMS 0x0000000090800000| PB 0x0000000090800000| Untracked |  0
| 101|0x0000000090900000, 0x0000000090900000, 0x0000000090a00000|  0%| F|  |TAMS 0x0000000090900000| PB 0x0000000090900000| Untracked |  0
| 102|0x0000000090a00000, 0x0000000090a00000, 0x0000000090b00000|  0%| F|  |TAMS 0x0000000090a00000| PB 0x0000000090a00000| Untracked |  0
| 103|0x0000000090b00000, 0x0000000090b00000, 0x0000000090c00000|  0%| F|  |TAMS 0x0000000090b00000| PB 0x0000000090b00000| Untracked |  0
| 104|0x0000000090c00000, 0x0000000090c00000, 0x0000000090d00000|  0%| F|  |TAMS 0x0000000090c00000| PB 0x0000000090c00000| Untracked |  0
| 105|0x0000000090d00000, 0x0000000090d00000, 0x0000000090e00000|  0%| F|  |TAMS 0x0000000090d00000| PB 0x0000000090d00000| Untracked |  0
| 106|0x0000000090e00000, 0x0000000090e00000, 0x0000000090f00000|  0%| F|  |TAMS 0x0000000090e00000| PB 0x0000000090e00000| Untracked |  0
| 107|0x0000000090f00000, 0x0000000090f00000, 0x0000000091000000|  0%| F|  |TAMS 0x0000000090f00000| PB 0x0000000090f00000| Untracked |  0
| 108|0x0000000091000000, 0x0000000091000000, 0x0000000091100000|  0%| F|  |TAMS 0x0000000091000000| PB 0x0000000091000000| Untracked |  0
| 109|0x0000000091100000, 0x0000000091100000, 0x0000000091200000|  0%| F|  |TAMS 0x0000000091100000| PB 0x0000000091100000| Untracked |  0
| 110|0x0000000091200000, 0x0000000091200000, 0x0000000091300000|  0%| F|  |TAMS 0x0000000091200000| PB 0x0000000091200000| Untracked |  0
| 111|0x0000000091300000, 0x0000000091300000, 0x0000000091400000|  0%| F|  |TAMS 0x0000000091300000| PB 0x0000000091300000| Untracked |  0
| 112|0x0000000091400000, 0x0000000091400000, 0x0000000091500000|  0%| F|  |TAMS 0x0000000091400000| PB 0x0000000091400000| Untracked |  0
| 113|0x0000000091500000, 0x0000000091500000, 0x0000000091600000|  0%| F|  |TAMS 0x0000000091500000| PB 0x0000000091500000| Untracked |  0
| 114|0x0000000091600000, 0x0000000091600000, 0x0000000091700000|  0%| F|  |TAMS 0x0000000091600000| PB 0x0000000091600000| Untracked |  0
| 115|0x0000000091700000, 0x0000000091700000, 0x0000000091800000|  0%| F|  |TAMS 0x0000000091700000| PB 0x0000000091700000| Untracked |  0
| 116|0x0000000091800000, 0x000000009185b290, 0x0000000091900000| 35%| E|  |TAMS 0x0000000091800000| PB 0x0000000091800000| Complete |  0
| 117|0x0000000091900000, 0x0000000091a00000, 0x0000000091a00000|100%| E|CS|TAMS 0x0000000091900000| PB 0x0000000091900000| Complete |  0
|1870|0x00000000ff200000, 0x00000000ff300000, 0x00000000ff300000|100%| O|  |TAMS 0x00000000ff200000| PB 0x00000000ff200000| Untracked |  0
|1871|0x00000000ff300000, 0x00000000ff400000, 0x00000000ff400000|100%| O|  |TAMS 0x00000000ff300000| PB 0x00000000ff300000| Untracked |  0
|1872|0x00000000ff400000, 0x00000000ff500000, 0x00000000ff500000|100%| O|  |TAMS 0x00000000ff400000| PB 0x00000000ff400000| Untracked |  0
|1873|0x00000000ff500000, 0x00000000ff600000, 0x00000000ff600000|100%| O|  |TAMS 0x00000000ff500000| PB 0x00000000ff500000| Untracked |  0
|1874|0x00000000ff600000, 0x00000000ff700000, 0x00000000ff700000|100%| O|  |TAMS 0x00000000ff600000| PB 0x00000000ff600000| Untracked |  0
|1875|0x00000000ff700000, 0x00000000ff800000, 0x00000000ff800000|100%| O|  |TAMS 0x00000000ff700000| PB 0x00000000ff700000| Untracked |  0
|1876|0x00000000ff800000, 0x00000000ff900000, 0x00000000ff900000|100%| O|  |TAMS 0x00000000ff800000| PB 0x00000000ff800000| Untracked |  0
|1877|0x00000000ff900000, 0x00000000ffa00000, 0x00000000ffa00000|100%| O|  |TAMS 0x00000000ff900000| PB 0x00000000ff900000| Untracked |  0
|1878|0x00000000ffa00000, 0x00000000ffb00000, 0x00000000ffb00000|100%| O|  |TAMS 0x00000000ffa00000| PB 0x00000000ffa00000| Untracked |  0
|1879|0x00000000ffb00000, 0x00000000ffc00000, 0x00000000ffc00000|100%| O|  |TAMS 0x00000000ffb00000| PB 0x00000000ffb00000| Untracked |  0
|1880|0x00000000ffc00000, 0x00000000ffd00000, 0x00000000ffd00000|100%| O|  |TAMS 0x00000000ffc00000| PB 0x00000000ffc00000| Untracked |  0
|1881|0x00000000ffd00000, 0x00000000ffe00000, 0x00000000ffe00000|100%| O|  |TAMS 0x00000000ffd00000| PB 0x00000000ffd00000| Untracked |  0
|1882|0x00000000ffe00000, 0x00000000fff00000, 0x00000000fff00000|100%| O|  |TAMS 0x00000000ffe00000| PB 0x00000000ffe00000| Untracked |  0
|1883|0x00000000fff00000, 0x0000000100000000, 0x0000000100000000|100%| O|  |TAMS 0x00000000fff00000| PB 0x00000000fff00000| Untracked |  0

Card table byte_map: [0x000002637c7e0000,0x000002637cb90000] _byte_map_base: 0x000002637c38e000

Marking Bits: (CMBitMap*) 0x0000026371cdf0c0
 Bits: [0x000002637cb90000, 0x000002637e900000)

Polling page: 0x0000026371d50000

Metaspace:

Usage:
  Non-class:     29.75 MB used.
      Class:      3.95 MB used.
       Both:     33.69 MB used.

Virtual space:
  Non-class space:       64.00 MB reserved,      30.00 MB ( 47%) committed,  1 nodes.
      Class space:        1.00 GB reserved,       4.19 MB ( <1%) committed,  1 nodes.
             Both:        1.06 GB reserved,      34.19 MB (  3%) committed. 

Chunk freelists:
   Non-Class:  1.75 MB
       Class:  11.64 MB
        Both:  13.39 MB

MaxMetaspaceSize: unlimited
CompressedClassSpaceSize: 1.00 GB
Initial GC threshold: 21.00 MB
Current GC threshold: 35.56 MB
CDS: on
 - commit_granule_bytes: 65536.
 - commit_granule_words: 8192.
 - virtual_space_node_default_size: 8388608.
 - enlarge_chunks_in_place: 1.
 - use_allocation_guard: 0.


Internal statistics:

num_allocs_failed_limit: 5.
num_arena_births: 466.
num_arena_deaths: 0.
num_vsnodes_births: 2.
num_vsnodes_deaths: 0.
num_space_committed: 547.
num_space_uncommitted: 0.
num_chunks_returned_to_freelist: 5.
num_chunks_taken_from_freelist: 1701.
num_chunk_merges: 5.
num_chunk_splits: 1214.
num_chunks_enlarged: 953.
num_inconsistent_stats: 0.

CodeHeap 'non-profiled nmethods': size=120000Kb used=4360Kb max_used=4360Kb free=115639Kb
 bounds [0x0000026307ad0000, 0x0000026307f20000, 0x000002630f000000]
CodeHeap 'profiled nmethods': size=120000Kb used=16584Kb max_used=16584Kb free=103416Kb
 bounds [0x0000026300000000, 0x0000026301040000, 0x0000026307530000]
CodeHeap 'non-nmethods': size=5760Kb used=1533Kb max_used=1533Kb free=4226Kb
 bounds [0x0000026307530000, 0x00000263077a0000, 0x0000026307ad0000]
 total_blobs=8314 nmethods=7713 adapters=505
 compilation: enabled
              stopped_count=0, restarted_count=0
 full_count=0

Compilation events (20 events):
Event: 5.712 Thread 0x000002637f602450 7727       2       java.lang.invoke.BoundMethodHandle::bindSingle (7 bytes)
Event: 5.713 Thread 0x000002637f602450 nmethod 7727 0x000002630102ef10 code [0x000002630102f0a0, 0x000002630102f1a0]
Event: 5.713 Thread 0x000002637f602450 7728       3       jdk.internal.loader.ClassLoaders::platformClassLoader (4 bytes)
Event: 5.713 Thread 0x000002637f602450 nmethod 7728 0x000002630102f290 code [0x000002630102f420, 0x000002630102f518]
Event: 5.733 Thread 0x000002637f602450 7729       2       java.nio.charset.CharsetDecoder::implReplaceWith (1 bytes)
Event: 5.733 Thread 0x000002637f602450 nmethod 7729 0x000002630102f590 code [0x000002630102f720, 0x000002630102f828]
Event: 5.734 Thread 0x000002637f602450 7730       2       java.util.Locale::equals (75 bytes)
Event: 5.734 Thread 0x000002637f602450 nmethod 7730 0x000002630102f890 code [0x000002630102fa80, 0x000002630102fdf0]
Event: 5.734 Thread 0x000002637f602450 7731       2       java.util.Locale::hashCode (41 bytes)
Event: 5.734 Thread 0x000002637f602450 nmethod 7731 0x000002630102ff90 code [0x0000026301030140, 0x00000263010302d8]
Event: 5.735 Thread 0x000002637f602450 7732       3       java.lang.String::getBytes (44 bytes)
Event: 5.736 Thread 0x000002637f602450 nmethod 7732 0x0000026301030410 code [0x00000263010305e0, 0x00000263010308e8]
Event: 5.736 Thread 0x000002637f602450 7733       3       java.lang.AbstractStringBuilder::append (45 bytes)
Event: 5.736 Thread 0x000002637f602450 nmethod 7733 0x0000026301030a10 code [0x0000026301030c20, 0x0000026301031148]
Event: 5.737 Thread 0x000002637f602450 7734   !   2       jdk.internal.misc.Blocker::begin (97 bytes)
Event: 5.737 Thread 0x000002637f602450 nmethod 7734 0x0000026301031390 code [0x0000026301031580, 0x0000026301031870]
Event: 5.737 Thread 0x000002637f602450 7735       2       jdk.internal.misc.Blocker::currentCarrierThread (9 bytes)
Event: 5.738 Thread 0x000002637f602450 nmethod 7735 0x0000026301031a10 code [0x0000026301031ba0, 0x0000026301031c90]
Event: 5.738 Thread 0x000002637f602450 7736       2       java.lang.System$2::currentCarrierThread (4 bytes)
Event: 5.738 Thread 0x000002637f602450 nmethod 7736 0x0000026301031d10 code [0x0000026301031ea0, 0x0000026301031fb0]

GC Heap History (18 events):
Event: 0.622 GC heap before
{Heap before GC invocations=0 (full 0):
 garbage-first heap   total reserved 1929216K, committed 120832K, used 23552K [0x000000008a400000, 0x0000000100000000)
  region size 1024K, 24 young (24576K), 0 survivors (0K)
 Metaspace       used 5638K, committed 5824K, reserved 1114112K
  class space    used 677K, committed 768K, reserved 1048576K
}
Event: 0.627 GC heap after
{Heap after GC invocations=1 (full 0):
 garbage-first heap   total reserved 1929216K, committed 120832K, used 3823K [0x000000008a400000, 0x0000000100000000)
  region size 1024K, 3 young (3072K), 3 survivors (3072K)
 Metaspace       used 5638K, committed 5824K, reserved 1114112K
  class space    used 677K, committed 768K, reserved 1048576K
}
Event: 1.084 GC heap before
{Heap before GC invocations=1 (full 0):
 garbage-first heap   total reserved 1929216K, committed 120832K, used 36591K [0x000000008a400000, 0x0000000100000000)
  region size 1024K, 36 young (36864K), 3 survivors (3072K)
 Metaspace       used 11026K, committed 11264K, reserved 1114112K
  class space    used 1347K, committed 1472K, reserved 1048576K
}
Event: 1.093 GC heap after
{Heap after GC invocations=2 (full 0):
 garbage-first heap   total reserved 1929216K, committed 120832K, used 6202K [0x000000008a400000, 0x0000000100000000)
  region size 1024K, 3 young (3072K), 3 survivors (3072K)
 Metaspace       used 11026K, committed 11264K, reserved 1114112K
  class space    used 1347K, committed 1472K, reserved 1048576K
}
Event: 1.950 GC heap before
{Heap before GC invocations=2 (full 0):
 garbage-first heap   total reserved 1929216K, committed 120832K, used 74810K [0x000000008a400000, 0x0000000100000000)
  region size 1024K, 70 young (71680K), 3 survivors (3072K)
 Metaspace       used 15601K, committed 15808K, reserved 1114112K
  class space    used 1873K, committed 1984K, reserved 1048576K
}
Event: 1.965 GC heap after
{Heap after GC invocations=3 (full 0):
 garbage-first heap   total reserved 1929216K, committed 120832K, used 13932K [0x000000008a400000, 0x0000000100000000)
  region size 1024K, 9 young (9216K), 9 survivors (9216K)
 Metaspace       used 15601K, committed 15808K, reserved 1114112K
  class space    used 1873K, committed 1984K, reserved 1048576K
}
Event: 2.871 GC heap before
{Heap before GC invocations=3 (full 0):
 garbage-first heap   total reserved 1929216K, committed 120832K, used 76396K [0x000000008a400000, 0x0000000100000000)
  region size 1024K, 70 young (71680K), 9 survivors (9216K)
 Metaspace       used 17550K, committed 17856K, reserved 1114112K
  class space    used 2037K, committed 2176K, reserved 1048576K
}
Event: 2.884 GC heap after
{Heap after GC invocations=4 (full 0):
 garbage-first heap   total reserved 1929216K, committed 120832K, used 17762K [0x000000008a400000, 0x0000000100000000)
  region size 1024K, 4 young (4096K), 4 survivors (4096K)
 Metaspace       used 17550K, committed 17856K, reserved 1114112K
  class space    used 2037K, committed 2176K, reserved 1048576K
}
Event: 3.242 GC heap before
{Heap before GC invocations=4 (full 0):
 garbage-first heap   total reserved 1929216K, committed 120832K, used 43362K [0x000000008a400000, 0x0000000100000000)
  region size 1024K, 26 young (26624K), 4 survivors (4096K)
 Metaspace       used 21227K, committed 21504K, reserved 1114112K
  class space    used 2521K, committed 2624K, reserved 1048576K
}
Event: 3.250 GC heap after
{Heap after GC invocations=5 (full 0):
 garbage-first heap   total reserved 1929216K, committed 120832K, used 25954K [0x000000008a400000, 0x0000000100000000)
  region size 1024K, 8 young (8192K), 8 survivors (8192K)
 Metaspace       used 21227K, committed 21504K, reserved 1114112K
  class space    used 2521K, committed 2624K, reserved 1048576K
}
Event: 3.988 GC heap before
{Heap before GC invocations=6 (full 0):
 garbage-first heap   total reserved 1929216K, committed 89088K, used 87394K [0x000000008a400000, 0x0000000100000000)
  region size 1024K, 67 young (68608K), 8 survivors (8192K)
 Metaspace       used 27127K, committed 27584K, reserved 1114112K
  class space    used 3175K, committed 3392K, reserved 1048576K
}
Event: 4.010 GC heap after
{Heap after GC invocations=7 (full 0):
 garbage-first heap   total reserved 1929216K, committed 135168K, used 41314K [0x000000008a400000, 0x0000000100000000)
  region size 1024K, 9 young (9216K), 9 survivors (9216K)
 Metaspace       used 27127K, committed 27584K, reserved 1114112K
  class space    used 3175K, committed 3392K, reserved 1048576K
}
Event: 4.753 GC heap before
{Heap before GC invocations=7 (full 0):
 garbage-first heap   total reserved 1929216K, committed 135168K, used 110946K [0x000000008a400000, 0x0000000100000000)
  region size 1024K, 71 young (72704K), 9 survivors (9216K)
 Metaspace       used 29984K, committed 30400K, reserved 1114112K
  class space    used 3550K, committed 3712K, reserved 1048576K
}
Event: 4.764 GC heap after
{Heap after GC invocations=8 (full 0):
 garbage-first heap   total reserved 1929216K, committed 135168K, used 50176K [0x000000008a400000, 0x0000000100000000)
  region size 1024K, 9 young (9216K), 9 survivors (9216K)
 Metaspace       used 29984K, committed 30400K, reserved 1114112K
  class space    used 3550K, committed 3712K, reserved 1048576K
}
Event: 5.169 GC heap before
{Heap before GC invocations=8 (full 0):
 garbage-first heap   total reserved 1929216K, committed 135168K, used 106496K [0x000000008a400000, 0x0000000100000000)
  region size 1024K, 63 young (64512K), 9 survivors (9216K)
 Metaspace       used 30971K, committed 31424K, reserved 1114112K
  class space    used 3665K, committed 3840K, reserved 1048576K
}
Event: 5.184 GC heap after
{Heap after GC invocations=9 (full 0):
 garbage-first heap   total reserved 1929216K, committed 135168K, used 64000K [0x000000008a400000, 0x0000000100000000)
  region size 1024K, 8 young (8192K), 8 survivors (8192K)
 Metaspace       used 30971K, committed 31424K, reserved 1114112K
  class space    used 3665K, committed 3840K, reserved 1048576K
}
Event: 5.728 GC heap before
{Heap before GC invocations=9 (full 0):
 garbage-first heap   total reserved 1929216K, committed 135168K, used 108032K [0x000000008a400000, 0x0000000100000000)
  region size 1024K, 51 young (52224K), 8 survivors (8192K)
 Metaspace       used 34423K, committed 35008K, reserved 1114112K
  class space    used 4021K, committed 4288K, reserved 1048576K
}
Event: 5.733 GC heap after
{Heap after GC invocations=10 (full 0):
 garbage-first heap   total reserved 1929216K, committed 135168K, used 61440K [0x000000008a400000, 0x0000000100000000)
  region size 1024K, 3 young (3072K), 3 survivors (3072K)
 Metaspace       used 34423K, committed 35008K, reserved 1114112K
  class space    used 4021K, committed 4288K, reserved 1048576K
}

Dll operation events (8 events):
Event: 0.020 Loaded shared library C:\Program Files\Java\jdk-22\bin\java.dll
Event: 0.086 Loaded shared library C:\Program Files\Java\jdk-22\bin\jsvml.dll
Event: 0.100 Loaded shared library C:\Program Files\Java\jdk-22\bin\net.dll
Event: 0.102 Loaded shared library C:\Program Files\Java\jdk-22\bin\nio.dll
Event: 0.106 Loaded shared library C:\Program Files\Java\jdk-22\bin\zip.dll
Event: 0.247 Loaded shared library C:\Program Files\Java\jdk-22\bin\jimage.dll
Event: 0.249 Loaded shared library C:\apache-maven-3.9.8\lib\jansi-native\Windows\x86_64\jansi.dll
Event: 0.262 Loaded shared library C:\Program Files\Java\jdk-22\bin\verify.dll

Deoptimization events (20 events):
Event: 5.734 Thread 0x00000263595e8d90 Uncommon trap: trap_request=0xffffff45 fr.pc=0x0000026307af868c relative=0x00000000000000ec
Event: 5.734 Thread 0x00000263595e8d90 Uncommon trap: reason=unstable_if action=reinterpret pc=0x0000026307af868c method=java.lang.String.getBytes([BIB)V @ 5 c2
Event: 5.734 Thread 0x00000263595e8d90 DEOPT PACKING pc=0x0000026307af868c sp=0x000000f9b28fece0
Event: 5.734 Thread 0x00000263595e8d90 DEOPT UNPACKING pc=0x00000263075846a2 sp=0x000000f9b28feca8 mode 2
Event: 5.734 Thread 0x00000263595e8d90 Uncommon trap: trap_request=0xffffff45 fr.pc=0x0000026307b6f230 relative=0x00000000000004f0
Event: 5.734 Thread 0x00000263595e8d90 Uncommon trap: reason=unstable_if action=reinterpret pc=0x0000026307b6f230 method=java.lang.String.<init>(Ljava/lang/AbstractStringBuilder;Ljava/lang/Void;)V @ 19 c2
Event: 5.734 Thread 0x00000263595e8d90 DEOPT PACKING pc=0x0000026307b6f230 sp=0x000000f9b28fee20
Event: 5.734 Thread 0x00000263595e8d90 DEOPT UNPACKING pc=0x00000263075846a2 sp=0x000000f9b28fed20 mode 2
Event: 5.734 Thread 0x00000263595e8d90 Uncommon trap: trap_request=0xffffff76 fr.pc=0x0000026307e69c58 relative=0x0000000000002618
Event: 5.734 Thread 0x00000263595e8d90 Uncommon trap: reason=predicate action=maybe_recompile pc=0x0000026307e69c58 method=java.util.regex.Pattern.compile()V @ 78 c2
Event: 5.734 Thread 0x00000263595e8d90 DEOPT PACKING pc=0x0000026307e69c58 sp=0x000000f9b28fee00
Event: 5.734 Thread 0x00000263595e8d90 DEOPT UNPACKING pc=0x00000263075846a2 sp=0x000000f9b28fedf0 mode 2
Event: 5.734 Thread 0x00000263595e8d90 Uncommon trap: trap_request=0xffffff45 fr.pc=0x0000026307c67964 relative=0x00000000000000c4
Event: 5.734 Thread 0x00000263595e8d90 Uncommon trap: reason=unstable_if action=reinterpret pc=0x0000026307c67964 method=java.lang.String.codePointAt(I)I @ 4 c2
Event: 5.734 Thread 0x00000263595e8d90 DEOPT PACKING pc=0x0000026307c67964 sp=0x000000f9b28fedf0
Event: 5.734 Thread 0x00000263595e8d90 DEOPT UNPACKING pc=0x00000263075846a2 sp=0x000000f9b28fed88 mode 2
Event: 5.735 Thread 0x00000263595e8d90 Uncommon trap: trap_request=0xffffffc6 fr.pc=0x0000026307d2a1bc relative=0x000000000000027c
Event: 5.735 Thread 0x00000263595e8d90 Uncommon trap: reason=bimorphic_or_optimized_type_check action=maybe_recompile pc=0x0000026307d2a1bc method=java.util.regex.Matcher.getTextLength()I @ 4 c2
Event: 5.735 Thread 0x00000263595e8d90 DEOPT PACKING pc=0x0000026307d2a1bc sp=0x000000f9b28fee90
Event: 5.735 Thread 0x00000263595e8d90 DEOPT UNPACKING pc=0x00000263075846a2 sp=0x000000f9b28fedc0 mode 2

Classes loaded (20 events):
Event: 5.712 Loading class jdk/internal/logger/LoggerFinderLoader
Event: 5.713 Loading class jdk/internal/logger/LoggerFinderLoader done
Event: 5.713 Loading class jdk/internal/logger/LoggerFinderLoader$TemporaryLoggerFinder
Event: 5.713 Loading class jdk/internal/logger/LoggerFinderLoader$TemporaryLoggerFinder done
Event: 5.713 Loading class sun/util/logging/internal/LoggingProviderImpl$JULWrapper
Event: 5.714 Loading class sun/util/logging/PlatformLogger$ConfigurableBridge$LoggerConfiguration
Event: 5.714 Loading class sun/util/logging/PlatformLogger$ConfigurableBridge$LoggerConfiguration done
Event: 5.714 Loading class sun/util/logging/internal/LoggingProviderImpl$JULWrapper done
Event: 5.714 Loading class java/lang/System$Logger$Level
Event: 5.714 Loading class java/lang/System$Logger$Level done
Event: 5.714 Loading class java/nio/channels/ClosedChannelException
Event: 5.714 Loading class java/nio/channels/ClosedChannelException done
Event: 5.715 Loading class java/nio/channels/NonReadableChannelException
Event: 5.715 Loading class java/nio/channels/NonReadableChannelException done
Event: 5.716 Loading class java/nio/channels/NonWritableChannelException
Event: 5.716 Loading class java/nio/channels/NonWritableChannelException done
Event: 5.726 Loading class java/util/Scanner
Event: 5.726 Loading class java/util/Scanner done
Event: 5.733 Loading class java/util/Scanner$PatternLRUCache
Event: 5.734 Loading class java/util/Scanner$PatternLRUCache done

Classes unloaded (0 events):
No events

Classes redefined (0 events):
No events

Internal exceptions (20 events):
Event: 5.258 Thread 0x0000026371c8f360 Exception <a 'sun/nio/fs/WindowsException'{0x000000009110fcb8}> (0x000000009110fcb8) 
thrown [s\open\src\hotspot\share\prims\jni.cpp, line 520]
Event: 5.258 Thread 0x0000026371c8f360 Exception <a 'sun/nio/fs/WindowsException'{0x0000000091110610}> (0x0000000091110610) 
thrown [s\open\src\hotspot\share\prims\jni.cpp, line 520]
Event: 5.258 Thread 0x0000026371c8f360 Exception <a 'sun/nio/fs/WindowsException'{0x0000000091111020}> (0x0000000091111020) 
thrown [s\open\src\hotspot\share\prims\jni.cpp, line 520]
Event: 5.259 Thread 0x0000026371c8f360 Exception <a 'sun/nio/fs/WindowsException'{0x0000000091134008}> (0x0000000091134008) 
thrown [s\open\src\hotspot\share\prims\jni.cpp, line 520]
Event: 5.259 Thread 0x0000026371c8f360 Exception <a 'sun/nio/fs/WindowsException'{0x0000000091134960}> (0x0000000091134960) 
thrown [s\open\src\hotspot\share\prims\jni.cpp, line 520]
Event: 5.259 Thread 0x0000026371c8f360 Exception <a 'sun/nio/fs/WindowsException'{0x0000000091135370}> (0x0000000091135370) 
thrown [s\open\src\hotspot\share\prims\jni.cpp, line 520]
Event: 5.262 Thread 0x0000026371c8f360 Exception <a 'sun/nio/fs/WindowsException'{0x00000000911ba510}> (0x00000000911ba510) 
thrown [s\open\src\hotspot\share\prims\jni.cpp, line 520]
Event: 5.264 Thread 0x0000026371c8f360 Exception <a 'sun/nio/fs/WindowsException'{0x00000000911d2a58}> (0x00000000911d2a58) 
thrown [s\open\src\hotspot\share\prims\jni.cpp, line 520]
Event: 5.266 Thread 0x0000026371c8f360 Exception <a 'sun/nio/fs/WindowsException'{0x00000000911ec070}> (0x00000000911ec070) 
thrown [s\open\src\hotspot\share\prims\jni.cpp, line 520]
Event: 5.266 Thread 0x0000026371c8f360 Exception <a 'sun/nio/fs/WindowsException'{0x00000000911ec788}> (0x00000000911ec788) 
thrown [s\open\src\hotspot\share\prims\jni.cpp, line 520]
Event: 5.266 Thread 0x0000026371c8f360 Exception <a 'sun/nio/fs/WindowsException'{0x00000000911ecd58}> (0x00000000911ecd58) 
thrown [s\open\src\hotspot\share\prims\jni.cpp, line 520]
Event: 5.266 Thread 0x0000026371c8f360 Exception <a 'sun/nio/fs/WindowsException'{0x00000000911ed448}> (0x00000000911ed448) 
thrown [s\open\src\hotspot\share\prims\jni.cpp, line 520]
Event: 5.266 Thread 0x0000026371c8f360 Exception <a 'sun/nio/fs/WindowsException'{0x00000000911edb18}> (0x00000000911edb18) 
thrown [s\open\src\hotspot\share\prims\jni.cpp, line 520]
Event: 5.497 Thread 0x00000263587f6850 Exception <a 'java/lang/NoSuchMethodError'{0x000000008fec1df0}: 'java.lang.Object java.lang.invoke.DirectMethodHandle$Holder.invokeStatic(java.lang.Object, long, java.lang.Object)'> (0x000000008fec1df0) 
thrown [s\open\src\hotspot\share\interpreter\linkResolver.cpp, line 774]
Event: 5.497 Thread 0x00000263587f6850 Exception <a 'java/lang/NoSuchMethodError'{0x000000008fec51c8}: 'java.lang.Object java.lang.invoke.DirectMethodHandle$Holder.invokeStaticInit(java.lang.Object, long, java.lang.Object)'> (0x000000008fec51c8) 
thrown [s\open\src\hotspot\share\interpreter\linkResolver.cpp, line 774]
Event: 5.497 Thread 0x00000263587f6850 Exception <a 'java/lang/NoSuchMethodError'{0x000000008feca6c0}: 'java.lang.Object java.lang.invoke.DirectMethodHandle$Holder.newInvokeSpecial(java.lang.Object, long)'> (0x000000008feca6c0) 
thrown [s\open\src\hotspot\share\interpreter\linkResolver.cpp, line 774]
Event: 5.499 Thread 0x00000263587f6850 Exception <a 'java/lang/NoSuchMethodError'{0x000000008fc04090}: 'long java.lang.invoke.DirectMethodHandle$Holder.invokeInterface(java.lang.Object, java.lang.Object)'> (0x000000008fc04090) 
thrown [s\open\src\hotspot\share\interpreter\linkResolver.cpp, line 774]
Event: 5.499 Thread 0x00000263587f6850 Exception <a 'java/lang/NoSuchMethodError'{0x000000008fc07578}: 'long java.lang.invoke.DelegatingMethodHandle$Holder.reinvoke_L(java.lang.Object, java.lang.Object)'> (0x000000008fc07578) 
thrown [s\open\src\hotspot\share\interpreter\linkResolver.cpp, line 774]
Event: 5.535 Thread 0x0000026371c8f360 Exception <a 'java/lang/NoSuchMethodError'{0x000000008fbe4370}: 'java.lang.Object java.lang.invoke.DirectMethodHandle$Holder.invokeStaticInit(java.lang.Object, java.lang.Object, int, int, int, int)'> (0x000000008fbe4370) 
thrown [s\open\src\hotspot\share\interpreter\linkResolver.cpp, line 774]
Event: 5.709 Thread 0x0000026371c8f360 Exception <a 'java/lang/NoSuchMethodError'{0x000000008f052320}: 'void java.lang.invoke.DirectMethodHandle$Holder.invokeStatic(java.lang.Object, long)'> (0x000000008f052320) 
thrown [s\open\src\hotspot\share\interpreter\linkResolver.cpp, line 774]

ZGC Phase Switch (0 events):
No events

VM Operations (20 events):
Event: 5.169 Executing VM operation: G1CollectForAllocation (G1 Evacuation Pause)
Event: 5.184 Executing VM operation: G1CollectForAllocation (G1 Evacuation Pause) done
Event: 5.478 Executing VM operation: ICBufferFull
Event: 5.478 Executing VM operation: ICBufferFull done
Event: 5.497 Executing VM operation: HandshakeAllThreads (Deoptimize)
Event: 5.497 Executing VM operation: HandshakeAllThreads (Deoptimize) done
Event: 5.523 Executing VM operation: HandshakeAllThreads (Deoptimize)
Event: 5.523 Executing VM operation: HandshakeAllThreads (Deoptimize) done
Event: 5.652 Executing VM operation: HandshakeAllThreads (Deoptimize)
Event: 5.652 Executing VM operation: HandshakeAllThreads (Deoptimize) done
Event: 5.658 Executing VM operation: HandshakeAllThreads (Deoptimize)
Event: 5.658 Executing VM operation: HandshakeAllThreads (Deoptimize) done
Event: 5.670 Executing VM operation: HandshakeAllThreads (Deoptimize)
Event: 5.670 Executing VM operation: HandshakeAllThreads (Deoptimize) done
Event: 5.671 Executing VM operation: HandshakeAllThreads (Deoptimize)
Event: 5.671 Executing VM operation: HandshakeAllThreads (Deoptimize) done
Event: 5.711 Executing VM operation: HandshakeAllThreads (Deoptimize)
Event: 5.711 Executing VM operation: HandshakeAllThreads (Deoptimize) done
Event: 5.728 Executing VM operation: G1CollectForAllocation (G1 Evacuation Pause)
Event: 5.733 Executing VM operation: G1CollectForAllocation (G1 Evacuation Pause) done

Events (20 events):
Event: 0.081 Thread 0x000002637f5cbdd0 Thread added: 0x000002637f5cbdd0
Event: 0.081 Thread 0x000002637f5cc830 Thread added: 0x000002637f5cc830
Event: 0.081 Thread 0x000002637f5cda30 Thread added: 0x000002637f5cda30
Event: 0.081 Thread 0x000002637f5cee90 Thread added: 0x000002637f5cee90
Event: 0.081 Thread 0x000002637f5d62d0 Thread added: 0x000002637f5d62d0
Event: 0.082 Thread 0x000002637f602450 Thread added: 0x000002637f602450
Event: 0.095 Thread 0x00000263562573a0 Thread added: 0x00000263562573a0
Event: 0.097 Thread 0x0000026356260860 Thread added: 0x0000026356260860
Event: 0.246 Thread 0x0000026356409b90 Thread added: 0x0000026356409b90
Event: 0.255 Thread 0x0000026356409b90 Thread exited: 0x0000026356409b90
Event: 0.402 Thread 0x0000026356810f40 Thread added: 0x0000026356810f40
Event: 1.331 Thread 0x0000026356ca5680 Thread added: 0x0000026356ca5680
Event: 5.483 Thread 0x00000263587f6850 Thread added: 0x00000263587f6850
Event: 5.500 Thread 0x00000263587f6850 Thread exited: 0x00000263587f6850
Event: 5.609 Thread 0x00000263593cc620 Thread added: 0x00000263593cc620
Event: 5.612 Thread 0x00000263593ccc90 Thread added: 0x00000263593ccc90
Event: 5.695 Thread 0x00000263595e9ab0 Thread added: 0x00000263595e9ab0
Event: 5.725 Thread 0x00000263595e8d90 Thread added: 0x00000263595e8d90
Event: 5.726 Thread 0x00000263595eae60 Thread added: 0x00000263595eae60
Event: 5.738 Thread 0x00000263595e9420 Thread added: 0x00000263595e9420


Dynamic libraries:
0x00007ff7a2440000 - 0x00007ff7a2450000 	C:\Program Files\Java\jdk-22\bin\java.exe
0x00007ffe03ab0000 - 0x00007ffe03cc7000 	C:\WINDOWS\SYSTEM32\ntdll.dll
0x00007ffe02050000 - 0x00007ffe02114000 	C:\WINDOWS\System32\KERNEL32.DLL
0x00007ffe00db0000 - 0x00007ffe01169000 	C:\WINDOWS\System32\KERNELBASE.dll
0x00007ffe015f0000 - 0x00007ffe01701000 	C:\WINDOWS\System32\ucrtbase.dll
0x00007ffde8a00000 - 0x00007ffde8a17000 	C:\Program Files\Java\jdk-22\bin\jli.dll
0x00007ffe01f70000 - 0x00007ffe02022000 	C:\WINDOWS\System32\ADVAPI32.dll
0x00007ffdd7410000 - 0x00007ffdd742b000 	C:\Program Files\Java\jdk-22\bin\VCRUNTIME140.dll
0x00007ffe03210000 - 0x00007ffe032b7000 	C:\WINDOWS\System32\msvcrt.dll
0x00007ffe032c0000 - 0x00007ffe03367000 	C:\WINDOWS\System32\sechost.dll
0x00007ffe01380000 - 0x00007ffe013a8000 	C:\WINDOWS\System32\bcrypt.dll
0x00007ffe038a0000 - 0x00007ffe039b4000 	C:\WINDOWS\System32\RPCRT4.dll
0x00007ffe01a60000 - 0x00007ffe01c0e000 	C:\WINDOWS\System32\USER32.dll
0x00007ffdefb70000 - 0x00007ffdefe02000 	C:\WINDOWS\WinSxS\amd64_microsoft.windows.common-controls_6595b64144ccf1df_6.0.22621.4391_none_2715d37f73803e96\COMCTL32.dll
0x00007ffe012e0000 - 0x00007ffe01306000 	C:\WINDOWS\System32\win32u.dll
0x00007ffe039c0000 - 0x00007ffe039e9000 	C:\WINDOWS\System32\GDI32.dll
0x00007ffe01450000 - 0x00007ffe0156b000 	C:\WINDOWS\System32\gdi32full.dll
0x00007ffe013b0000 - 0x00007ffe0144a000 	C:\WINDOWS\System32\msvcp_win.dll
0x00007ffdf9200000 - 0x00007ffdf920a000 	C:\WINDOWS\SYSTEM32\VERSION.dll
0x00007ffe01930000 - 0x00007ffe01961000 	C:\WINDOWS\System32\IMM32.DLL
0x00007ffdef1a0000 - 0x00007ffdef1ac000 	C:\Program Files\Java\jdk-22\bin\vcruntime140_1.dll
0x00007ffdabb30000 - 0x00007ffdabbbe000 	C:\Program Files\Java\jdk-22\bin\msvcp140.dll
0x00007ffd40940000 - 0x00007ffd41688000 	C:\Program Files\Java\jdk-22\bin\server\jvm.dll
0x00007ffe03530000 - 0x00007ffe035a1000 	C:\WINDOWS\System32\WS2_32.dll
0x00007ffe00c80000 - 0x00007ffe00ccd000 	C:\WINDOWS\SYSTEM32\POWRPROF.dll
0x00007ffdfc830000 - 0x00007ffdfc864000 	C:\WINDOWS\SYSTEM32\WINMM.dll
0x00007ffe00c60000 - 0x00007ffe00c73000 	C:\WINDOWS\SYSTEM32\UMPDC.dll
0x00007ffdffdb0000 - 0x00007ffdffdc8000 	C:\WINDOWS\SYSTEM32\kernel.appcore.dll
0x00007ffdef150000 - 0x00007ffdef15a000 	C:\Program Files\Java\jdk-22\bin\jimage.dll
0x00007ffdfe6e0000 - 0x00007ffdfe912000 	C:\WINDOWS\SYSTEM32\DBGHELP.DLL
0x00007ffe02e80000 - 0x00007ffe0320f000 	C:\WINDOWS\System32\combase.dll
0x00007ffe035b0000 - 0x00007ffe03687000 	C:\WINDOWS\System32\OLEAUT32.dll
0x00007ffdf4ba0000 - 0x00007ffdf4bd2000 	C:\WINDOWS\SYSTEM32\dbgcore.DLL
0x00007ffe01570000 - 0x00007ffe015eb000 	C:\WINDOWS\System32\bcryptPrimitives.dll
0x00007ffdd6580000 - 0x00007ffdd659e000 	C:\Program Files\Java\jdk-22\bin\java.dll
0x00007ffe02120000 - 0x00007ffe02996000 	C:\WINDOWS\System32\SHELL32.dll
0x00007ffe03370000 - 0x00007ffe03515000 	C:\WINDOWS\System32\ole32.dll
0x00007ffdfeca0000 - 0x00007ffdff5a3000 	C:\WINDOWS\SYSTEM32\windows.storage.dll
0x00007ffdfeb60000 - 0x00007ffdfec9f000 	C:\WINDOWS\SYSTEM32\wintypes.dll
0x00007ffe01c20000 - 0x00007ffe01d19000 	C:\WINDOWS\System32\SHCORE.dll
0x00007ffe018d0000 - 0x00007ffe0192e000 	C:\WINDOWS\System32\shlwapi.dll
0x00007ffe00ce0000 - 0x00007ffe00d0b000 	C:\WINDOWS\SYSTEM32\profapi.dll
0x00007ffd9d700000 - 0x00007ffd9d7d7000 	C:\Program Files\Java\jdk-22\bin\jsvml.dll
0x00007ffdef0d0000 - 0x00007ffdef0e0000 	C:\Program Files\Java\jdk-22\bin\net.dll
0x00007ffe00220000 - 0x00007ffe00289000 	C:\WINDOWS\system32\mswsock.dll
0x00007ffdd26c0000 - 0x00007ffdd26d6000 	C:\Program Files\Java\jdk-22\bin\nio.dll
0x00007ffdcfc10000 - 0x00007ffdcfc27000 	C:\Program Files\Java\jdk-22\bin\zip.dll
0x00007ffdbd4d0000 - 0x00007ffdbd4f4000 	C:\apache-maven-3.9.8\lib\jansi-native\Windows\x86_64\jansi.dll
0x00007ffde89f0000 - 0x00007ffde8a00000 	C:\Program Files\Java\jdk-22\bin\verify.dll
0x00007ffdffec0000 - 0x00007ffdffef4000 	C:\WINDOWS\SYSTEM32\ntmarta.dll
0x00007ffe00450000 - 0x00007ffe0046b000 	C:\WINDOWS\SYSTEM32\CRYPTSP.dll
0x00007ffdffd10000 - 0x00007ffdffd45000 	C:\WINDOWS\system32\rsaenh.dll
0x00007ffe002d0000 - 0x00007ffe002f8000 	C:\WINDOWS\SYSTEM32\USERENV.dll
0x00007ffe00470000 - 0x00007ffe0047c000 	C:\WINDOWS\SYSTEM32\CRYPTBASE.dll
0x00007ffdff850000 - 0x00007ffdff87d000 	C:\WINDOWS\SYSTEM32\IPHLPAPI.DLL
0x00007ffe03520000 - 0x00007ffe03529000 	C:\WINDOWS\System32\NSI.dll

dbghelp: loaded successfully - version: 4.0.5 - missing functions: none
symbol engine: initialized successfully - sym options: 0x614 - pdb path: .;C:\Program Files\Java\jdk-22\bin;C:\WINDOWS\SYSTEM32;C:\WINDOWS\WinSxS\amd64_microsoft.windows.common-controls_6595b64144ccf1df_6.0.22621.4391_none_2715d37f73803e96;C:\Program Files\Java\jdk-22\bin\server;C:\apache-maven-3.9.8\lib\jansi-native\Windows\x86_64

VM Arguments:
jvm_args: -Dclassworlds.conf=C:\apache-maven-3.9.8\bin\m2.conf -Dmaven.home=C:\apache-maven-3.9.8 -Dlibrary.jansi.path=C:\apache-maven-3.9.8\lib\jansi-native -Dmaven.multiModuleProjectDirectory=D:\VSCode\FruitMarket\demo 
java_command: org.codehaus.plexus.classworlds.launcher.Launcher clean package
java_class_path (initial): C:\apache-maven-3.9.8\boot\plexus-classworlds-2.8.0.jar
Launcher Type: SUN_STANDARD

[Global flags]
     intx CICompilerCount                          = 4                                         {product} {ergonomic}
     uint ConcGCThreads                            = 3                                         {product} {ergonomic}
     uint G1ConcRefinementThreads                  = 10                                        {product} {ergonomic}
   size_t G1HeapRegionSize                         = 1048576                                   {product} {ergonomic}
   size_t InitialHeapSize                          = 123731968                                 {product} {ergonomic}
   size_t MarkStackSize                            = 4194304                                   {product} {ergonomic}
   size_t MaxHeapSize                              = 1975517184                                {product} {ergonomic}
   size_t MaxNewSize                               = 1184890880                                {product} {ergonomic}
   size_t MinHeapDeltaBytes                        = 1048576                                   {product} {ergonomic}
   size_t MinHeapSize                              = 8388608                                   {product} {ergonomic}
    uintx NonNMethodCodeHeapSize                   = 5839372                                {pd product} {ergonomic}
    uintx NonProfiledCodeHeapSize                  = 122909434                              {pd product} {ergonomic}
    uintx ProfiledCodeHeapSize                     = 122909434                              {pd product} {ergonomic}
    uintx ReservedCodeCacheSize                    = 251658240                              {pd product} {ergonomic}
     bool SegmentedCodeCache                       = true                                      {product} {ergonomic}
   size_t SoftMaxHeapSize                          = 1975517184                             {manageable} {ergonomic}
     bool UseCompressedOops                        = true                           {product lp64_product} {ergonomic}
     bool UseG1GC                                  = true                                      {product} {ergonomic}
     bool UseLargePagesIndividualAllocation        = false                                  {pd product} {ergonomic}

Logging:
Log output configuration:
 #0: stdout all=warning uptime,level,tags foldmultilines=false
 #1: stderr all=off uptime,level,tags foldmultilines=false

Environment Variables:
JAVA_HOME=C:\Program Files\Java\jdk-22
PATH=C:\Program Files\Common Files\Oracle\Java\javapath;C:\Program Files (x86)\Common Files\Oracle\Java\java8path;C:\Program Files (x86)\Common Files\Oracle\Java\javapath;C:\ProgramData\Oracle\Java\javapath;C:\Windows\system32;C:\Windows;C:\Windows\System32\Wbem;C:\Windows\System32\WindowsPowerShell\v1.0\;C:\Windows\System32\OpenSSH\;C:\Program Files (x86)\NVIDIA Corporation\PhysX\Common;C:\WINDOWS\system32;C:\WINDOWS;C:\WINDOWS\System32\Wbem;C:\WINDOWS\System32\WindowsPowerShell\v1.0\;C:\WINDOWS\System32\OpenSSH\;C:\Program Files\Git\cmd;C:\Program Files (x86)\Microsoft SQL Server\160\Tools\Binn\;C:\Program Files\Microsoft SQL Server\160\Tools\Binn\;C:\Program Files\Microsoft SQL Server\Client SDK\ODBC\170\Tools\Binn\;C:\Program Files\Microsoft SQL Server\160\DTS\Binn\;C:\Program Files (x86)\Microsoft SQL Server\160\DTS\Binn\;C:\Program Files\Azure Data Studio\bin;C:\Program Files\Java\jdk-22\bin;D:\MSYS\ucrt64\bin;C:\apache-maven-3.9.8\bin;C:\Program Files\NVIDIA Corporation\NVIDIA app\NvDLISR;C:\Program Files\Cloudflare\Cloudflare WARP\;C:\Users\thang\AppData\Local\Microsoft\WindowsApps;C:\Users\thang\AppData\Local\Programs\Microsoft VS Code\bin;C:\Users\thang\AppData\Local\GitHubDesktop\bin;C:\Program Files\Azure Data Studio\bin
USERNAME=thang
LANG=en_US.UTF-8
OS=Windows_NT
PROCESSOR_IDENTIFIER=AMD64 Family 25 Model 80 Stepping 0, AuthenticAMD
TMP=C:\Users\thang\AppData\Local\Temp
TEMP=C:\Users\thang\AppData\Local\Temp




Periodic native trim disabled

---------------  S Y S T E M  ---------------

OS:
 Windows 11 , 64 bit Build 22621 (10.0.22621.4391)
OS uptime: 3 days 3:02 hours
Hyper-V role detected

CPU: total 12 (initial active 12) (12 cores per cpu, 2 threads per core) family 25 model 80 stepping 0 microcode 0x0, cx8, cmov, fxsr, ht, mmx, 3dnowpref, sse, sse2, sse3, ssse3, sse4a, sse4.1, sse4.2, popcnt, lzcnt, tsc, tscinvbit, avx, avx2, aes, erms, clmul, bmi1, bmi2, adx, sha, fma, vzeroupper, clflush, clflushopt, hv, rdtscp, rdpid, fsrm, f16c, cet_ss
Processor Information for processor 0
  Max Mhz: 2301, Current Mhz: 2010, Mhz Limit: 2301
Processor Information for processor 1
  Max Mhz: 2301, Current Mhz: 2010, Mhz Limit: 2301
Processor Information for processor 2
  Max Mhz: 2301, Current Mhz: 2301, Mhz Limit: 2301
Processor Information for processor 3
  Max Mhz: 2301, Current Mhz: 2010, Mhz Limit: 2301
Processor Information for processor 4
  Max Mhz: 2301, Current Mhz: 2010, Mhz Limit: 2301
Processor Information for processor 5
  Max Mhz: 2301, Current Mhz: 2010, Mhz Limit: 2301
Processor Information for processor 6
  Max Mhz: 2301, Current Mhz: 2301, Mhz Limit: 2301
Processor Information for processor 7
  Max Mhz: 2301, Current Mhz: 2010, Mhz Limit: 2301
Processor Information for processor 8
  Max Mhz: 2301, Current Mhz: 2301, Mhz Limit: 2301
Processor Information for processor 9
  Max Mhz: 2301, Current Mhz: 2010, Mhz Limit: 2301
Processor Information for processor 10
  Max Mhz: 2301, Current Mhz: 2010, Mhz Limit: 2301
Processor Information for processor 11
  Max Mhz: 2301, Current Mhz: 2010, Mhz Limit: 2301

Memory: 4k page, system-wide physical 7532M (278M free)
TotalPageFile size 19820M (AvailPageFile size 2M)
current process WorkingSet (physical memory assigned to process): 297M, peak: 303M
current process commit charge ("private bytes"): 337M, peak: 341M

vm_info: Java HotSpot(TM) 64-Bit Server VM (22+36-2370) for windows-amd64 JRE (22+36-2370), built on 2024-02-15T22:15:19Z by "mach5one" with MS VC++ 17.6 (VS2022)

END.
