#
# There is insufficient memory for the Java Runtime Environment to continue.
# Native memory allocation (malloc) failed to allocate 1087216 bytes. Error detail: Chunk::new
# Possible reasons:
#   The system is out of physical RAM or swap space
#   This process is running with CompressedOops enabled, and the Java Heap may be blocking the growth of the native heap
# Possible solutions:
#   Reduce memory load on the system
#   Increase physical memory or swap space
#   Check if swap backing store is full
#   Decrease Java heap size (-Xmx/-Xms)
#   Decrease number of Java threads
#   Decrease Java thread stack sizes (-Xss)
#   Set larger code cache with -XX:ReservedCodeCacheSize=
#   JVM is running with Unscaled Compressed Oops mode in which the Java heap is
#     placed in the first 4GB address space. The Java Heap base address is the
#     maximum limit for the native heap growth. Please use -XX:HeapBaseMinAddress
#     to set the Java Heap base and to place the Java Heap above 4GB virtual address.
# This output file may be truncated or incomplete.
#
#  Out of Memory Error (arena.cpp:191), pid=8612, tid=10496
#
# JRE version: OpenJDK Runtime Environment Temurin-17.0.13+11 (17.0.13+11) (build 17.0.13+11)
# Java VM: OpenJDK 64-Bit Server VM Temurin-17.0.13+11 (17.0.13+11, mixed mode, tiered, compressed oops, compressed class ptrs, g1 gc, windows-amd64)
# No core dump will be written. Minidumps are not enabled by default on client versions of Windows
#

---------------  S U M M A R Y ------------

Command Line: -Dcom.sun.management.jmxremote -Dcom.sun.management.jmxremote.port=63270 -Dcom.sun.management.jmxremote.authenticate=false -Dcom.sun.management.jmxremote.ssl=false -Dspring.jmx.enabled=true -Djava.rmi.server.hostname=localhost -Dspring.application.admin.enabled=true -Dspring.boot.project.name=demo -XX:+ShowCodeDetailsInExceptionMessages com.laptrinhweb.DemoApplication

Host: AMD Ryzen 5 5625U with Radeon Graphics         , 12 cores, 7G,  Windows 11 , 64 bit Build 22621 (10.0.22621.4391)
Time: Mon Dec  9 23:31:06 2024 SE Asia Standard Time elapsed time: 10.906878 seconds (0d 0h 0m 10s)

---------------  T H R E A D  ---------------

Current thread (0x0000018db003c2e0):  JavaThread "C2 CompilerThread0" daemon [_thread_in_native, id=10496, stack(0x0000006c25b00000,0x0000006c25c00000)]


Current CompileTask:
C2:  10906 6823       4       org.springframework.core.ResolvableType::hasGenerics (14 bytes)

Stack: [0x0000006c25b00000,0x0000006c25c00000]
Native frames: (J=compiled Java code, j=interpreted, Vv=VM code, C=native code)
V  [jvm.dll+0x682a19]
V  [jvm.dll+0x839538]
V  [jvm.dll+0x83afe3]
V  [jvm.dll+0x83b653]
V  [jvm.dll+0x24704f]
V  [jvm.dll+0xace34]
V  [jvm.dll+0xad4cc]
V  [jvm.dll+0x2ac84f]
V  [jvm.dll+0x588a79]
V  [jvm.dll+0x220ea2]
V  [jvm.dll+0x219cd2]
V  [jvm.dll+0x21738b]
V  [jvm.dll+0x1a3070]
V  [jvm.dll+0x22788c]
V  [jvm.dll+0x2259eb]
V  [jvm.dll+0x7eec98]
V  [jvm.dll+0x7e8ffc]
V  [jvm.dll+0x6818f7]
C  [ucrtbase.dll+0x29333]
C  [KERNEL32.DLL+0x1259d]
C  [ntdll.dll+0x5af38]


---------------  P R O C E S S  ---------------

Threads class SMR info:
_java_thread_list=0x0000018db4596600, length=34, elements={
0x0000018dabfc7070, 0x0000018dabfc7cf0, 0x0000018dabfcd3d0, 0x0000018db003a140,
0x0000018db003aa10, 0x0000018db003b6e0, 0x0000018db003c2e0, 0x0000018db004e0c0,
0x0000018db0072d80, 0x0000018db0177010, 0x0000018db026b000, 0x0000018db09829e0,
0x0000018db09476f0, 0x0000018db0957de0, 0x0000018db1edf2b0, 0x0000018db1edf7c0,
0x0000018db2952cd0, 0x0000018db29531e0, 0x0000018db2954620, 0x0000018db2954b30,
0x0000018db2955f70, 0x0000018db2955040, 0x0000018db2955550, 0x0000018db2956480,
0x0000018db29522b0, 0x0000018db29536f0, 0x0000018db2956990, 0x0000018db29587f0,
0x0000018db2956ea0, 0x0000018db29573b0, 0x0000018db29578c0, 0x0000018db2957dd0,
0x0000018db29582e0, 0x0000018db2958d00
}

Java Threads: ( => current thread )
  0x0000018dabfc7070 JavaThread "Reference Handler" daemon [_thread_blocked, id=15248, stack(0x0000006c25500000,0x0000006c25600000)]
  0x0000018dabfc7cf0 JavaThread "Finalizer" daemon [_thread_blocked, id=22116, stack(0x0000006c25600000,0x0000006c25700000)]
  0x0000018dabfcd3d0 JavaThread "Signal Dispatcher" daemon [_thread_blocked, id=3100, stack(0x0000006c25700000,0x0000006c25800000)]
  0x0000018db003a140 JavaThread "Attach Listener" daemon [_thread_blocked, id=9760, stack(0x0000006c25800000,0x0000006c25900000)]
  0x0000018db003aa10 JavaThread "Service Thread" daemon [_thread_blocked, id=19772, stack(0x0000006c25900000,0x0000006c25a00000)]
  0x0000018db003b6e0 JavaThread "Monitor Deflation Thread" daemon [_thread_blocked, id=12352, stack(0x0000006c25a00000,0x0000006c25b00000)]
=>0x0000018db003c2e0 JavaThread "C2 CompilerThread0" daemon [_thread_in_native, id=10496, stack(0x0000006c25b00000,0x0000006c25c00000)]
  0x0000018db004e0c0 JavaThread "C1 CompilerThread0" daemon [_thread_in_vm, id=26040, stack(0x0000006c25c00000,0x0000006c25d00000)]
  0x0000018db0072d80 JavaThread "Sweeper thread" daemon [_thread_blocked, id=26020, stack(0x0000006c25d00000,0x0000006c25e00000)]
  0x0000018db0177010 JavaThread "Common-Cleaner" daemon [_thread_blocked, id=7732, stack(0x0000006c25e00000,0x0000006c25f00000)]
  0x0000018db026b000 JavaThread "Notification Thread" daemon [_thread_blocked, id=14092, stack(0x0000006c25f00000,0x0000006c26000000)]
  0x0000018db09829e0 JavaThread "RMI TCP Accept-0" daemon [_thread_in_native, id=25708, stack(0x0000006c26000000,0x0000006c26100000)]
  0x0000018db09476f0 JavaThread "RMI TCP Accept-63270" daemon [_thread_in_native, id=3244, stack(0x0000006c26100000,0x0000006c26200000)]
  0x0000018db0957de0 JavaThread "RMI TCP Accept-0" daemon [_thread_in_native, id=21448, stack(0x0000006c26200000,0x0000006c26300000)]
  0x0000018db1edf2b0 JavaThread "Catalina-utility-1" [_thread_blocked, id=26480, stack(0x0000006c26d00000,0x0000006c26e00000)]
  0x0000018db1edf7c0 JavaThread "Catalina-utility-2" [_thread_blocked, id=20272, stack(0x0000006c27300000,0x0000006c27400000)]
  0x0000018db2952cd0 JavaThread "container-0" [_thread_blocked, id=12888, stack(0x0000006c27400000,0x0000006c27500000)]
  0x0000018db29531e0 JavaThread "mysql-cj-abandoned-connection-cleanup" daemon [_thread_blocked, id=14036, stack(0x0000006c27500000,0x0000006c27600000)]
  0x0000018db2954620 JavaThread "HikariPool-1 housekeeper" daemon [_thread_blocked, id=18404, stack(0x0000006c27700000,0x0000006c27800000)]
  0x0000018db2954b30 JavaThread "File Watcher" daemon [_thread_blocked, id=10628, stack(0x0000006c27900000,0x0000006c27a00000)]
  0x0000018db2955f70 JavaThread "Live Reload Server" daemon [_thread_in_native, id=19820, stack(0x0000006c27b00000,0x0000006c27c00000)]
  0x0000018db2955040 JavaThread "http-nio-8080-exec-1" daemon [_thread_blocked, id=8488, stack(0x0000006c27a00000,0x0000006c27b00000)]
  0x0000018db2955550 JavaThread "http-nio-8080-exec-2" daemon [_thread_in_native, id=27404, stack(0x0000006c27c00000,0x0000006c27d00000)]
  0x0000018db2956480 JavaThread "http-nio-8080-exec-3" daemon [_thread_in_Java, id=18720, stack(0x0000006c27d00000,0x0000006c27e00000)]
  0x0000018db29522b0 JavaThread "http-nio-8080-exec-4" daemon [_thread_in_Java, id=26876, stack(0x0000006c27e00000,0x0000006c27f00000)]
  0x0000018db29536f0 JavaThread "http-nio-8080-exec-5" daemon [_thread_in_vm, id=19248, stack(0x0000006c27f00000,0x0000006c28000000)]
  0x0000018db2956990 JavaThread "http-nio-8080-exec-6" daemon [_thread_blocked, id=21636, stack(0x0000006c28000000,0x0000006c28100000)]
  0x0000018db29587f0 JavaThread "http-nio-8080-exec-7" daemon [_thread_in_native, id=15504, stack(0x0000006c28100000,0x0000006c28200000)]
  0x0000018db2956ea0 JavaThread "http-nio-8080-exec-8" daemon [_thread_blocked, id=19888, stack(0x0000006c28200000,0x0000006c28300000)]
  0x0000018db29573b0 JavaThread "http-nio-8080-exec-9" daemon [_thread_blocked, id=15640, stack(0x0000006c28300000,0x0000006c28400000)]
  0x0000018db29578c0 JavaThread "http-nio-8080-exec-10" daemon [_thread_blocked, id=16996, stack(0x0000006c28400000,0x0000006c28500000)]
  0x0000018db2957dd0 JavaThread "http-nio-8080-Poller" daemon [_thread_in_native, id=17628, stack(0x0000006c28500000,0x0000006c28600000)]
  0x0000018db29582e0 JavaThread "http-nio-8080-Acceptor" daemon [_thread_in_native, id=13152, stack(0x0000006c28600000,0x0000006c28700000)]
  0x0000018db2958d00 JavaThread "DestroyJavaVM" [_thread_blocked, id=18556, stack(0x0000006c24e00000,0x0000006c24f00000)]

Other Threads:
  0x0000018dabfbcad0 VMThread "VM Thread" [stack: 0x0000006c25400000,0x0000006c25500000] [id=13496]
  0x0000018db09582c0 WatcherThread [stack: 0x0000006c26300000,0x0000006c26400000] [id=21576]
  0x0000018d92bcd900 GCTaskThread "GC Thread#0" [stack: 0x0000006c24f00000,0x0000006c25000000] [id=8752]
  0x0000018db13abb90 GCTaskThread "GC Thread#1" [stack: 0x0000006c26400000,0x0000006c26500000] [id=18540]
  0x0000018db12137f0 GCTaskThread "GC Thread#2" [stack: 0x0000006c26500000,0x0000006c26600000] [id=8288]
  0x0000018db0c07c40 GCTaskThread "GC Thread#3" [stack: 0x0000006c26600000,0x0000006c26700000] [id=7180]
  0x0000018db12c9770 GCTaskThread "GC Thread#4" [stack: 0x0000006c26700000,0x0000006c26800000] [id=22348]
  0x0000018db12c9e40 GCTaskThread "GC Thread#5" [stack: 0x0000006c26800000,0x0000006c26900000] [id=9840]
  0x0000018db12ca100 GCTaskThread "GC Thread#6" [stack: 0x0000006c26900000,0x0000006c26a00000] [id=1020]
  0x0000018db158ce10 GCTaskThread "GC Thread#7" [stack: 0x0000006c26e00000,0x0000006c26f00000] [id=24012]
  0x0000018db1aa3b00 GCTaskThread "GC Thread#8" [stack: 0x0000006c26f00000,0x0000006c27000000] [id=7224]
  0x0000018db176ce80 GCTaskThread "GC Thread#9" [stack: 0x0000006c27000000,0x0000006c27100000] [id=10712]
  0x0000018d92bdd3d0 ConcurrentGCThread "G1 Main Marker" [stack: 0x0000006c25000000,0x0000006c25100000] [id=19580]
  0x0000018d92bde590 ConcurrentGCThread "G1 Conc#0" [stack: 0x0000006c25100000,0x0000006c25200000] [id=27588]
  0x0000018db16bf490 ConcurrentGCThread "G1 Conc#1" [stack: 0x0000006c27100000,0x0000006c27200000] [id=2156]
  0x0000018db1ba0c00 ConcurrentGCThread "G1 Conc#2" [stack: 0x0000006c27200000,0x0000006c27300000] [id=1352]
  0x0000018d92c0ec20 ConcurrentGCThread "G1 Refine#0" [stack: 0x0000006c25200000,0x0000006c25300000] [id=9988]
  0x0000018db0b68af0 ConcurrentGCThread "G1 Refine#1" [stack: 0x0000006c26a00000,0x0000006c26b00000] [id=4264]
  0x0000018dabe23c90 ConcurrentGCThread "G1 Service" [stack: 0x0000006c25300000,0x0000006c25400000] [id=19740]

Threads with active compile tasks:
C2 CompilerThread0    10941 6823       4       org.springframework.core.ResolvableType::hasGenerics (14 bytes)

VM state: not at safepoint (normal execution)

VM Mutex/Monitor currently owned by a thread: None

Heap address: 0x000000008a400000, size: 1884 MB, Compressed Oops mode: 32-bit

CDS archive(s) not mapped
Compressed class space mapped at: 0x0000000100000000-0x0000000140000000, reserved size: 1073741824
Narrow klass base: 0x0000000000000000, Narrow klass shift: 3, Narrow klass range: 0x140000000

GC Precious Log:
 CPUs: 12 total, 12 available
 Memory: 7532M
 Large Page Support: Disabled
 NUMA Support: Disabled
 Compressed Oops: Enabled (32-bit)
 Heap Region Size: 1M
 Heap Min Capacity: 8M
 Heap Initial Capacity: 118M
 Heap Max Capacity: 1884M
 Pre-touch: Disabled
 Parallel Workers: 10
 Concurrent Workers: 3
 Concurrent Refinement Workers: 10
 Periodic GC: Disabled

Heap:
 garbage-first heap   total 82944K, used 37570K [0x000000008a400000, 0x0000000100000000)
  region size 1024K, 7 young (7168K), 5 survivors (5120K)
 Metaspace       used 82178K, committed 82688K, reserved 1179648K
  class space    used 10940K, committed 11200K, reserved 1048576K

Heap Regions: E=young(eden), S=young(survivor), O=old, HS=humongous(starts), HC=humongous(continues), CS=collection set, F=free, OA=open archive, CA=closed archive, TAMS=top-at-mark-start (previous, next)
|   0|0x000000008a400000, 0x000000008a500000, 0x000000008a500000|100%|HS|  |TAMS 0x000000008a500000, 0x000000008a400000| Complete 
|   1|0x000000008a500000, 0x000000008a600000, 0x000000008a600000|100%|HS|  |TAMS 0x000000008a600000, 0x000000008a500000| Complete 
|   2|0x000000008a600000, 0x000000008a700000, 0x000000008a700000|100%| O|  |TAMS 0x000000008a700000, 0x000000008a600000| Untracked 
|   3|0x000000008a700000, 0x000000008a800000, 0x000000008a800000|100%| O|  |TAMS 0x000000008a800000, 0x000000008a700000| Untracked 
|   4|0x000000008a800000, 0x000000008a900000, 0x000000008a900000|100%| O|  |TAMS 0x000000008a900000, 0x000000008a800000| Untracked 
|   5|0x000000008a900000, 0x000000008aa00000, 0x000000008aa00000|100%| O|  |TAMS 0x000000008aa00000, 0x000000008a900000| Untracked 
|   6|0x000000008aa00000, 0x000000008ab00000, 0x000000008ab00000|100%| O|  |TAMS 0x000000008ab00000, 0x000000008aa00000| Untracked 
|   7|0x000000008ab00000, 0x000000008ac00000, 0x000000008ac00000|100%| O|  |TAMS 0x000000008ac00000, 0x000000008ab00000| Untracked 
|   8|0x000000008ac00000, 0x000000008ad00000, 0x000000008ad00000|100%| O|  |TAMS 0x000000008ad00000, 0x000000008ac00000| Untracked 
|   9|0x000000008ad00000, 0x000000008ae00000, 0x000000008ae00000|100%| O|  |TAMS 0x000000008ae00000, 0x000000008ad00000| Untracked 
|  10|0x000000008ae00000, 0x000000008af00000, 0x000000008af00000|100%| O|  |TAMS 0x000000008af00000, 0x000000008ae00000| Untracked 
|  11|0x000000008af00000, 0x000000008b000000, 0x000000008b000000|100%| O|  |TAMS 0x000000008b000000, 0x000000008af00000| Untracked 
|  12|0x000000008b000000, 0x000000008b100000, 0x000000008b100000|100%| O|  |TAMS 0x000000008b100000, 0x000000008b000000| Untracked 
|  13|0x000000008b100000, 0x000000008b199400, 0x000000008b200000| 59%| O|  |TAMS 0x000000008b199400, 0x000000008b100000| Untracked 
|  14|0x000000008b200000, 0x000000008b300000, 0x000000008b300000|100%| O|  |TAMS 0x000000008b300000, 0x000000008b200000| Untracked 
|  15|0x000000008b300000, 0x000000008b400000, 0x000000008b400000|100%| O|  |TAMS 0x000000008b400000, 0x000000008b300000| Untracked 
|  16|0x000000008b400000, 0x000000008b500000, 0x000000008b500000|100%| O|  |TAMS 0x000000008b500000, 0x000000008b400000| Untracked 
|  17|0x000000008b500000, 0x000000008b600000, 0x000000008b600000|100%| O|  |TAMS 0x000000008b600000, 0x000000008b500000| Untracked 
|  18|0x000000008b600000, 0x000000008b700000, 0x000000008b700000|100%| O|  |TAMS 0x000000008b700000, 0x000000008b600000| Untracked 
|  19|0x000000008b700000, 0x000000008b800000, 0x000000008b800000|100%| O|  |TAMS 0x000000008b800000, 0x000000008b700000| Untracked 
|  20|0x000000008b800000, 0x000000008b900000, 0x000000008b900000|100%| O|  |TAMS 0x000000008b900000, 0x000000008b800000| Untracked 
|  21|0x000000008b900000, 0x000000008ba00000, 0x000000008ba00000|100%| O|  |TAMS 0x000000008ba00000, 0x000000008b900000| Untracked 
|  22|0x000000008ba00000, 0x000000008bb00000, 0x000000008bb00000|100%| O|  |TAMS 0x000000008bb00000, 0x000000008ba00000| Untracked 
|  23|0x000000008bb00000, 0x000000008bc00000, 0x000000008bc00000|100%| O|  |TAMS 0x000000008bb09a00, 0x000000008bb00000| Untracked 
|  24|0x000000008bc00000, 0x000000008bd00000, 0x000000008bd00000|100%| O|  |TAMS 0x000000008bc00000, 0x000000008bc00000| Untracked 
|  25|0x000000008bd00000, 0x000000008be00000, 0x000000008be00000|100%| O|  |TAMS 0x000000008bd00000, 0x000000008bd00000| Untracked 
|  26|0x000000008be00000, 0x000000008bf00000, 0x000000008bf00000|100%| O|  |TAMS 0x000000008be00000, 0x000000008be00000| Untracked 
|  27|0x000000008bf00000, 0x000000008c000000, 0x000000008c000000|100%| O|  |TAMS 0x000000008bf00000, 0x000000008bf00000| Untracked 
|  28|0x000000008c000000, 0x000000008c100000, 0x000000008c100000|100%| O|  |TAMS 0x000000008c000000, 0x000000008c000000| Untracked 
|  29|0x000000008c100000, 0x000000008c200000, 0x000000008c200000|100%| O|  |TAMS 0x000000008c100000, 0x000000008c100000| Untracked 
|  30|0x000000008c200000, 0x000000008c300000, 0x000000008c300000|100%| O|  |TAMS 0x000000008c200000, 0x000000008c200000| Untracked 
|  31|0x000000008c300000, 0x000000008c317400, 0x000000008c400000|  9%| O|  |TAMS 0x000000008c300000, 0x000000008c300000| Untracked 
|  32|0x000000008c400000, 0x000000008c400000, 0x000000008c500000|  0%| F|  |TAMS 0x000000008c400000, 0x000000008c400000| Untracked 
|  33|0x000000008c500000, 0x000000008c500000, 0x000000008c600000|  0%| F|  |TAMS 0x000000008c500000, 0x000000008c500000| Untracked 
|  34|0x000000008c600000, 0x000000008c600000, 0x000000008c700000|  0%| F|  |TAMS 0x000000008c600000, 0x000000008c600000| Untracked 
|  35|0x000000008c700000, 0x000000008c700000, 0x000000008c800000|  0%| F|  |TAMS 0x000000008c700000, 0x000000008c700000| Untracked 
|  36|0x000000008c800000, 0x000000008c800000, 0x000000008c900000|  0%| F|  |TAMS 0x000000008c800000, 0x000000008c800000| Untracked 
|  37|0x000000008c900000, 0x000000008c900000, 0x000000008ca00000|  0%| F|  |TAMS 0x000000008c900000, 0x000000008c900000| Untracked 
|  38|0x000000008ca00000, 0x000000008ca00000, 0x000000008cb00000|  0%| F|  |TAMS 0x000000008ca00000, 0x000000008ca00000| Untracked 
|  39|0x000000008cb00000, 0x000000008cb00000, 0x000000008cc00000|  0%| F|  |TAMS 0x000000008cb00000, 0x000000008cb00000| Untracked 
|  40|0x000000008cc00000, 0x000000008cc00000, 0x000000008cd00000|  0%| F|  |TAMS 0x000000008cc00000, 0x000000008cc00000| Untracked 
|  41|0x000000008cd00000, 0x000000008cd00000, 0x000000008ce00000|  0%| F|  |TAMS 0x000000008cd00000, 0x000000008cd00000| Untracked 
|  42|0x000000008ce00000, 0x000000008ce00000, 0x000000008cf00000|  0%| F|  |TAMS 0x000000008ce00000, 0x000000008ce00000| Untracked 
|  43|0x000000008cf00000, 0x000000008cf00000, 0x000000008d000000|  0%| F|  |TAMS 0x000000008cf00000, 0x000000008cf00000| Untracked 
|  44|0x000000008d000000, 0x000000008d000000, 0x000000008d100000|  0%| F|  |TAMS 0x000000008d000000, 0x000000008d000000| Untracked 
|  45|0x000000008d100000, 0x000000008d100000, 0x000000008d200000|  0%| F|  |TAMS 0x000000008d100000, 0x000000008d100000| Untracked 
|  46|0x000000008d200000, 0x000000008d300000, 0x000000008d300000|100%| S|CS|TAMS 0x000000008d200000, 0x000000008d200000| Complete 
|  47|0x000000008d300000, 0x000000008d400000, 0x000000008d400000|100%| S|CS|TAMS 0x000000008d300000, 0x000000008d300000| Complete 
|  48|0x000000008d400000, 0x000000008d500000, 0x000000008d500000|100%| S|CS|TAMS 0x000000008d400000, 0x000000008d400000| Complete 
|  49|0x000000008d500000, 0x000000008d600000, 0x000000008d600000|100%| S|CS|TAMS 0x000000008d500000, 0x000000008d500000| Complete 
|  50|0x000000008d600000, 0x000000008d700000, 0x000000008d700000|100%| S|CS|TAMS 0x000000008d600000, 0x000000008d600000| Complete 
|  51|0x000000008d700000, 0x000000008d700000, 0x000000008d800000|  0%| F|  |TAMS 0x000000008d700000, 0x000000008d700000| Untracked 
|  52|0x000000008d800000, 0x000000008d800000, 0x000000008d900000|  0%| F|  |TAMS 0x000000008d800000, 0x000000008d800000| Untracked 
|  53|0x000000008d900000, 0x000000008d900000, 0x000000008da00000|  0%| F|  |TAMS 0x000000008d900000, 0x000000008d900000| Untracked 
|  54|0x000000008da00000, 0x000000008da00000, 0x000000008db00000|  0%| F|  |TAMS 0x000000008da00000, 0x000000008da00000| Untracked 
|  55|0x000000008db00000, 0x000000008db00000, 0x000000008dc00000|  0%| F|  |TAMS 0x000000008db00000, 0x000000008db00000| Untracked 
|  56|0x000000008dc00000, 0x000000008dc00000, 0x000000008dd00000|  0%| F|  |TAMS 0x000000008dc00000, 0x000000008dc00000| Untracked 
|  57|0x000000008dd00000, 0x000000008dd00000, 0x000000008de00000|  0%| F|  |TAMS 0x000000008dd00000, 0x000000008dd00000| Untracked 
|  58|0x000000008de00000, 0x000000008de00000, 0x000000008df00000|  0%| F|  |TAMS 0x000000008de00000, 0x000000008de00000| Untracked 
|  59|0x000000008df00000, 0x000000008df00000, 0x000000008e000000|  0%| F|  |TAMS 0x000000008df00000, 0x000000008df00000| Untracked 
|  60|0x000000008e000000, 0x000000008e000000, 0x000000008e100000|  0%| F|  |TAMS 0x000000008e000000, 0x000000008e000000| Untracked 
|  61|0x000000008e100000, 0x000000008e100000, 0x000000008e200000|  0%| F|  |TAMS 0x000000008e100000, 0x000000008e100000| Untracked 
|  62|0x000000008e200000, 0x000000008e200000, 0x000000008e300000|  0%| F|  |TAMS 0x000000008e200000, 0x000000008e200000| Untracked 
|  63|0x000000008e300000, 0x000000008e300000, 0x000000008e400000|  0%| F|  |TAMS 0x000000008e300000, 0x000000008e300000| Untracked 
|  64|0x000000008e400000, 0x000000008e400000, 0x000000008e500000|  0%| F|  |TAMS 0x000000008e400000, 0x000000008e400000| Untracked 
|  65|0x000000008e500000, 0x000000008e500000, 0x000000008e600000|  0%| F|  |TAMS 0x000000008e500000, 0x000000008e500000| Untracked 
|  66|0x000000008e600000, 0x000000008e600000, 0x000000008e700000|  0%| F|  |TAMS 0x000000008e600000, 0x000000008e600000| Untracked 
|  67|0x000000008e700000, 0x000000008e700000, 0x000000008e800000|  0%| F|  |TAMS 0x000000008e700000, 0x000000008e700000| Untracked 
|  68|0x000000008e800000, 0x000000008e800000, 0x000000008e900000|  0%| F|  |TAMS 0x000000008e800000, 0x000000008e800000| Untracked 
|  69|0x000000008e900000, 0x000000008e900000, 0x000000008ea00000|  0%| F|  |TAMS 0x000000008e900000, 0x000000008e900000| Untracked 
|  70|0x000000008ea00000, 0x000000008ea00000, 0x000000008eb00000|  0%| F|  |TAMS 0x000000008ea00000, 0x000000008ea00000| Untracked 
|  71|0x000000008eb00000, 0x000000008eb00000, 0x000000008ec00000|  0%| F|  |TAMS 0x000000008eb00000, 0x000000008eb00000| Untracked 
|  72|0x000000008ec00000, 0x000000008ec00000, 0x000000008ed00000|  0%| F|  |TAMS 0x000000008ec00000, 0x000000008ec00000| Untracked 
|  73|0x000000008ed00000, 0x000000008ed00000, 0x000000008ee00000|  0%| F|  |TAMS 0x000000008ed00000, 0x000000008ed00000| Untracked 
|  74|0x000000008ee00000, 0x000000008ee00000, 0x000000008ef00000|  0%| F|  |TAMS 0x000000008ee00000, 0x000000008ee00000| Untracked 
|  75|0x000000008ef00000, 0x000000008ef00000, 0x000000008f000000|  0%| F|  |TAMS 0x000000008ef00000, 0x000000008ef00000| Untracked 
|  76|0x000000008f000000, 0x000000008f000000, 0x000000008f100000|  0%| F|  |TAMS 0x000000008f000000, 0x000000008f000000| Untracked 
|  77|0x000000008f100000, 0x000000008f100000, 0x000000008f200000|  0%| F|  |TAMS 0x000000008f100000, 0x000000008f100000| Untracked 
|  78|0x000000008f200000, 0x000000008f200000, 0x000000008f300000|  0%| F|  |TAMS 0x000000008f200000, 0x000000008f200000| Untracked 
|  79|0x000000008f300000, 0x000000008f3bee90, 0x000000008f400000| 74%| E|  |TAMS 0x000000008f300000, 0x000000008f300000| Complete 
| 117|0x0000000091900000, 0x0000000091a00000, 0x0000000091a00000|100%| E|CS|TAMS 0x0000000091900000, 0x0000000091900000| Complete 

Card table byte_map: [0x0000018da50f0000,0x0000018da54a0000] _byte_map_base: 0x0000018da4c9e000

Marking Bits (Prev, Next): (CMBitMap*) 0x0000018d92bcdf60, (CMBitMap*) 0x0000018d92bcdf20
 Prev Bits: [0x0000018da75c0000, 0x0000018da9330000)
 Next Bits: [0x0000018da5850000, 0x0000018da75c0000)

Polling page: 0x0000018d92310000

Metaspace:

Usage:
  Non-class:     69.58 MB used.
      Class:     10.69 MB used.
       Both:     80.27 MB used.

Virtual space:
  Non-class space:      128.00 MB reserved,      69.88 MB ( 55%) committed,  2 nodes.
      Class space:        1.00 GB reserved,      10.94 MB (  1%) committed,  1 nodes.
             Both:        1.12 GB reserved,      80.81 MB (  7%) committed. 

Chunk freelists:
   Non-Class:  9.73 MB
       Class:  4.95 MB
        Both:  14.69 MB

MaxMetaspaceSize: unlimited
CompressedClassSpaceSize: 1.00 GB
Initial GC threshold: 21.00 MB
Current GC threshold: 98.75 MB
CDS: off
MetaspaceReclaimPolicy: balanced
 - commit_granule_bytes: 65536.
 - commit_granule_words: 8192.
 - virtual_space_node_default_size: 8388608.
 - enlarge_chunks_in_place: 1.
 - new_chunks_are_fully_committed: 0.
 - uncommit_free_chunks: 1.
 - use_allocation_guard: 0.
 - handle_deallocations: 1.


Internal statistics:

num_allocs_failed_limit: 11.
num_arena_births: 808.
num_arena_deaths: 0.
num_vsnodes_births: 3.
num_vsnodes_deaths: 0.
num_space_committed: 1293.
num_space_uncommitted: 0.
num_chunks_returned_to_freelist: 11.
num_chunks_taken_from_freelist: 3386.
num_chunk_merges: 11.
num_chunk_splits: 2478.
num_chunks_enlarged: 1961.
num_inconsistent_stats: 0.

CodeHeap 'non-profiled nmethods': size=120000Kb used=3100Kb max_used=3100Kb free=116899Kb
 bounds [0x0000018d9d2c0000, 0x0000018d9d5d0000, 0x0000018da47f0000]
CodeHeap 'profiled nmethods': size=120000Kb used=11356Kb max_used=12756Kb free=108643Kb
 bounds [0x0000018d957f0000, 0x0000018d96470000, 0x0000018d9cd20000]
CodeHeap 'non-nmethods': size=5760Kb used=1399Kb max_used=1434Kb free=4360Kb
 bounds [0x0000018d9cd20000, 0x0000018d9cf90000, 0x0000018d9d2c0000]
 total_blobs=7130 nmethods=6395 adapters=646
 compilation: enabled
              stopped_count=0, restarted_count=0
 full_count=0

Compilation events (20 events):
Event: 10.895 Thread 0x0000018db004e0c0 7376       3       org.springframework.core.annotation.AnnotationsScanner::getDeclaredAnnotations (166 bytes)
Event: 10.896 Thread 0x0000018db004e0c0 nmethod 7376 0x0000018d9583b190 code [0x0000018d9583b480, 0x0000018d9583c8d8]
Event: 10.896 Thread 0x0000018db004e0c0 7378       3       java.lang.Module::getLayer (43 bytes)
Event: 10.896 Thread 0x0000018db004e0c0 nmethod 7378 0x0000018d95ac5910 code [0x0000018d95ac5ae0, 0x0000018d95ac5e88]
Event: 10.896 Thread 0x0000018db004e0c0 7379  s    3       java.lang.StringBuffer::append (15 bytes)
Event: 10.896 Thread 0x0000018db004e0c0 nmethod 7379 0x0000018d95a75e10 code [0x0000018d95a75fc0, 0x0000018d95a761e8]
Event: 10.896 Thread 0x0000018db004e0c0 7380       3       java.io.PrintWriter::ensureOpen (18 bytes)
Event: 10.896 Thread 0x0000018db004e0c0 nmethod 7380 0x0000018d95a75810 code [0x0000018d95a759c0, 0x0000018d95a75bc8]
Event: 10.897 Thread 0x0000018db004e0c0 7381       3       sun.reflect.generics.reflectiveObjects.LazyReflectiveObjectGenerator::<init> (10 bytes)
Event: 10.897 Thread 0x0000018db004e0c0 nmethod 7381 0x0000018d9588ac10 code [0x0000018d9588ada0, 0x0000018d9588af58]
Event: 10.898 Thread 0x0000018db004e0c0 7382       3       org.springframework.http.MediaType::isLessSpecific (12 bytes)
Event: 10.899 Thread 0x0000018db004e0c0 nmethod 7382 0x0000018d96015f10 code [0x0000018d960160e0, 0x0000018d96016418]
Event: 10.899 Thread 0x0000018db004e0c0 7383       3       org.springframework.http.MediaType::isMoreSpecific (53 bytes)
Event: 10.899 Thread 0x0000018db004e0c0 nmethod 7383 0x0000018d957f1b90 code [0x0000018d957f1ee0, 0x0000018d957f3438]
Event: 10.901 Thread 0x0000018db004e0c0 7384       3       java.util.HashMap::removeNode (291 bytes)
Event: 10.902 Thread 0x0000018db004e0c0 nmethod 7384 0x0000018d9587ab90 code [0x0000018d9587ae20, 0x0000018d9587c038]
Event: 10.902 Thread 0x0000018db004e0c0 7385       3       java.nio.HeapByteBuffer::put (12 bytes)
Event: 10.902 Thread 0x0000018db004e0c0 nmethod 7385 0x0000018d96015790 code [0x0000018d96015960, 0x0000018d96015d68]
Event: 10.902 Thread 0x0000018db004e0c0 7386       1       org.apache.catalina.core.ApplicationContext::getFacade (5 bytes)
Event: 10.903 Thread 0x0000018db004e0c0 nmethod 7386 0x0000018d9d384d90 code [0x0000018d9d384f20, 0x0000018d9d384ff8]

GC Heap History (20 events):
Event: 1.681 GC heap after
{Heap after GC invocations=7 (full 0):
 garbage-first heap   total 74752K, used 16612K [0x000000008a400000, 0x0000000100000000)
  region size 1024K, 5 young (5120K), 5 survivors (5120K)
 Metaspace       used 32571K, committed 32896K, reserved 1114112K
  class space    used 3916K, committed 4096K, reserved 1048576K
}
Event: 1.955 GC heap before
{Heap before GC invocations=7 (full 0):
 garbage-first heap   total 74752K, used 36068K [0x000000008a400000, 0x0000000100000000)
  region size 1024K, 25 young (25600K), 5 survivors (5120K)
 Metaspace       used 35821K, committed 36160K, reserved 1114112K
  class space    used 4378K, committed 4544K, reserved 1048576K
}
Event: 1.959 GC heap after
{Heap after GC invocations=8 (full 0):
 garbage-first heap   total 74752K, used 18667K [0x000000008a400000, 0x0000000100000000)
  region size 1024K, 5 young (5120K), 5 survivors (5120K)
 Metaspace       used 35821K, committed 36160K, reserved 1114112K
  class space    used 4378K, committed 4544K, reserved 1048576K
}
Event: 2.445 GC heap before
{Heap before GC invocations=9 (full 0):
 garbage-first heap   total 68608K, used 52459K [0x000000008a400000, 0x0000000100000000)
  region size 1024K, 38 young (38912K), 5 survivors (5120K)
 Metaspace       used 40875K, committed 41344K, reserved 1114112K
  class space    used 5071K, committed 5312K, reserved 1048576K
}
Event: 2.449 GC heap after
{Heap after GC invocations=10 (full 0):
 garbage-first heap   total 68608K, used 20859K [0x000000008a400000, 0x0000000100000000)
  region size 1024K, 5 young (5120K), 5 survivors (5120K)
 Metaspace       used 40875K, committed 41344K, reserved 1114112K
  class space    used 5071K, committed 5312K, reserved 1048576K
}
Event: 2.911 GC heap before
{Heap before GC invocations=10 (full 0):
 garbage-first heap   total 68608K, used 48507K [0x000000008a400000, 0x0000000100000000)
  region size 1024K, 33 young (33792K), 5 survivors (5120K)
 Metaspace       used 50212K, committed 50752K, reserved 1114112K
  class space    used 6378K, committed 6656K, reserved 1048576K
}
Event: 2.915 GC heap after
{Heap after GC invocations=11 (full 0):
 garbage-first heap   total 68608K, used 23494K [0x000000008a400000, 0x0000000100000000)
  region size 1024K, 5 young (5120K), 5 survivors (5120K)
 Metaspace       used 50212K, committed 50752K, reserved 1114112K
  class space    used 6378K, committed 6656K, reserved 1048576K
}
Event: 3.358 GC heap before
{Heap before GC invocations=11 (full 0):
 garbage-first heap   total 68608K, used 50118K [0x000000008a400000, 0x0000000100000000)
  region size 1024K, 32 young (32768K), 5 survivors (5120K)
 Metaspace       used 57675K, committed 58112K, reserved 1114112K
  class space    used 7342K, committed 7552K, reserved 1048576K
}
Event: 3.362 GC heap after
{Heap after GC invocations=12 (full 0):
 garbage-first heap   total 68608K, used 25495K [0x000000008a400000, 0x0000000100000000)
  region size 1024K, 3 young (3072K), 3 survivors (3072K)
 Metaspace       used 57675K, committed 58112K, reserved 1114112K
  class space    used 7342K, committed 7552K, reserved 1048576K
}
Event: 3.467 GC heap before
{Heap before GC invocations=12 (full 0):
 garbage-first heap   total 68608K, used 31639K [0x000000008a400000, 0x0000000100000000)
  region size 1024K, 10 young (10240K), 3 survivors (3072K)
 Metaspace       used 60046K, committed 60480K, reserved 1114112K
  class space    used 7732K, committed 7936K, reserved 1048576K
}
Event: 3.469 GC heap after
{Heap after GC invocations=13 (full 0):
 garbage-first heap   total 68608K, used 25759K [0x000000008a400000, 0x0000000100000000)
  region size 1024K, 3 young (3072K), 3 survivors (3072K)
 Metaspace       used 60046K, committed 60480K, reserved 1114112K
  class space    used 7732K, committed 7936K, reserved 1048576K
}
Event: 3.778 GC heap before
{Heap before GC invocations=14 (full 0):
 garbage-first heap   total 68608K, used 51359K [0x000000008a400000, 0x0000000100000000)
  region size 1024K, 29 young (29696K), 3 survivors (3072K)
 Metaspace       used 64241K, committed 64768K, reserved 1114112K
  class space    used 8500K, committed 8768K, reserved 1048576K
}
Event: 3.780 GC heap after
{Heap after GC invocations=15 (full 0):
 garbage-first heap   total 68608K, used 26473K [0x000000008a400000, 0x0000000100000000)
  region size 1024K, 2 young (2048K), 2 survivors (2048K)
 Metaspace       used 64241K, committed 64768K, reserved 1114112K
  class space    used 8500K, committed 8768K, reserved 1048576K
}
Event: 4.273 GC heap before
{Heap before GC invocations=15 (full 0):
 garbage-first heap   total 68608K, used 52073K [0x000000008a400000, 0x0000000100000000)
  region size 1024K, 28 young (28672K), 2 survivors (2048K)
 Metaspace       used 69467K, committed 70016K, reserved 1114112K
  class space    used 9206K, committed 9472K, reserved 1048576K
}
Event: 4.276 GC heap after
{Heap after GC invocations=16 (full 0):
 garbage-first heap   total 68608K, used 28615K [0x000000008a400000, 0x0000000100000000)
  region size 1024K, 4 young (4096K), 4 survivors (4096K)
 Metaspace       used 69467K, committed 70016K, reserved 1114112K
  class space    used 9206K, committed 9472K, reserved 1048576K
}
Event: 4.616 GC heap before
{Heap before GC invocations=16 (full 0):
 garbage-first heap   total 68608K, used 54215K [0x000000008a400000, 0x0000000100000000)
  region size 1024K, 29 young (29696K), 4 survivors (4096K)
 Metaspace       used 72330K, committed 72896K, reserved 1114112K
  class space    used 9602K, committed 9856K, reserved 1048576K
}
Event: 4.620 GC heap after
{Heap after GC invocations=17 (full 0):
 garbage-first heap   total 68608K, used 30950K [0x000000008a400000, 0x0000000100000000)
  region size 1024K, 3 young (3072K), 3 survivors (3072K)
 Metaspace       used 72330K, committed 72896K, reserved 1114112K
  class space    used 9602K, committed 9856K, reserved 1048576K
}
Event: 4.938 GC heap before
{Heap before GC invocations=17 (full 0):
 garbage-first heap   total 68608K, used 53478K [0x000000008a400000, 0x0000000100000000)
  region size 1024K, 25 young (25600K), 3 survivors (3072K)
 Metaspace       used 75105K, committed 75648K, reserved 1114112K
  class space    used 10003K, committed 10304K, reserved 1048576K
}
Event: 4.941 GC heap after
{Heap after GC invocations=18 (full 0):
 garbage-first heap   total 82944K, used 32936K [0x000000008a400000, 0x0000000100000000)
  region size 1024K, 3 young (3072K), 3 survivors (3072K)
 Metaspace       used 75105K, committed 75648K, reserved 1114112K
  class space    used 10003K, committed 10304K, reserved 1048576K
}
Event: 10.903 GC heap before
{Heap before GC invocations=18 (full 0):
 garbage-first heap   total 82944K, used 62632K [0x000000008a400000, 0x0000000100000000)
  region size 1024K, 33 young (33792K), 3 survivors (3072K)
 Metaspace       used 81900K, committed 82432K, reserved 1179648K
  class space    used 10909K, committed 11136K, reserved 1048576K
}

Dll operation events (10 events):
Event: 0.005 Loaded shared library C:\Users\thang\.vscode\extensions\redhat.java-1.37.0-win32-x64\jre\17.0.13-win32-x86_64\bin\java.dll
Event: 0.123 Loaded shared library C:\Users\thang\.vscode\extensions\redhat.java-1.37.0-win32-x64\jre\17.0.13-win32-x86_64\bin\jimage.dll
Event: 0.133 Loaded shared library C:\Users\thang\.vscode\extensions\redhat.java-1.37.0-win32-x64\jre\17.0.13-win32-x86_64\bin\net.dll
Event: 0.135 Loaded shared library C:\Users\thang\.vscode\extensions\redhat.java-1.37.0-win32-x64\jre\17.0.13-win32-x86_64\bin\nio.dll
Event: 0.138 Loaded shared library C:\Users\thang\.vscode\extensions\redhat.java-1.37.0-win32-x64\jre\17.0.13-win32-x86_64\bin\zip.dll
Event: 0.193 Loaded shared library C:\Users\thang\.vscode\extensions\redhat.java-1.37.0-win32-x64\jre\17.0.13-win32-x86_64\bin\management.dll
Event: 0.208 Loaded shared library C:\Users\thang\.vscode\extensions\redhat.java-1.37.0-win32-x64\jre\17.0.13-win32-x86_64\bin\management_ext.dll
Event: 0.402 Loaded shared library C:\Users\thang\.vscode\extensions\redhat.java-1.37.0-win32-x64\jre\17.0.13-win32-x86_64\bin\extnet.dll
Event: 1.125 Loaded shared library C:\Users\thang\.vscode\extensions\redhat.java-1.37.0-win32-x64\jre\17.0.13-win32-x86_64\bin\sunmscapi.dll
Event: 2.643 Loaded shared library C:\Users\thang\.vscode\extensions\redhat.java-1.37.0-win32-x64\jre\17.0.13-win32-x86_64\bin\verify.dll

Deoptimization events (20 events):
Event: 10.881 Thread 0x0000018db29522b0 Uncommon trap: trap_request=0xffffff45 fr.pc=0x0000018d9d42ba60 relative=0x0000000000000060
Event: 10.881 Thread 0x0000018db29522b0 Uncommon trap: reason=unstable_if action=reinterpret pc=0x0000018d9d42ba60 method=java.util.concurrent.ConcurrentHashMap.sumCount()J @ 11 c2
Event: 10.881 Thread 0x0000018db29522b0 DEOPT PACKING pc=0x0000018d9d42ba60 sp=0x0000006c27efde00
Event: 10.881 Thread 0x0000018db29522b0 DEOPT UNPACKING pc=0x0000018d9cd769a3 sp=0x0000006c27efdd60 mode 2
Event: 10.894 Thread 0x0000018db29536f0 Uncommon trap: trap_request=0xffffff45 fr.pc=0x0000018d9d3e9ae8 relative=0x0000000000004e28
Event: 10.894 Thread 0x0000018db29536f0 Uncommon trap: reason=unstable_if action=reinterpret pc=0x0000018d9d3e9ae8 method=java.util.concurrent.locks.ReentrantLock$Sync.lock()V @ 4 c2
Event: 10.894 Thread 0x0000018db29536f0 DEOPT PACKING pc=0x0000018d9d3e9ae8 sp=0x0000006c27ffc1d0
Event: 10.894 Thread 0x0000018db29536f0 DEOPT UNPACKING pc=0x0000018d9cd769a3 sp=0x0000006c27ffbea0 mode 2
Event: 10.894 Thread 0x0000018db2956ea0 Uncommon trap: trap_request=0xffffff45 fr.pc=0x0000018d9d3f9bf8 relative=0x0000000000000a18
Event: 10.894 Thread 0x0000018db2956ea0 Uncommon trap: reason=unstable_if action=reinterpret pc=0x0000018d9d3f9bf8 method=org.springframework.util.ConcurrentReferenceHashMap$1.execute(Lorg/springframework/util/ConcurrentReferenceHashMap$Reference;Lorg/springframework/util/ConcurrentReferenceHas
Event: 10.894 Thread 0x0000018db2956ea0 DEOPT PACKING pc=0x0000018d9d3f9bf8 sp=0x0000006c282fb990
Event: 10.894 Thread 0x0000018db2956ea0 DEOPT UNPACKING pc=0x0000018d9cd769a3 sp=0x0000006c282fb710 mode 2
Event: 10.894 Thread 0x0000018db29536f0 Uncommon trap: trap_request=0xffffff45 fr.pc=0x0000018d9d430820 relative=0x0000000000002900
Event: 10.894 Thread 0x0000018db29536f0 Uncommon trap: reason=unstable_if action=reinterpret pc=0x0000018d9d430820 method=java.util.concurrent.ConcurrentMap.computeIfAbsent(Ljava/lang/Object;Ljava/util/function/Function;)Ljava/lang/Object; @ 41 c2
Event: 10.894 Thread 0x0000018db29536f0 DEOPT PACKING pc=0x0000018d9d430820 sp=0x0000006c27ffbb60
Event: 10.894 Thread 0x0000018db29536f0 DEOPT UNPACKING pc=0x0000018d9cd769a3 sp=0x0000006c27ffba88 mode 2
Event: 10.895 Thread 0x0000018db29536f0 Uncommon trap: trap_request=0xffffff45 fr.pc=0x0000018d9d426a18 relative=0x00000000000001f8
Event: 10.895 Thread 0x0000018db29536f0 Uncommon trap: reason=unstable_if action=reinterpret pc=0x0000018d9d426a18 method=java.lang.Class.newReflectionData(Ljava/lang/ref/SoftReference;I)Ljava/lang/Class$ReflectionData; @ 22 c2
Event: 10.895 Thread 0x0000018db29536f0 DEOPT PACKING pc=0x0000018d9d426a18 sp=0x0000006c27ffb1b0
Event: 10.895 Thread 0x0000018db29536f0 DEOPT UNPACKING pc=0x0000018d9cd769a3 sp=0x0000006c27ffb0e8 mode 2

Classes loaded (20 events):
Event: 10.869 Loading class java/util/concurrent/atomic/Striped64$Cell
Event: 10.869 Loading class java/util/concurrent/atomic/Striped64$Cell done
Event: 10.890 Loading class java/util/stream/ReferencePipeline$4
Event: 10.890 Loading class java/util/stream/ReferencePipeline$4 done
Event: 10.890 Loading class java/util/function/IntBinaryOperator
Event: 10.890 Loading class java/util/function/IntBinaryOperator done
Event: 10.890 Loading class java/util/stream/ReduceOps$7
Event: 10.890 Loading class java/util/stream/ReduceOps$7 done
Event: 10.890 Loading class java/util/stream/ReduceOps$6ReducingSink
Event: 10.890 Loading class java/util/stream/ReduceOps$6ReducingSink done
Event: 10.891 Loading class java/util/stream/ReferencePipeline$4$1
Event: 10.891 Loading class java/util/stream/ReferencePipeline$4$1 done
Event: 10.896 Loading class java/lang/Throwable$WrappedPrintWriter
Event: 10.896 Loading class java/lang/Throwable$PrintStreamOrWriter
Event: 10.896 Loading class java/lang/Throwable$PrintStreamOrWriter done
Event: 10.896 Loading class java/lang/Throwable$WrappedPrintWriter done
Event: 10.902 Loading class java/util/OptionalLong
Event: 10.902 Loading class java/util/OptionalLong done
Event: 10.903 Loading class java/util/OptionalDouble
Event: 10.903 Loading class java/util/OptionalDouble done

Classes unloaded (0 events):
No events

Classes redefined (0 events):
No events

Internal exceptions (20 events):
Event: 4.296 Thread 0x0000018db131eb00 Exception <a 'java/lang/reflect/InvocationTargetException'{0x000000008e5becb0}> (0x000000008e5becb0) 
thrown [s\src\hotspot\share\runtime\reflection.cpp, line 1128]
Event: 4.297 Thread 0x0000018db131eb00 Exception <a 'java/lang/reflect/InvocationTargetException'{0x000000008e5c92c8}> (0x000000008e5c92c8) 
thrown [s\src\hotspot\share\runtime\reflection.cpp, line 1128]
Event: 4.298 Thread 0x0000018db131eb00 Exception <a 'java/lang/reflect/InvocationTargetException'{0x000000008e5d27a0}> (0x000000008e5d27a0) 
thrown [s\src\hotspot\share\runtime\reflection.cpp, line 1128]
Event: 4.319 Thread 0x0000018db131eb00 Exception <a 'java/lang/reflect/InvocationTargetException'{0x000000008e368f48}> (0x000000008e368f48) 
thrown [s\src\hotspot\share\runtime\reflection.cpp, line 1128]
Event: 4.325 Thread 0x0000018db131eb00 Exception <a 'java/lang/reflect/InvocationTargetException'{0x000000008e38c4f8}> (0x000000008e38c4f8) 
thrown [s\src\hotspot\share\runtime\reflection.cpp, line 1128]
Event: 4.327 Thread 0x0000018db131eb00 Exception <a 'java/lang/reflect/InvocationTargetException'{0x000000008e398da0}> (0x000000008e398da0) 
thrown [s\src\hotspot\share\runtime\reflection.cpp, line 1128]
Event: 4.359 Thread 0x0000018db131eb00 Exception <a 'java/io/FileNotFoundException'{0x000000008e07e7a8}> (0x000000008e07e7a8) 
thrown [s\src\hotspot\share\prims\jni.cpp, line 516]
Event: 4.359 Thread 0x0000018db131eb00 Exception <a 'java/io/FileNotFoundException'{0x000000008e0899a0}> (0x000000008e0899a0) 
thrown [s\src\hotspot\share\prims\jni.cpp, line 516]
Event: 4.586 Thread 0x0000018db131eb00 Exception <a 'sun/nio/fs/WindowsException'{0x000000008d0de008}> (0x000000008d0de008) 
thrown [s\src\hotspot\share\prims\jni.cpp, line 516]
Event: 4.628 Thread 0x0000018db131eb00 Exception <a 'java/lang/IncompatibleClassChangeError'{0x000000009198c378}: Found class java.lang.Object, but interface was expected> (0x000000009198c378) 
thrown [s\src\hotspot\share\interpreter\linkResolver.cpp, line 826]
Event: 4.713 Thread 0x0000018db131eb00 Exception <a 'java/lang/NoSuchMethodError'{0x000000008e1dc408}: 'void java.lang.invoke.DirectMethodHandle$Holder.invokeVirtual(java.lang.Object, java.lang.Object, long)'> (0x000000008e1dc408) 
thrown [s\src\hotspot\share\interpreter\linkResolver.cpp, line 759]
Event: 4.808 Thread 0x0000018db131eb00 Exception <a 'java/lang/IncompatibleClassChangeError'{0x000000008dac99c0}: Found class java.lang.Object, but interface was expected> (0x000000008dac99c0) 
thrown [s\src\hotspot\share\interpreter\linkResolver.cpp, line 826]
Event: 4.816 Thread 0x0000018db131eb00 Implicit null exception at 0x0000018d9d3f4b5a to 0x0000018d9d3f4d90
Event: 4.830 Thread 0x0000018db131eb00 Exception <a 'java/lang/NoSuchMethodError'{0x000000008d833410}: 'java.lang.Object java.lang.invoke.DirectMethodHandle$Holder.invokeSpecial(java.lang.Object, java.lang.Object, java.lang.Object, java.lang.Object, java.lang.Object, java.lang.Object, java.lang.Object, java.lang.Object, java.lang.Object, java.lang.Object, java.lang.Object)'> (0x000000008d833410) 
thrown [s\src\hotspot\share\interpreter\linkResolver.cpp, line 759]
Event: 4.830 Thread 0x0000018db131eb00 Exception <a 'java/lang/NoSuchMethodError'{0x000000008d837840}: 'java.lang.Object java.lang.invoke.Invokers$Holder.invoke_MT(java.lang.Object, java.lang.Object, java.lang.Object, java.lang.Object, java.lang.Object, java.lang.Object, java.lang.Object, java.lang.Object, java.lang.Object, java.lang.Object, java.lang.Object)'> (0x000000008d837840) 
thrown [s\src\hotspot\share\interpreter\linkResolver.cpp, line 759]
Event: 4.918 Thread 0x0000018db131eb00 Exception <a 'java/lang/NoSuchMethodError'{0x000000008d3de588}: 'java.lang.Object java.lang.invoke.DirectMethodHandle$Holder.newInvokeSpecial(java.lang.Object, java.lang.Object, int, java.lang.Object, java.lang.Object)'> (0x000000008d3de588) 
thrown [s\src\hotspot\share\interpreter\linkResolver.cpp, line 759]
Event: 9.903 Thread 0x0000018db2955040 Exception <a 'java/lang/NoSuchMethodError'{0x000000008f027ad8}: 'java.lang.Object java.lang.invoke.DirectMethodHandle$Holder.invokeSpecial(java.lang.Object, java.lang.Object, java.lang.Object, java.lang.Object, java.lang.Object, long)'> (0x000000008f027ad8) 
thrown [s\src\hotspot\share\interpreter\linkResolver.cpp, line 759]
Event: 9.904 Thread 0x0000018db2955040 Exception <a 'java/lang/NoSuchMethodError'{0x000000008f02b518}: 'java.lang.Object java.lang.invoke.Invokers$Holder.linkToTargetMethod(java.lang.Object, java.lang.Object, java.lang.Object, long, java.lang.Object)'> (0x000000008f02b518) 
thrown [s\src\hotspot\share\interpreter\linkResolver.cpp, line 759]
Event: 10.118 Thread 0x0000018db2955040 Exception <a 'java/lang/IncompatibleClassChangeError'{0x000000008e890a80}: Found class java.lang.Object, but interface was expected> (0x000000008e890a80) 
thrown [s\src\hotspot\share\interpreter\linkResolver.cpp, line 826]
Event: 10.832 Thread 0x0000018db2955550 Exception <a 'java/lang/NoSuchMethodError'{0x000000008daf5ab0}: 'java.lang.Object java.lang.invoke.DirectMethodHandle$Holder.invokeStatic(java.lang.Object, int, int)'> (0x000000008daf5ab0) 
thrown [s\src\hotspot\share\interpreter\linkResolver.cpp, line 759]

VM Operations (20 events):
Event: 6.141 Executing VM operation: Cleanup done
Event: 7.142 Executing VM operation: Cleanup
Event: 7.142 Executing VM operation: Cleanup done
Event: 9.929 Executing VM operation: HandshakeAllThreads
Event: 9.930 Executing VM operation: HandshakeAllThreads done
Event: 9.930 Executing VM operation: Cleanup
Event: 9.930 Executing VM operation: Cleanup done
Event: 9.998 Executing VM operation: HandshakeAllThreads
Event: 9.998 Executing VM operation: HandshakeAllThreads done
Event: 10.154 Executing VM operation: HandshakeAllThreads
Event: 10.154 Executing VM operation: HandshakeAllThreads done
Event: 10.161 Executing VM operation: HandshakeAllThreads
Event: 10.161 Executing VM operation: HandshakeAllThreads done
Event: 10.172 Executing VM operation: HandshakeAllThreads
Event: 10.172 Executing VM operation: HandshakeAllThreads done
Event: 10.630 Executing VM operation: HandshakeAllThreads
Event: 10.630 Executing VM operation: HandshakeAllThreads done
Event: 10.648 Executing VM operation: ICBufferFull
Event: 10.649 Executing VM operation: ICBufferFull done
Event: 10.903 Executing VM operation: G1CollectForAllocation

Memory protections (0 events):
No events

Nmethod flushes (20 events):
Event: 5.147 Thread 0x0000018db0072d80 flushing  nmethod 0x0000018d961c6690
Event: 5.147 Thread 0x0000018db0072d80 flushing  nmethod 0x0000018d961d1090
Event: 5.147 Thread 0x0000018db0072d80 flushing  nmethod 0x0000018d961dab90
Event: 5.147 Thread 0x0000018db0072d80 flushing  nmethod 0x0000018d961e6f90
Event: 5.147 Thread 0x0000018db0072d80 flushing  nmethod 0x0000018d9627a510
Event: 5.147 Thread 0x0000018db0072d80 flushing  nmethod 0x0000018d962fb710
Event: 5.147 Thread 0x0000018db0072d80 flushing  nmethod 0x0000018d96313210
Event: 5.147 Thread 0x0000018db0072d80 flushing  nmethod 0x0000018d96313c90
Event: 5.147 Thread 0x0000018db0072d80 flushing  nmethod 0x0000018d96314590
Event: 5.147 Thread 0x0000018db0072d80 flushing  nmethod 0x0000018d96315410
Event: 5.147 Thread 0x0000018db0072d80 flushing  nmethod 0x0000018d96315d90
Event: 5.147 Thread 0x0000018db0072d80 flushing  nmethod 0x0000018d96318610
Event: 5.147 Thread 0x0000018db0072d80 flushing  nmethod 0x0000018d96319490
Event: 5.147 Thread 0x0000018db0072d80 flushing  nmethod 0x0000018d9631d290
Event: 5.147 Thread 0x0000018db0072d80 flushing  nmethod 0x0000018d9631f410
Event: 5.147 Thread 0x0000018db0072d80 flushing  nmethod 0x0000018d96363a90
Event: 5.148 Thread 0x0000018db0072d80 flushing  nmethod 0x0000018d96383390
Event: 5.148 Thread 0x0000018db0072d80 flushing  nmethod 0x0000018d96387510
Event: 5.148 Thread 0x0000018db0072d80 flushing  nmethod 0x0000018d963f9810
Event: 5.148 Thread 0x0000018db0072d80 flushing  nmethod 0x0000018d96455210

Events (20 events):
Event: 4.901 Thread 0x0000018db131eb00 Thread added: 0x0000018db2955f70
Event: 4.901 Thread 0x0000018db2955f70 Thread exited: 0x0000018db2955f70
Event: 4.901 Thread 0x0000018db131eb00 Thread added: 0x0000018db2955f70
Event: 4.925 Thread 0x0000018db131eb00 Thread added: 0x0000018db2955040
Event: 4.925 Thread 0x0000018db131eb00 Thread added: 0x0000018db2955550
Event: 4.925 Thread 0x0000018db131eb00 Thread added: 0x0000018db2956480
Event: 4.925 Thread 0x0000018db131eb00 Thread added: 0x0000018db29522b0
Event: 4.925 Thread 0x0000018db131eb00 Thread added: 0x0000018db29536f0
Event: 4.925 Thread 0x0000018db131eb00 Thread added: 0x0000018db2956990
Event: 4.925 Thread 0x0000018db131eb00 Thread added: 0x0000018db29587f0
Event: 4.925 Thread 0x0000018db131eb00 Thread added: 0x0000018db2956ea0
Event: 4.925 Thread 0x0000018db131eb00 Thread added: 0x0000018db29573b0
Event: 4.925 Thread 0x0000018db131eb00 Thread added: 0x0000018db29578c0
Event: 4.936 Thread 0x0000018db131eb00 Thread added: 0x0000018db2957dd0
Event: 4.937 Thread 0x0000018db131eb00 Thread added: 0x0000018db29582e0
Event: 4.958 Thread 0x0000018db131eb00 Thread exited: 0x0000018db131eb00
Event: 4.959 Thread 0x0000018db13a9d80 Thread exited: 0x0000018db13a9d80
Event: 4.960 Thread 0x0000018d92b6ea80 Thread exited: 0x0000018d92b6ea80
Event: 4.960 Thread 0x0000018db2958d00 Thread added: 0x0000018db2958d00
Event: 8.495 Thread 0x0000018db2955a60 Thread exited: 0x0000018db2955a60


Dynamic libraries:
0x00007ff74be40000 - 0x00007ff74be4e000 	C:\Users\thang\.vscode\extensions\redhat.java-1.37.0-win32-x64\jre\17.0.13-win32-x86_64\bin\java.exe
0x00007ffe03ab0000 - 0x00007ffe03cc7000 	C:\WINDOWS\SYSTEM32\ntdll.dll
0x00007ffe02050000 - 0x00007ffe02114000 	C:\WINDOWS\System32\KERNEL32.DLL
0x00007ffe00db0000 - 0x00007ffe01169000 	C:\WINDOWS\System32\KERNELBASE.dll
0x00007ffe015f0000 - 0x00007ffe01701000 	C:\WINDOWS\System32\ucrtbase.dll
0x00007ffdf0720000 - 0x00007ffdf0737000 	C:\Users\thang\.vscode\extensions\redhat.java-1.37.0-win32-x64\jre\17.0.13-win32-x86_64\bin\jli.dll
0x00007ffdef230000 - 0x00007ffdef24e000 	C:\Users\thang\.vscode\extensions\redhat.java-1.37.0-win32-x64\jre\17.0.13-win32-x86_64\bin\VCRUNTIME140.dll
0x00007ffe01a60000 - 0x00007ffe01c0e000 	C:\WINDOWS\System32\USER32.dll
0x00007ffe012e0000 - 0x00007ffe01306000 	C:\WINDOWS\System32\win32u.dll
0x00007ffdefb70000 - 0x00007ffdefe02000 	C:\WINDOWS\WinSxS\amd64_microsoft.windows.common-controls_6595b64144ccf1df_6.0.22621.4391_none_2715d37f73803e96\COMCTL32.dll
0x00007ffe039c0000 - 0x00007ffe039e9000 	C:\WINDOWS\System32\GDI32.dll
0x00007ffe03210000 - 0x00007ffe032b7000 	C:\WINDOWS\System32\msvcrt.dll
0x00007ffe01450000 - 0x00007ffe0156b000 	C:\WINDOWS\System32\gdi32full.dll
0x00007ffe013b0000 - 0x00007ffe0144a000 	C:\WINDOWS\System32\msvcp_win.dll
0x00007ffe01930000 - 0x00007ffe01961000 	C:\WINDOWS\System32\IMM32.DLL
0x00007ffdfca70000 - 0x00007ffdfca7c000 	C:\Users\thang\.vscode\extensions\redhat.java-1.37.0-win32-x64\jre\17.0.13-win32-x86_64\bin\vcruntime140_1.dll
0x00007ffdb1b90000 - 0x00007ffdb1c1d000 	C:\Users\thang\.vscode\extensions\redhat.java-1.37.0-win32-x64\jre\17.0.13-win32-x86_64\bin\msvcp140.dll
0x00007ffd81b40000 - 0x00007ffd827ab000 	C:\Users\thang\.vscode\extensions\redhat.java-1.37.0-win32-x64\jre\17.0.13-win32-x86_64\bin\server\jvm.dll
0x00007ffe01f70000 - 0x00007ffe02022000 	C:\WINDOWS\System32\ADVAPI32.dll
0x00007ffe032c0000 - 0x00007ffe03367000 	C:\WINDOWS\System32\sechost.dll
0x00007ffe01380000 - 0x00007ffe013a8000 	C:\WINDOWS\System32\bcrypt.dll
0x00007ffe038a0000 - 0x00007ffe039b4000 	C:\WINDOWS\System32\RPCRT4.dll
0x00007ffe03530000 - 0x00007ffe035a1000 	C:\WINDOWS\System32\WS2_32.dll
0x00007ffe00c80000 - 0x00007ffe00ccd000 	C:\WINDOWS\SYSTEM32\POWRPROF.dll
0x00007ffdf9200000 - 0x00007ffdf920a000 	C:\WINDOWS\SYSTEM32\VERSION.dll
0x00007ffdfc830000 - 0x00007ffdfc864000 	C:\WINDOWS\SYSTEM32\WINMM.dll
0x00007ffe00c60000 - 0x00007ffe00c73000 	C:\WINDOWS\SYSTEM32\UMPDC.dll
0x00007ffdffdb0000 - 0x00007ffdffdc8000 	C:\WINDOWS\SYSTEM32\kernel.appcore.dll
0x00007ffdfc040000 - 0x00007ffdfc04a000 	C:\Users\thang\.vscode\extensions\redhat.java-1.37.0-win32-x64\jre\17.0.13-win32-x86_64\bin\jimage.dll
0x00007ffdfe6e0000 - 0x00007ffdfe912000 	C:\WINDOWS\SYSTEM32\DBGHELP.DLL
0x00007ffe02e80000 - 0x00007ffe0320f000 	C:\WINDOWS\System32\combase.dll
0x00007ffe035b0000 - 0x00007ffe03687000 	C:\WINDOWS\System32\OLEAUT32.dll
0x00007ffdf4ba0000 - 0x00007ffdf4bd2000 	C:\WINDOWS\SYSTEM32\dbgcore.DLL
0x00007ffe01570000 - 0x00007ffe015eb000 	C:\WINDOWS\System32\bcryptPrimitives.dll
0x00007ffdd2a90000 - 0x00007ffdd2ab5000 	C:\Users\thang\.vscode\extensions\redhat.java-1.37.0-win32-x64\jre\17.0.13-win32-x86_64\bin\java.dll
0x00007ffded980000 - 0x00007ffded998000 	C:\Users\thang\.vscode\extensions\redhat.java-1.37.0-win32-x64\jre\17.0.13-win32-x86_64\bin\zip.dll
0x00007ffe02120000 - 0x00007ffe02996000 	C:\WINDOWS\System32\SHELL32.dll
0x00007ffdfeca0000 - 0x00007ffdff5a3000 	C:\WINDOWS\SYSTEM32\windows.storage.dll
0x00007ffdfeb60000 - 0x00007ffdfec9f000 	C:\WINDOWS\SYSTEM32\wintypes.dll
0x00007ffe01c20000 - 0x00007ffe01d19000 	C:\WINDOWS\System32\SHCORE.dll
0x00007ffe018d0000 - 0x00007ffe0192e000 	C:\WINDOWS\System32\shlwapi.dll
0x00007ffe00ce0000 - 0x00007ffe00d0b000 	C:\WINDOWS\SYSTEM32\profapi.dll
0x00007ffdec920000 - 0x00007ffdec939000 	C:\Users\thang\.vscode\extensions\redhat.java-1.37.0-win32-x64\jre\17.0.13-win32-x86_64\bin\net.dll
0x00007ffdfc6f0000 - 0x00007ffdfc826000 	C:\WINDOWS\SYSTEM32\WINHTTP.dll
0x00007ffe00220000 - 0x00007ffe00289000 	C:\WINDOWS\system32\mswsock.dll
0x00007ffdebcd0000 - 0x00007ffdebce6000 	C:\Users\thang\.vscode\extensions\redhat.java-1.37.0-win32-x64\jre\17.0.13-win32-x86_64\bin\nio.dll
0x00007ffdfcaf0000 - 0x00007ffdfcafa000 	C:\Users\thang\.vscode\extensions\redhat.java-1.37.0-win32-x64\jre\17.0.13-win32-x86_64\bin\management.dll
0x00007ffdf45f0000 - 0x00007ffdf45fb000 	C:\Users\thang\.vscode\extensions\redhat.java-1.37.0-win32-x64\jre\17.0.13-win32-x86_64\bin\management_ext.dll
0x00007ffe019f0000 - 0x00007ffe019f8000 	C:\WINDOWS\System32\PSAPI.DLL
0x00007ffde7980000 - 0x00007ffde7997000 	C:\WINDOWS\system32\napinsp.dll
0x00007ffde6ee0000 - 0x00007ffde6efb000 	C:\WINDOWS\system32\pnrpnsp.dll
0x00007ffdff880000 - 0x00007ffdff982000 	C:\WINDOWS\SYSTEM32\DNSAPI.dll
0x00007ffdff850000 - 0x00007ffdff87d000 	C:\WINDOWS\SYSTEM32\IPHLPAPI.DLL
0x00007ffe03520000 - 0x00007ffe03529000 	C:\WINDOWS\System32\NSI.dll
0x00007ffde5a20000 - 0x00007ffde5a31000 	C:\WINDOWS\System32\winrnr.dll
0x00007ffde3f10000 - 0x00007ffde3f25000 	C:\WINDOWS\system32\wshbth.dll
0x00007ffde2aa0000 - 0x00007ffde2ac7000 	C:\WINDOWS\system32\nlansp_c.dll
0x00007ffded640000 - 0x00007ffded64a000 	C:\Windows\System32\rasadhlp.dll
0x00007ffdfa470000 - 0x00007ffdfa4f3000 	C:\WINDOWS\System32\fwpuclnt.dll
0x00007ffe00450000 - 0x00007ffe0046b000 	C:\WINDOWS\SYSTEM32\CRYPTSP.dll
0x00007ffdffd10000 - 0x00007ffdffd45000 	C:\WINDOWS\system32\rsaenh.dll
0x00007ffe002d0000 - 0x00007ffe002f8000 	C:\WINDOWS\SYSTEM32\USERENV.dll
0x00007ffe00470000 - 0x00007ffe0047c000 	C:\WINDOWS\SYSTEM32\CRYPTBASE.dll
0x00007ffdfcde0000 - 0x00007ffdfcdf9000 	C:\WINDOWS\SYSTEM32\dhcpcsvc6.DLL
0x00007ffdfc5f0000 - 0x00007ffdfc60f000 	C:\WINDOWS\SYSTEM32\dhcpcsvc.DLL
0x00007ffdf0960000 - 0x00007ffdf0969000 	C:\Users\thang\.vscode\extensions\redhat.java-1.37.0-win32-x64\jre\17.0.13-win32-x86_64\bin\extnet.dll
0x00007ffdf0e20000 - 0x00007ffdf0e2e000 	C:\Users\thang\.vscode\extensions\redhat.java-1.37.0-win32-x64\jre\17.0.13-win32-x86_64\bin\sunmscapi.dll
0x00007ffe01170000 - 0x00007ffe012d6000 	C:\WINDOWS\System32\CRYPT32.dll
0x00007ffe00680000 - 0x00007ffe006ad000 	C:\WINDOWS\SYSTEM32\ncrypt.dll
0x00007ffe00640000 - 0x00007ffe00677000 	C:\WINDOWS\SYSTEM32\NTASN1.dll
0x00007ffdf4600000 - 0x00007ffdf4610000 	C:\Users\thang\.vscode\extensions\redhat.java-1.37.0-win32-x64\jre\17.0.13-win32-x86_64\bin\verify.dll
0x00007ffdf4420000 - 0x00007ffdf4428000 	C:\WINDOWS\system32\wshunix.dll

dbghelp: loaded successfully - version: 4.0.5 - missing functions: none
symbol engine: initialized successfully - sym options: 0x614 - pdb path: .;C:\Users\thang\.vscode\extensions\redhat.java-1.37.0-win32-x64\jre\17.0.13-win32-x86_64\bin;C:\WINDOWS\SYSTEM32;C:\WINDOWS\WinSxS\amd64_microsoft.windows.common-controls_6595b64144ccf1df_6.0.22621.4391_none_2715d37f73803e96;C:\Users\thang\.vscode\extensions\redhat.java-1.37.0-win32-x64\jre\17.0.13-win32-x86_64\bin\server

VM Arguments:
jvm_args: -Dcom.sun.management.jmxremote -Dcom.sun.management.jmxremote.port=63270 -Dcom.sun.management.jmxremote.authenticate=false -Dcom.sun.management.jmxremote.ssl=false -Dspring.jmx.enabled=true -Djava.rmi.server.hostname=localhost -Dspring.application.admin.enabled=true -Dspring.boot.project.name=demo -XX:+ShowCodeDetailsInExceptionMessages 
java_command: com.laptrinhweb.DemoApplication
java_class_path (initial): D:\VSCode\FruitMarket\demo\target\classes;C:\Users\thang\.m2\repository\org\springframework\boot\spring-boot-starter-data-jpa\3.4.0\spring-boot-starter-data-jpa-3.4.0.jar;C:\Users\thang\.m2\repository\org\springframework\boot\spring-boot-starter\3.4.0\spring-boot-starter-3.4.0.jar;C:\Users\thang\.m2\repository\org\springframework\boot\spring-boot-starter-logging\3.4.0\spring-boot-starter-logging-3.4.0.jar;C:\Users\thang\.m2\repository\ch\qos\logback\logback-classic\1.5.12\logback-classic-1.5.12.jar;C:\Users\thang\.m2\repository\ch\qos\logback\logback-core\1.5.12\logback-core-1.5.12.jar;C:\Users\thang\.m2\repository\org\apache\logging\log4j\log4j-to-slf4j\2.24.1\log4j-to-slf4j-2.24.1.jar;C:\Users\thang\.m2\repository\org\apache\logging\log4j\log4j-api\2.24.1\log4j-api-2.24.1.jar;C:\Users\thang\.m2\repository\org\slf4j\jul-to-slf4j\2.0.16\jul-to-slf4j-2.0.16.jar;C:\Users\thang\.m2\repository\jakarta\annotation\jakarta.annotation-api\2.1.1\jakarta.annotation-api-2.1.1.jar;C:\Users\thang\.m2\repository\org\yaml\snakeyaml\2.3\snakeyaml-2.3.jar;C:\Users\thang\.m2\repository\org\springframework\boot\spring-boot-starter-jdbc\3.4.0\spring-boot-starter-jdbc-3.4.0.jar;C:\Users\thang\.m2\repository\com\zaxxer\HikariCP\5.1.0\HikariCP-5.1.0.jar;C:\Users\thang\.m2\repository\org\springframework\spring-jdbc\6.2.0\spring-jdbc-6.2.0.jar;C:\Users\thang\.m2\repository\org\springframework\data\spring-data-jpa\3.4.0\spring-data-jpa-3.4.0.jar;C:\Users\thang\.m2\repository\org\springframework\data\spring-data-commons\3.4.0\spring-data-commons-3.4.0.jar;C:\Users\thang\.m2\repository\org\springframework\spring-orm\6.2.0\spring-orm-6.2.0.jar;C:\Users\thang\.m2\repository\org\springframework\spring-context\6.2.0\spring-context-6.2.0.jar;C:\Users\thang\.m2\repository\org\springframework\spring-tx\6.2.0\spring-tx-6.2.0.jar;C:\Users\thang\.m2\repository\org\springframework\spring-beans\6.2.0\spring-beans-6.2.0.jar;C:\Users\thang\.m2\repository\org\springframework\spri
Launcher Type: SUN_STANDARD

[Global flags]
     intx CICompilerCount                          = 4                                         {product} {ergonomic}
     uint ConcGCThreads                            = 3                                         {product} {ergonomic}
     uint G1ConcRefinementThreads                  = 10                                        {product} {ergonomic}
   size_t G1HeapRegionSize                         = 1048576                                   {product} {ergonomic}
    uintx GCDrainStackTargetSize                   = 64                                        {product} {ergonomic}
   size_t InitialHeapSize                          = 123731968                                 {product} {ergonomic}
     bool ManagementServer                         = true                                      {product} {command line}
   size_t MarkStackSize                            = 4194304                                   {product} {ergonomic}
   size_t MaxHeapSize                              = 1975517184                                {product} {ergonomic}
   size_t MaxNewSize                               = 1184890880                                {product} {ergonomic}
   size_t MinHeapDeltaBytes                        = 1048576                                   {product} {ergonomic}
   size_t MinHeapSize                              = 8388608                                   {product} {ergonomic}
    uintx NonNMethodCodeHeapSize                   = 5839372                                {pd product} {ergonomic}
    uintx NonProfiledCodeHeapSize                  = 122909434                              {pd product} {ergonomic}
    uintx ProfiledCodeHeapSize                     = 122909434                              {pd product} {ergonomic}
    uintx ReservedCodeCacheSize                    = 251658240                              {pd product} {ergonomic}
     bool SegmentedCodeCache                       = true                                      {product} {ergonomic}
     bool ShowCodeDetailsInExceptionMessages       = true                                   {manageable} {command line}
   size_t SoftMaxHeapSize                          = 1975517184                             {manageable} {ergonomic}
     bool UseCompressedClassPointers               = true                           {product lp64_product} {ergonomic}
     bool UseCompressedOops                        = true                           {product lp64_product} {ergonomic}
     bool UseG1GC                                  = true                                      {product} {ergonomic}
     bool UseLargePagesIndividualAllocation        = false                                  {pd product} {ergonomic}

Logging:
Log output configuration:
 #0: stdout all=warning uptime,level,tags
 #1: stderr all=off uptime,level,tags

Environment Variables:
JAVA_HOME=C:\Program Files\Java\jdk-22
PATH=C:\Program Files\Common Files\Oracle\Java\javapath;C:\Program Files (x86)\Common Files\Oracle\Java\java8path;C:\Program Files (x86)\Common Files\Oracle\Java\javapath;C:\ProgramData\Oracle\Java\javapath;C:\Windows\system32;C:\Windows;C:\Windows\System32\Wbem;C:\Windows\System32\WindowsPowerShell\v1.0\;C:\Windows\System32\OpenSSH\;C:\Program Files (x86)\NVIDIA Corporation\PhysX\Common;C:\WINDOWS\system32;C:\WINDOWS;C:\WINDOWS\System32\Wbem;C:\WINDOWS\System32\WindowsPowerShell\v1.0\;C:\WINDOWS\System32\OpenSSH\;C:\Program Files\Git\cmd;C:\Program Files (x86)\Microsoft SQL Server\160\Tools\Binn\;C:\Program Files\Microsoft SQL Server\160\Tools\Binn\;C:\Program Files\Microsoft SQL Server\Client SDK\ODBC\170\Tools\Binn\;C:\Program Files\Microsoft SQL Server\160\DTS\Binn\;C:\Program Files (x86)\Microsoft SQL Server\160\DTS\Binn\;C:\Program Files\Azure Data Studio\bin;C:\Program Files\Java\jdk-22\bin;D:\MSYS\ucrt64\bin;C:\apache-maven-3.9.8\bin;C:\Program Files\NVIDIA Corporation\NVIDIA app\NvDLISR;C:\Program Files\Cloudflare\Cloudflare WARP\;C:\Users\thang\AppData\Local\Microsoft\WindowsApps;C:\Users\thang\AppData\Local\Programs\Microsoft VS Code\bin;C:\Users\thang\AppData\Local\GitHubDesktop\bin;C:\Program Files\Azure Data Studio\bin
USERNAME=thang
LANG=en_US.UTF-8
OS=Windows_NT
PROCESSOR_IDENTIFIER=AMD64 Family 25 Model 80 Stepping 0, AuthenticAMD
TMP=C:\Users\thang\AppData\Local\Temp
TEMP=C:\Users\thang\AppData\Local\Temp



Periodic native trim disabled


---------------  S Y S T E M  ---------------

OS:
 Windows 11 , 64 bit Build 22621 (10.0.22621.4391)
OS uptime: 10 days 2:27 hours
Hyper-V role detected

CPU: total 12 (initial active 12) (12 cores per cpu, 2 threads per core) family 25 model 80 stepping 0 microcode 0x0, cx8, cmov, fxsr, ht, mmx, 3dnowpref, sse, sse2, sse3, ssse3, sse4a, sse4.1, sse4.2, popcnt, lzcnt, tsc, tscinvbit, avx, avx2, aes, erms, clmul, bmi1, bmi2, adx, sha, fma, vzeroupper, clflush, clflushopt, hv
Processor Information for all 12 processors :
  Max Mhz: 2301, Current Mhz: 2301, Mhz Limit: 2301

Memory: 4k page, system-wide physical 7532M (64M free)
TotalPageFile size 19820M (AvailPageFile size 4M)
current process WorkingSet (physical memory assigned to process): 271M, peak: 283M
current process commit charge ("private bytes"): 307M, peak: 319M

vm_info: OpenJDK 64-Bit Server VM (17.0.13+11) for windows-amd64 JRE (17.0.13+11), built on Oct 16 2024 00:10:08 by "admin" with MS VC++ 17.7 (VS2022)

END.
