#
# There is insufficient memory for the Java Runtime Environment to continue.
# Native memory allocation (mmap) failed to map 123731968 bytes. Error detail: G1 virtual space
# Possible reasons:
#   The system is out of physical RAM or swap space
#   This process is running with CompressedOops enabled, and the Java Heap may be blocking the growth of the native heap
# Possible solutions:
#   Reduce memory load on the system
#   Increase physical memory or swap space
#   Check if swap backing store is full
#   Decrease Java heap size (-Xmx/-Xms)
#   Decrease number of Java threads
#   Decrease Java thread stack sizes (-Xss)
#   Set larger code cache with -XX:ReservedCodeCacheSize=
#   JVM is running with Unscaled Compressed Oops mode in which the Java heap is
#     placed in the first 4GB address space. The Java Heap base address is the
#     maximum limit for the native heap growth. Please use -XX:HeapBaseMinAddress
#     to set the Java Heap base and to place the Java Heap above 4GB virtual address.
# This output file may be truncated or incomplete.
#
#  Out of Memory Error (os_windows.cpp:3631), pid=13700, tid=13612
#
# JRE version:  (22.0+36) (build )
# Java VM: Java HotSpot(TM) 64-Bit Server VM (22+36-2370, mixed mode, sharing, tiered, compressed oops, compressed class ptrs, g1 gc, windows-amd64)
# No core dump will be written. Minidumps are not enabled by default on client versions of Windows
#

---------------  S U M M A R Y ------------

Command Line: -Dnet.bytebuddy.agent.attacher.dump= net.bytebuddy.agent.Attacher com.sun.tools.attach.VirtualMachine 18252 C:\Users\thang\.m2\repository\net\bytebuddy\byte-buddy-agent\1.15.10\byte-buddy-agent-1.15.10.jar false 

Host: AMD Ryzen 5 5625U with Radeon Graphics         , 12 cores, 7G,  Windows 11 , 64 bit Build 22621 (10.0.22621.4391)
Time: Mon Dec  2 23:05:25 2024 SE Asia Standard Time elapsed time: 0.012927 seconds (0d 0h 0m 0s)

---------------  T H R E A D  ---------------

Current thread (0x00000134e001cb80):  JavaThread "Unknown thread" [_thread_in_vm, id=13612, stack(0x0000000cc5600000,0x0000000cc5700000) (1024K)]

Stack: [0x0000000cc5600000,0x0000000cc5700000]
Native frames: (J=compiled Java code, j=interpreted, Vv=VM code, C=native code)
V  [jvm.dll+0x6e2349]  (no source info available)
V  [jvm.dll+0x874ed3]  (no source info available)
V  [jvm.dll+0x8772fe]  (no source info available)
V  [jvm.dll+0x8779d3]  (no source info available)
V  [jvm.dll+0x27fcb6]  (no source info available)
V  [jvm.dll+0x6de9e5]  (no source info available)
V  [jvm.dll+0x6d34ea]  (no source info available)
V  [jvm.dll+0x35892a]  (no source info available)
V  [jvm.dll+0x360e56]  (no source info available)
V  [jvm.dll+0x3b3d7e]  (no source info available)
V  [jvm.dll+0x3b4028]  (no source info available)
V  [jvm.dll+0x32c4ec]  (no source info available)
V  [jvm.dll+0x32d0a8]  (no source info available)
V  [jvm.dll+0x83cd9c]  (no source info available)
V  [jvm.dll+0x3c0cc1]  (no source info available)
V  [jvm.dll+0x825d8c]  (no source info available)
V  [jvm.dll+0x45b9ee]  (no source info available)
V  [jvm.dll+0x45d871]  (no source info available)
C  [jli.dll+0x52a3]  (no source info available)
C  [ucrtbase.dll+0x29333]  (no source info available)
C  [KERNEL32.DLL+0x1259d]  (no source info available)
C  [ntdll.dll+0x5af38]  (no source info available)


---------------  P R O C E S S  ---------------

Threads class SMR info:
_java_thread_list=0x00007ffd6a9ac1c8, length=0, elements={
}

Java Threads: ( => current thread )
Total: 0

Other Threads:
  0x00000134e0390920 WorkerThread "GC Thread#0"                     [id=4896, stack(0x0000000cc5700000,0x0000000cc5800000) (1024K)]
  0x00000134e03a0640 ConcurrentGCThread "G1 Main Marker"            [id=18016, stack(0x0000000cc5800000,0x0000000cc5900000) (1024K)]
  0x00000134e03a18f0 WorkerThread "G1 Conc#0"                       [id=11576, stack(0x0000000cc5900000,0x0000000cc5a00000) (1024K)]

[error occurred during error reporting (printing all threads), id 0xc0000005, EXCEPTION_ACCESS_VIOLATION (0xc0000005) at pc=0x00007ffd6a0ff2b7]
VM state: not at safepoint (not fully initialized)

VM Mutex/Monitor currently owned by a thread:  ([mutex/lock_event])
[0x00007ffd6aa2ccc8] Heap_lock - owner thread: 0x00000134e001cb80

Heap address: 0x000000008a400000, size: 1884 MB, Compressed Oops mode: 32-bit

CDS archive(s) mapped at: [0x0000000000000000-0x0000000000000000-0x0000000000000000), size 0, SharedBaseAddress: 0x0000000800000000, ArchiveRelocationMode: 1.
Narrow klass base: 0x0000000000000000, Narrow klass shift: 0, Narrow klass range: 0x0

GC Precious Log:
 CardTable entry size: 512
 Card Set container configuration: InlinePtr #cards 5 size 8 Array Of Cards #cards 12 size 40 Howl #buckets 4 coarsen threshold 1843 Howl Bitmap #cards 512 size 80 coarsen threshold 460 Card regions per heap region 1 cards per card region 2048

Heap:
 garbage-first heap   total reserved 1929216K, committed 0K, used 0K [0x000000008a400000, 0x0000000100000000)
  region size 1024K, 0 young (0K), 0 survivors (0K)

[error occurred during error reporting (printing heap information), id 0xc0000005, EXCEPTION_ACCESS_VIOLATION (0xc0000005) at pc=0x00007ffd6a4fe4e9]
GC Heap History (0 events):
No events

Dll operation events (1 events):
Event: 0.009 Loaded shared library C:\Program Files\Java\jdk-22\bin\java.dll

Deoptimization events (0 events):
No events

Classes loaded (0 events):
No events

Classes unloaded (0 events):
No events

Classes redefined (0 events):
No events

Internal exceptions (0 events):
No events

ZGC Phase Switch (0 events):
No events

VM Operations (0 events):
No events

Events (0 events):
No events


Dynamic libraries:
0x00007ff61eae0000 - 0x00007ff61eaf0000 	C:\Program Files\Java\jdk-22\bin\java.exe
0x00007ffe03ab0000 - 0x00007ffe03cc7000 	C:\WINDOWS\SYSTEM32\ntdll.dll
0x00007ffe02050000 - 0x00007ffe02114000 	C:\WINDOWS\System32\KERNEL32.DLL
0x00007ffe00db0000 - 0x00007ffe01169000 	C:\WINDOWS\System32\KERNELBASE.dll
0x00007ffe015f0000 - 0x00007ffe01701000 	C:\WINDOWS\System32\ucrtbase.dll
0x00007ffde3080000 - 0x00007ffde3097000 	C:\Program Files\Java\jdk-22\bin\jli.dll
0x00007ffded870000 - 0x00007ffded88b000 	C:\Program Files\Java\jdk-22\bin\VCRUNTIME140.dll
0x00007ffe01f70000 - 0x00007ffe02022000 	C:\WINDOWS\System32\ADVAPI32.dll
0x00007ffe03210000 - 0x00007ffe032b7000 	C:\WINDOWS\System32\msvcrt.dll
0x00007ffe032c0000 - 0x00007ffe03367000 	C:\WINDOWS\System32\sechost.dll
0x00007ffe01380000 - 0x00007ffe013a8000 	C:\WINDOWS\System32\bcrypt.dll
0x00007ffe038a0000 - 0x00007ffe039b4000 	C:\WINDOWS\System32\RPCRT4.dll
0x00007ffe01a60000 - 0x00007ffe01c0e000 	C:\WINDOWS\System32\USER32.dll
0x00007ffdefb70000 - 0x00007ffdefe02000 	C:\WINDOWS\WinSxS\amd64_microsoft.windows.common-controls_6595b64144ccf1df_6.0.22621.4391_none_2715d37f73803e96\COMCTL32.dll
0x00007ffe012e0000 - 0x00007ffe01306000 	C:\WINDOWS\System32\win32u.dll
0x00007ffe039c0000 - 0x00007ffe039e9000 	C:\WINDOWS\System32\GDI32.dll
0x00007ffe01450000 - 0x00007ffe0156b000 	C:\WINDOWS\System32\gdi32full.dll
0x00007ffe013b0000 - 0x00007ffe0144a000 	C:\WINDOWS\System32\msvcp_win.dll
0x00007ffdf9200000 - 0x00007ffdf920a000 	C:\WINDOWS\SYSTEM32\VERSION.dll
0x00007ffe01930000 - 0x00007ffe01961000 	C:\WINDOWS\System32\IMM32.DLL
0x00007ffdef150000 - 0x00007ffdef15c000 	C:\Program Files\Java\jdk-22\bin\vcruntime140_1.dll
0x00007ffdb7bf0000 - 0x00007ffdb7c7e000 	C:\Program Files\Java\jdk-22\bin\msvcp140.dll
0x00007ffd69dc0000 - 0x00007ffd6ab08000 	C:\Program Files\Java\jdk-22\bin\server\jvm.dll
0x00007ffe03530000 - 0x00007ffe035a1000 	C:\WINDOWS\System32\WS2_32.dll
0x00007ffe00c80000 - 0x00007ffe00ccd000 	C:\WINDOWS\SYSTEM32\POWRPROF.dll
0x00007ffdfc830000 - 0x00007ffdfc864000 	C:\WINDOWS\SYSTEM32\WINMM.dll
0x00007ffe00c60000 - 0x00007ffe00c73000 	C:\WINDOWS\SYSTEM32\UMPDC.dll
0x00007ffdffdb0000 - 0x00007ffdffdc8000 	C:\WINDOWS\SYSTEM32\kernel.appcore.dll
0x00007ffdef0c0000 - 0x00007ffdef0ca000 	C:\Program Files\Java\jdk-22\bin\jimage.dll
0x00007ffdfe6e0000 - 0x00007ffdfe912000 	C:\WINDOWS\SYSTEM32\DBGHELP.DLL
0x00007ffe02e80000 - 0x00007ffe0320f000 	C:\WINDOWS\System32\combase.dll
0x00007ffe035b0000 - 0x00007ffe03687000 	C:\WINDOWS\System32\OLEAUT32.dll
0x00007ffdf4ba0000 - 0x00007ffdf4bd2000 	C:\WINDOWS\SYSTEM32\dbgcore.DLL
0x00007ffe01570000 - 0x00007ffe015eb000 	C:\WINDOWS\System32\bcryptPrimitives.dll
0x00007ffdd7410000 - 0x00007ffdd742e000 	C:\Program Files\Java\jdk-22\bin\java.dll
0x00007ffe02120000 - 0x00007ffe02996000 	C:\WINDOWS\System32\SHELL32.dll
0x00007ffe03370000 - 0x00007ffe03515000 	C:\WINDOWS\System32\ole32.dll

dbghelp: loaded successfully - version: 4.0.5 - missing functions: none
symbol engine: initialized successfully - sym options: 0x614 - pdb path: .;C:\Program Files\Java\jdk-22\bin;C:\WINDOWS\SYSTEM32;C:\WINDOWS\WinSxS\amd64_microsoft.windows.common-controls_6595b64144ccf1df_6.0.22621.4391_none_2715d37f73803e96;C:\Program Files\Java\jdk-22\bin\server

VM Arguments:
jvm_args: -Dnet.bytebuddy.agent.attacher.dump= 
java_command: net.bytebuddy.agent.Attacher com.sun.tools.attach.VirtualMachine 18252 C:\Users\thang\.m2\repository\net\bytebuddy\byte-buddy-agent\1.15.10\byte-buddy-agent-1.15.10.jar false 
java_class_path (initial): C:\Users\thang\.m2\repository\net\bytebuddy\byte-buddy-agent\1.15.10\byte-buddy-agent-1.15.10.jar
Launcher Type: SUN_STANDARD

[Global flags]
     intx CICompilerCount                          = 4                                         {product} {ergonomic}
     uint ConcGCThreads                            = 3                                         {product} {ergonomic}
     uint G1ConcRefinementThreads                  = 10                                        {product} {ergonomic}
   size_t G1HeapRegionSize                         = 1048576                                   {product} {ergonomic}
   size_t InitialHeapSize                          = 123731968                                 {product} {ergonomic}
   size_t MarkStackSize                            = 4194304                                   {product} {ergonomic}
   size_t MaxHeapSize                              = 1975517184                                {product} {ergonomic}
   size_t MinHeapDeltaBytes                        = 1048576                                   {product} {ergonomic}
   size_t MinHeapSize                              = 8388608                                   {product} {ergonomic}
    uintx NonNMethodCodeHeapSize                   = 5839372                                {pd product} {ergonomic}
    uintx NonProfiledCodeHeapSize                  = 122909434                              {pd product} {ergonomic}
    uintx ProfiledCodeHeapSize                     = 122909434                              {pd product} {ergonomic}
    uintx ReservedCodeCacheSize                    = 251658240                              {pd product} {ergonomic}
     bool SegmentedCodeCache                       = true                                      {product} {ergonomic}
   size_t SoftMaxHeapSize                          = 1975517184                             {manageable} {ergonomic}
     bool UseCompressedOops                        = true                           {product lp64_product} {ergonomic}
     bool UseG1GC                                  = true                                      {product} {ergonomic}
     bool UseLargePagesIndividualAllocation        = false                                  {pd product} {ergonomic}

Logging:
Log output configuration:
 #0: stdout all=warning uptime,level,tags foldmultilines=false
 #1: stderr all=off uptime,level,tags foldmultilines=false

Environment Variables:
JAVA_HOME=C:\Program Files\Java\jdk-22
PATH=C:\Program Files\Common Files\Oracle\Java\javapath;C:\Program Files (x86)\Common Files\Oracle\Java\java8path;C:\Program Files (x86)\Common Files\Oracle\Java\javapath;C:\ProgramData\Oracle\Java\javapath;C:\Windows\system32;C:\Windows;C:\Windows\System32\Wbem;C:\Windows\System32\WindowsPowerShell\v1.0\;C:\Windows\System32\OpenSSH\;C:\Program Files (x86)\NVIDIA Corporation\PhysX\Common;C:\WINDOWS\system32;C:\WINDOWS;C:\WINDOWS\System32\Wbem;C:\WINDOWS\System32\WindowsPowerShell\v1.0\;C:\WINDOWS\System32\OpenSSH\;C:\Program Files\Git\cmd;C:\Program Files (x86)\Microsoft SQL Server\160\Tools\Binn\;C:\Program Files\Microsoft SQL Server\160\Tools\Binn\;C:\Program Files\Microsoft SQL Server\Client SDK\ODBC\170\Tools\Binn\;C:\Program Files\Microsoft SQL Server\160\DTS\Binn\;C:\Program Files (x86)\Microsoft SQL Server\160\DTS\Binn\;C:\Program Files\Azure Data Studio\bin;C:\Program Files\Java\jdk-22\bin;D:\MSYS\ucrt64\bin;C:\apache-maven-3.9.8\bin;C:\Program Files\NVIDIA Corporation\NVIDIA app\NvDLISR;C:\Program Files\Cloudflare\Cloudflare WARP\;C:\Users\thang\AppData\Local\Microsoft\WindowsApps;C:\Users\thang\AppData\Local\Programs\Microsoft VS Code\bin;C:\Users\thang\AppData\Local\GitHubDesktop\bin;C:\Program Files\Azure Data Studio\bin
USERNAME=thang
LANG=en_US.UTF-8
OS=Windows_NT
PROCESSOR_IDENTIFIER=AMD64 Family 25 Model 80 Stepping 0, AuthenticAMD
TMP=C:\Users\thang\AppData\Local\Temp
TEMP=C:\Users\thang\AppData\Local\Temp




Periodic native trim disabled

---------------  S Y S T E M  ---------------

OS:
 Windows 11 , 64 bit Build 22621 (10.0.22621.4391)
OS uptime: 3 days 2:02 hours
Hyper-V role detected

CPU: total 12 (initial active 12) (12 cores per cpu, 2 threads per core) family 25 model 80 stepping 0 microcode 0x0, cx8, cmov, fxsr, ht, mmx, 3dnowpref, sse, sse2, sse3, ssse3, sse4a, sse4.1, sse4.2, popcnt, lzcnt, tsc, tscinvbit, avx, avx2, aes, erms, clmul, bmi1, bmi2, adx, sha, fma, vzeroupper, clflush, clflushopt, hv, rdtscp, rdpid, fsrm, f16c, cet_ss
Processor Information for all 12 processors :
  Max Mhz: 2301, Current Mhz: 2301, Mhz Limit: 2301

Memory: 4k page, system-wide physical 7532M (210M free)
TotalPageFile size 19820M (AvailPageFile size 42M)
current process WorkingSet (physical memory assigned to process): 12M, peak: 12M
current process commit charge ("private bytes"): 64M, peak: 182M

vm_info: Java HotSpot(TM) 64-Bit Server VM (22+36-2370) for windows-amd64 JRE (22+36-2370), built on 2024-02-15T22:15:19Z by "mach5one" with MS VC++ 17.6 (VS2022)

END.
