#
# There is insufficient memory for the Java Runtime Environment to continue.
# Native memory allocation (mmap) failed to map 65536 bytes. Error detail: Failed to commit metaspace.
# Possible reasons:
#   The system is out of physical RAM or swap space
#   This process is running with CompressedOops enabled, and the Java Heap may be blocking the growth of the native heap
# Possible solutions:
#   Reduce memory load on the system
#   Increase physical memory or swap space
#   Check if swap backing store is full
#   Decrease Java heap size (-Xmx/-Xms)
#   Decrease number of Java threads
#   Decrease Java thread stack sizes (-Xss)
#   Set larger code cache with -XX:ReservedCodeCacheSize=
#   JVM is running with Unscaled Compressed Oops mode in which the Java heap is
#     placed in the first 4GB address space. The Java Heap base address is the
#     maximum limit for the native heap growth. Please use -XX:HeapBaseMinAddress
#     to set the Java Heap base and to place the Java Heap above 4GB virtual address.
# This output file may be truncated or incomplete.
#
#  Out of Memory Error (virtualSpaceNode.cpp:112), pid=23112, tid=23492
#
# JRE version: Java(TM) SE Runtime Environment (22.0+36) (build 22+36-2370)
# Java VM: Java HotSpot(TM) 64-Bit Server VM (22+36-2370, mixed mode, tiered, compressed oops, compressed class ptrs, g1 gc, windows-amd64)
# No core dump will be written. Minidumps are not enabled by default on client versions of Windows
#

---------------  S U M M A R Y ------------

Command Line: C:\Users\thang\AppData\Local\Temp\surefire16894899043265067735\surefirebooter-20241203000521431_3.jar C:\Users\thang\AppData\Local\Temp\surefire16894899043265067735 2024-12-03T00-05-21_298-jvmRun1 surefire-20241203000521431_1tmp surefire_0-20241203000521431_2tmp

Host: AMD Ryzen 5 5625U with Radeon Graphics         , 12 cores, 7G,  Windows 11 , 64 bit Build 22621 (10.0.22621.4391)
Time: Tue Dec  3 00:05:21 2024 SE Asia Standard Time elapsed time: 0.143952 seconds (0d 0h 0m 0s)

---------------  T H R E A D  ---------------

Current thread (0x000001e6fd1dc910):  JavaThread "main"             [_thread_in_vm, id=23492, stack(0x0000009690a00000,0x0000009690b00000) (1024K)]

Stack: [0x0000009690a00000,0x0000009690b00000]
Native frames: (J=compiled Java code, j=interpreted, Vv=VM code, C=native code)
V  [jvm.dll+0x6e2349]  (no source info available)
V  [jvm.dll+0x874ed3]  (no source info available)
V  [jvm.dll+0x8772fe]  (no source info available)
V  [jvm.dll+0x8779d3]  (no source info available)
V  [jvm.dll+0x27fcb6]  (no source info available)
V  [jvm.dll+0x870b1e]  (no source info available)
V  [jvm.dll+0x6853b5]  (no source info available)
V  [jvm.dll+0x68541a]  (no source info available)
V  [jvm.dll+0x687c5a]  (no source info available)
V  [jvm.dll+0x22509c]  (no source info available)
V  [jvm.dll+0x685dce]  (no source info available)
V  [jvm.dll+0x269e9f]  (no source info available)
V  [jvm.dll+0x690024]  (no source info available)
V  [jvm.dll+0x2152f1]  (no source info available)
V  [jvm.dll+0x21577a]  (no source info available)
V  [jvm.dll+0x2161a1]  (no source info available)
V  [jvm.dll+0x20b4de]  (no source info available)
V  [jvm.dll+0x5c471f]  (no source info available)
V  [jvm.dll+0x21cc5a]  (no source info available)
V  [jvm.dll+0x7eb79c]  (no source info available)
V  [jvm.dll+0x7ec836]  (no source info available)
V  [jvm.dll+0x7ece44]  (no source info available)
V  [jvm.dll+0x7ecac8]  (no source info available)
V  [jvm.dll+0x26d70b]  (no source info available)
V  [jvm.dll+0x3d9a9e]  (no source info available)
C  0x000001e68f7ca9d2  (no source info available)

The last pc belongs to new (printed below).
Java frames: (J=compiled Java code, j=interpreted, Vv=VM code)
j  java.io.RandomAccessFile.close()V+57 java.base@22
j  java.util.zip.ZipFile$Source.close()V+4 java.base@22
j  java.util.zip.ZipFile$Source.release(Ljava/util/zip/ZipFile$Source;)V+36 java.base@22
j  java.util.zip.ZipFile$CleanableResource.run()V+196 java.base@22
j  jdk.internal.ref.CleanerImpl$PhantomCleanableRef.performCleanup()V+4 java.base@22
j  jdk.internal.ref.PhantomCleanable.clean()V+12 java.base@22
j  java.util.zip.ZipFile$CleanableResource.clean()V+4 java.base@22
j  java.util.zip.ZipFile.close()V+21 java.base@22
j  sun.launcher.LauncherHelper.getMainClassFromJar(Ljava/lang/String;)Ljava/lang/String;+252 java.base@22
j  sun.launcher.LauncherHelper.loadMainClass(ILjava/lang/String;)Ljava/lang/Class;+34 java.base@22
j  sun.launcher.LauncherHelper.checkAndLoadMain(ZILjava/lang/String;)Ljava/lang/Class;+42 java.base@22
v  ~StubRoutines::call_stub 0x000001e68f7b100d
new  187 new  [0x000001e68f7ca860, 0x000001e68f7caa58]  504 bytes
[MachCode]
  0x000001e68f7ca860: 4883 ec08 | c5fa 1104 | 24eb 1f48 | 83ec 10c5 | fb11 0424 | eb14 4883 | ec10 4889 | 0424 48c7 
  0x000001e68f7ca880: 4424 0800 | 0000 00eb | 0150 410f | b755 010f | cac1 ea10 | 488b 4de8 | 488b 4908 | 488b 4908 
  0x000001e68f7ca8a0: 488b 4108 | 807c 1004 | 070f 85c6 | 0000 0066 | 8b54 d148 | 488b 4928 | 488b 4cd1 | 0851 80b9 
  0x000001e68f7ca8c0: 2001 0000 | 050f 85a9 | 0000 008b | 5108 f6c2 | 010f 859d | 0000 0049 | 8b87 b801 | 0000 488d 
  0x000001e68f7ca8e0: 1c10 493b | 9fc8 0100 | 000f 8785 | 0000 0049 | 899f b801 | 0000 4883 | ea10 0f84 | 0f00 0000 
  0x000001e68f7ca900: 33c9 c1ea | 0348 894c | d008 48ff | ca75 f648 | c700 0100 | 0000 5933 | f689 700c | 8948 0849 
  0x000001e68f7ca920: baad 4058 | 41fd 7f00 | 0041 803a | 000f 843c | 0000 0050 | 488b c848 | 83ec 2040 | f6c4 0f0f 
  0x000001e68f7ca940: 8419 0000 | 0048 83ec | 0848 b840 | b608 41fd | 7f00 00ff | d048 83c4 | 08e9 0c00 | 0000 48b8 
  0x000001e68f7ca960: 40b6 0841 | fd7f 0000 | ffd0 4883 | c420 58e9 | cb00 0000 | 5948 8b55 | e848 8b52 | 0848 8b52 
  0x000001e68f7ca980: 0845 0fb7 | 4501 410f | c841 c1e8 | 10e8 0500 | 0000 e9a8 | 0000 0048 | 8d44 2408 | 4c89 6dc0 
  0x000001e68f7ca9a0: 498b cfc5 | f877 4989 | afb0 0300 | 0049 8987 | a003 0000 | 4883 ec20 | 40f6 c40f | 0f84 1900 
  0x000001e68f7ca9c0: 0000 4883 | ec08 48b8 | 509a d140 | fd7f 0000 | ffd0 4883 | c408 e90c | 0000 0048 | b850 9ad1 
  0x000001e68f7ca9e0: 40fd 7f00 | 00ff d048 | 83c4 2049 | c787 a003 | 0000 0000 | 0000 49c7 | 87b0 0300 | 0000 0000 
  0x000001e68f7caa00: 0049 c787 | a803 0000 | 0000 0000 | c5f8 7749 | 837f 0800 | 0f84 0500 | 0000 e9e1 | 64fe ff49 
  0x000001e68f7caa20: 8b87 f803 | 0000 49c7 | 87f8 0300 | 0000 0000 | 004c 8b6d | c04c 8b75 | c84e 8d74 | f500 c341 
  0x000001e68f7caa40: 0fb6 5d03 | 4983 c503 | 49ba f009 | 5c41 fd7f | 0000 41ff | 24da 6690 
[/MachCode]

---------------  P R O C E S S  ---------------

Threads class SMR info:
_java_thread_list=0x000001e6a023cc80, length=11, elements={
0x000001e6fd1dc910, 0x000001e6a007f200, 0x000001e6a003b470, 0x000001e6a00669b0,
0x000001e6a0068710, 0x000001e6a0069170, 0x000001e6a006a370, 0x000001e6a006e9f0,
0x000001e6a0073060, 0x000001e6a0266970, 0x000001e6a0273840
}

Java Threads: ( => current thread )
=>0x000001e6fd1dc910 JavaThread "main"                              [_thread_in_vm, id=23492, stack(0x0000009690a00000,0x0000009690b00000) (1024K)]
  0x000001e6a007f200 JavaThread "Reference Handler"          daemon [_thread_blocked, id=18404, stack(0x0000009691200000,0x0000009691300000) (1024K)]
  0x000001e6a003b470 JavaThread "Finalizer"                  daemon [_thread_blocked, id=9068, stack(0x0000009691300000,0x0000009691400000) (1024K)]
  0x000001e6a00669b0 JavaThread "Signal Dispatcher"          daemon [_thread_blocked, id=10340, stack(0x0000009691400000,0x0000009691500000) (1024K)]
  0x000001e6a0068710 JavaThread "Attach Listener"            daemon [_thread_blocked, id=18644, stack(0x0000009691500000,0x0000009691600000) (1024K)]
  0x000001e6a0069170 JavaThread "Service Thread"             daemon [_thread_blocked, id=22836, stack(0x0000009691600000,0x0000009691700000) (1024K)]
  0x000001e6a006a370 JavaThread "Monitor Deflation Thread"   daemon [_thread_blocked, id=23924, stack(0x0000009691700000,0x0000009691800000) (1024K)]
  0x000001e6a006e9f0 JavaThread "C2 CompilerThread0"         daemon [_thread_blocked, id=14708, stack(0x0000009691800000,0x0000009691900000) (1024K)]
  0x000001e6a0073060 JavaThread "C1 CompilerThread0"         daemon [_thread_blocked, id=8032, stack(0x0000009691900000,0x0000009691a00000) (1024K)]
  0x000001e6a0266970 JavaThread "Notification Thread"        daemon [_thread_blocked, id=21192, stack(0x0000009691a00000,0x0000009691b00000) (1024K)]
  0x000001e6a0273840 JavaThread "Common-Cleaner"             daemon [_thread_blocked, id=15924, stack(0x0000009691b00000,0x0000009691c00000) (1024K)]
Total: 11

Other Threads:
  0x000001e69bda7ba0 VMThread "VM Thread"                           [id=6956, stack(0x0000009691100000,0x0000009691200000) (1024K)]
  0x000001e69bd93be0 WatcherThread "VM Periodic Task Thread"        [id=12536, stack(0x0000009691000000,0x0000009691100000) (1024K)]
  0x000001e6ff461660 WorkerThread "GC Thread#0"                     [id=22092, stack(0x0000009690b00000,0x0000009690c00000) (1024K)]
  0x000001e6ff471380 ConcurrentGCThread "G1 Main Marker"            [id=14120, stack(0x0000009690c00000,0x0000009690d00000) (1024K)]
  0x000001e6ff472630 WorkerThread "G1 Conc#0"                       [id=22952, stack(0x0000009690d00000,0x0000009690e00000) (1024K)]
  0x000001e6ff4ce780 ConcurrentGCThread "G1 Refine#0"               [id=24204, stack(0x0000009690e00000,0x0000009690f00000) (1024K)]
  0x000001e69bc654e0 ConcurrentGCThread "G1 Service"                [id=20004, stack(0x0000009690f00000,0x0000009691000000) (1024K)]
Total: 7

Threads with active compile tasks:
Total: 0

VM state: not at safepoint (normal execution)

VM Mutex/Monitor currently owned by a thread:  ([mutex/lock_event])
[0x00007ffd415aab48] Metaspace_lock - owner thread: 0x000001e6fd1dc910

Heap address: 0x000000008a400000, size: 1884 MB, Compressed Oops mode: 32-bit

CDS archive(s) not mapped
Compressed class space mapped at: 0x0000000034000000-0x0000000074000000, reserved size: 1073741824
Narrow klass base: 0x0000000000000000, Narrow klass shift: 0, Narrow klass range: 0x74000000

GC Precious Log:
 CardTable entry size: 512
 Card Set container configuration: InlinePtr #cards 5 size 8 Array Of Cards #cards 12 size 40 Howl #buckets 4 coarsen threshold 1843 Howl Bitmap #cards 512 size 80 coarsen threshold 460 Card regions per heap region 1 cards per card region 2048
 CPUs: 12 total, 12 available
 Memory: 7532M
 Large Page Support: Disabled
 NUMA Support: Disabled
 Compressed Oops: Enabled (32-bit)
 Heap Region Size: 1M
 Heap Min Capacity: 8M
 Heap Initial Capacity: 118M
 Heap Max Capacity: 1884M
 Pre-touch: Disabled
 Parallel Workers: 10
 Concurrent Workers: 3
 Concurrent Refinement Workers: 10
 Periodic GC: Disabled

Heap:
 garbage-first heap   total reserved 1929216K, committed 120832K, used 1024K [0x000000008a400000, 0x0000000100000000)
  region size 1024K, 2 young (2048K), 0 survivors (0K)
 Metaspace       used 5020K, committed 5056K, reserved 1114112K
  class space    used 412K, committed 448K, reserved 1048576K

Heap Regions: E=young(eden), S=young(survivor), O=old, HS=humongous(starts), HC=humongous(continues), CS=collection set, F=free, TAMS=top-at-mark-start, PB=parsable bottom
|   0|0x000000008a400000, 0x000000008a400000, 0x000000008a500000|  0%| F|  |TAMS 0x000000008a400000| PB 0x000000008a400000| Untracked |  0
|   1|0x000000008a500000, 0x000000008a500000, 0x000000008a600000|  0%| F|  |TAMS 0x000000008a500000| PB 0x000000008a500000| Untracked |  0
|   2|0x000000008a600000, 0x000000008a600000, 0x000000008a700000|  0%| F|  |TAMS 0x000000008a600000| PB 0x000000008a600000| Untracked |  0
|   3|0x000000008a700000, 0x000000008a700000, 0x000000008a800000|  0%| F|  |TAMS 0x000000008a700000| PB 0x000000008a700000| Untracked |  0
|   4|0x000000008a800000, 0x000000008a800000, 0x000000008a900000|  0%| F|  |TAMS 0x000000008a800000| PB 0x000000008a800000| Untracked |  0
|   5|0x000000008a900000, 0x000000008a900000, 0x000000008aa00000|  0%| F|  |TAMS 0x000000008a900000| PB 0x000000008a900000| Untracked |  0
|   6|0x000000008aa00000, 0x000000008aa00000, 0x000000008ab00000|  0%| F|  |TAMS 0x000000008aa00000| PB 0x000000008aa00000| Untracked |  0
|   7|0x000000008ab00000, 0x000000008ab00000, 0x000000008ac00000|  0%| F|  |TAMS 0x000000008ab00000| PB 0x000000008ab00000| Untracked |  0
|   8|0x000000008ac00000, 0x000000008ac00000, 0x000000008ad00000|  0%| F|  |TAMS 0x000000008ac00000| PB 0x000000008ac00000| Untracked |  0
|   9|0x000000008ad00000, 0x000000008ad00000, 0x000000008ae00000|  0%| F|  |TAMS 0x000000008ad00000| PB 0x000000008ad00000| Untracked |  0
|  10|0x000000008ae00000, 0x000000008ae00000, 0x000000008af00000|  0%| F|  |TAMS 0x000000008ae00000| PB 0x000000008ae00000| Untracked |  0
|  11|0x000000008af00000, 0x000000008af00000, 0x000000008b000000|  0%| F|  |TAMS 0x000000008af00000| PB 0x000000008af00000| Untracked |  0
|  12|0x000000008b000000, 0x000000008b000000, 0x000000008b100000|  0%| F|  |TAMS 0x000000008b000000| PB 0x000000008b000000| Untracked |  0
|  13|0x000000008b100000, 0x000000008b100000, 0x000000008b200000|  0%| F|  |TAMS 0x000000008b100000| PB 0x000000008b100000| Untracked |  0
|  14|0x000000008b200000, 0x000000008b200000, 0x000000008b300000|  0%| F|  |TAMS 0x000000008b200000| PB 0x000000008b200000| Untracked |  0
|  15|0x000000008b300000, 0x000000008b300000, 0x000000008b400000|  0%| F|  |TAMS 0x000000008b300000| PB 0x000000008b300000| Untracked |  0
|  16|0x000000008b400000, 0x000000008b400000, 0x000000008b500000|  0%| F|  |TAMS 0x000000008b400000| PB 0x000000008b400000| Untracked |  0
|  17|0x000000008b500000, 0x000000008b500000, 0x000000008b600000|  0%| F|  |TAMS 0x000000008b500000| PB 0x000000008b500000| Untracked |  0
|  18|0x000000008b600000, 0x000000008b600000, 0x000000008b700000|  0%| F|  |TAMS 0x000000008b600000| PB 0x000000008b600000| Untracked |  0
|  19|0x000000008b700000, 0x000000008b700000, 0x000000008b800000|  0%| F|  |TAMS 0x000000008b700000| PB 0x000000008b700000| Untracked |  0
|  20|0x000000008b800000, 0x000000008b800000, 0x000000008b900000|  0%| F|  |TAMS 0x000000008b800000| PB 0x000000008b800000| Untracked |  0
|  21|0x000000008b900000, 0x000000008b900000, 0x000000008ba00000|  0%| F|  |TAMS 0x000000008b900000| PB 0x000000008b900000| Untracked |  0
|  22|0x000000008ba00000, 0x000000008ba00000, 0x000000008bb00000|  0%| F|  |TAMS 0x000000008ba00000| PB 0x000000008ba00000| Untracked |  0
|  23|0x000000008bb00000, 0x000000008bb00000, 0x000000008bc00000|  0%| F|  |TAMS 0x000000008bb00000| PB 0x000000008bb00000| Untracked |  0
|  24|0x000000008bc00000, 0x000000008bc00000, 0x000000008bd00000|  0%| F|  |TAMS 0x000000008bc00000| PB 0x000000008bc00000| Untracked |  0
|  25|0x000000008bd00000, 0x000000008bd00000, 0x000000008be00000|  0%| F|  |TAMS 0x000000008bd00000| PB 0x000000008bd00000| Untracked |  0
|  26|0x000000008be00000, 0x000000008be00000, 0x000000008bf00000|  0%| F|  |TAMS 0x000000008be00000| PB 0x000000008be00000| Untracked |  0
|  27|0x000000008bf00000, 0x000000008bf00000, 0x000000008c000000|  0%| F|  |TAMS 0x000000008bf00000| PB 0x000000008bf00000| Untracked |  0
|  28|0x000000008c000000, 0x000000008c000000, 0x000000008c100000|  0%| F|  |TAMS 0x000000008c000000| PB 0x000000008c000000| Untracked |  0
|  29|0x000000008c100000, 0x000000008c100000, 0x000000008c200000|  0%| F|  |TAMS 0x000000008c100000| PB 0x000000008c100000| Untracked |  0
|  30|0x000000008c200000, 0x000000008c200000, 0x000000008c300000|  0%| F|  |TAMS 0x000000008c200000| PB 0x000000008c200000| Untracked |  0
|  31|0x000000008c300000, 0x000000008c300000, 0x000000008c400000|  0%| F|  |TAMS 0x000000008c300000| PB 0x000000008c300000| Untracked |  0
|  32|0x000000008c400000, 0x000000008c400000, 0x000000008c500000|  0%| F|  |TAMS 0x000000008c400000| PB 0x000000008c400000| Untracked |  0
|  33|0x000000008c500000, 0x000000008c500000, 0x000000008c600000|  0%| F|  |TAMS 0x000000008c500000| PB 0x000000008c500000| Untracked |  0
|  34|0x000000008c600000, 0x000000008c600000, 0x000000008c700000|  0%| F|  |TAMS 0x000000008c600000| PB 0x000000008c600000| Untracked |  0
|  35|0x000000008c700000, 0x000000008c700000, 0x000000008c800000|  0%| F|  |TAMS 0x000000008c700000| PB 0x000000008c700000| Untracked |  0
|  36|0x000000008c800000, 0x000000008c800000, 0x000000008c900000|  0%| F|  |TAMS 0x000000008c800000| PB 0x000000008c800000| Untracked |  0
|  37|0x000000008c900000, 0x000000008c900000, 0x000000008ca00000|  0%| F|  |TAMS 0x000000008c900000| PB 0x000000008c900000| Untracked |  0
|  38|0x000000008ca00000, 0x000000008ca00000, 0x000000008cb00000|  0%| F|  |TAMS 0x000000008ca00000| PB 0x000000008ca00000| Untracked |  0
|  39|0x000000008cb00000, 0x000000008cb00000, 0x000000008cc00000|  0%| F|  |TAMS 0x000000008cb00000| PB 0x000000008cb00000| Untracked |  0
|  40|0x000000008cc00000, 0x000000008cc00000, 0x000000008cd00000|  0%| F|  |TAMS 0x000000008cc00000| PB 0x000000008cc00000| Untracked |  0
|  41|0x000000008cd00000, 0x000000008cd00000, 0x000000008ce00000|  0%| F|  |TAMS 0x000000008cd00000| PB 0x000000008cd00000| Untracked |  0
|  42|0x000000008ce00000, 0x000000008ce00000, 0x000000008cf00000|  0%| F|  |TAMS 0x000000008ce00000| PB 0x000000008ce00000| Untracked |  0
|  43|0x000000008cf00000, 0x000000008cf00000, 0x000000008d000000|  0%| F|  |TAMS 0x000000008cf00000| PB 0x000000008cf00000| Untracked |  0
|  44|0x000000008d000000, 0x000000008d000000, 0x000000008d100000|  0%| F|  |TAMS 0x000000008d000000| PB 0x000000008d000000| Untracked |  0
|  45|0x000000008d100000, 0x000000008d100000, 0x000000008d200000|  0%| F|  |TAMS 0x000000008d100000| PB 0x000000008d100000| Untracked |  0
|  46|0x000000008d200000, 0x000000008d200000, 0x000000008d300000|  0%| F|  |TAMS 0x000000008d200000| PB 0x000000008d200000| Untracked |  0
|  47|0x000000008d300000, 0x000000008d300000, 0x000000008d400000|  0%| F|  |TAMS 0x000000008d300000| PB 0x000000008d300000| Untracked |  0
|  48|0x000000008d400000, 0x000000008d400000, 0x000000008d500000|  0%| F|  |TAMS 0x000000008d400000| PB 0x000000008d400000| Untracked |  0
|  49|0x000000008d500000, 0x000000008d500000, 0x000000008d600000|  0%| F|  |TAMS 0x000000008d500000| PB 0x000000008d500000| Untracked |  0
|  50|0x000000008d600000, 0x000000008d600000, 0x000000008d700000|  0%| F|  |TAMS 0x000000008d600000| PB 0x000000008d600000| Untracked |  0
|  51|0x000000008d700000, 0x000000008d700000, 0x000000008d800000|  0%| F|  |TAMS 0x000000008d700000| PB 0x000000008d700000| Untracked |  0
|  52|0x000000008d800000, 0x000000008d800000, 0x000000008d900000|  0%| F|  |TAMS 0x000000008d800000| PB 0x000000008d800000| Untracked |  0
|  53|0x000000008d900000, 0x000000008d900000, 0x000000008da00000|  0%| F|  |TAMS 0x000000008d900000| PB 0x000000008d900000| Untracked |  0
|  54|0x000000008da00000, 0x000000008da00000, 0x000000008db00000|  0%| F|  |TAMS 0x000000008da00000| PB 0x000000008da00000| Untracked |  0
|  55|0x000000008db00000, 0x000000008db00000, 0x000000008dc00000|  0%| F|  |TAMS 0x000000008db00000| PB 0x000000008db00000| Untracked |  0
|  56|0x000000008dc00000, 0x000000008dc00000, 0x000000008dd00000|  0%| F|  |TAMS 0x000000008dc00000| PB 0x000000008dc00000| Untracked |  0
|  57|0x000000008dd00000, 0x000000008dd00000, 0x000000008de00000|  0%| F|  |TAMS 0x000000008dd00000| PB 0x000000008dd00000| Untracked |  0
|  58|0x000000008de00000, 0x000000008de00000, 0x000000008df00000|  0%| F|  |TAMS 0x000000008de00000| PB 0x000000008de00000| Untracked |  0
|  59|0x000000008df00000, 0x000000008df00000, 0x000000008e000000|  0%| F|  |TAMS 0x000000008df00000| PB 0x000000008df00000| Untracked |  0
|  60|0x000000008e000000, 0x000000008e000000, 0x000000008e100000|  0%| F|  |TAMS 0x000000008e000000| PB 0x000000008e000000| Untracked |  0
|  61|0x000000008e100000, 0x000000008e100000, 0x000000008e200000|  0%| F|  |TAMS 0x000000008e100000| PB 0x000000008e100000| Untracked |  0
|  62|0x000000008e200000, 0x000000008e200000, 0x000000008e300000|  0%| F|  |TAMS 0x000000008e200000| PB 0x000000008e200000| Untracked |  0
|  63|0x000000008e300000, 0x000000008e300000, 0x000000008e400000|  0%| F|  |TAMS 0x000000008e300000| PB 0x000000008e300000| Untracked |  0
|  64|0x000000008e400000, 0x000000008e400000, 0x000000008e500000|  0%| F|  |TAMS 0x000000008e400000| PB 0x000000008e400000| Untracked |  0
|  65|0x000000008e500000, 0x000000008e500000, 0x000000008e600000|  0%| F|  |TAMS 0x000000008e500000| PB 0x000000008e500000| Untracked |  0
|  66|0x000000008e600000, 0x000000008e600000, 0x000000008e700000|  0%| F|  |TAMS 0x000000008e600000| PB 0x000000008e600000| Untracked |  0
|  67|0x000000008e700000, 0x000000008e700000, 0x000000008e800000|  0%| F|  |TAMS 0x000000008e700000| PB 0x000000008e700000| Untracked |  0
|  68|0x000000008e800000, 0x000000008e800000, 0x000000008e900000|  0%| F|  |TAMS 0x000000008e800000| PB 0x000000008e800000| Untracked |  0
|  69|0x000000008e900000, 0x000000008e900000, 0x000000008ea00000|  0%| F|  |TAMS 0x000000008e900000| PB 0x000000008e900000| Untracked |  0
|  70|0x000000008ea00000, 0x000000008ea00000, 0x000000008eb00000|  0%| F|  |TAMS 0x000000008ea00000| PB 0x000000008ea00000| Untracked |  0
|  71|0x000000008eb00000, 0x000000008eb00000, 0x000000008ec00000|  0%| F|  |TAMS 0x000000008eb00000| PB 0x000000008eb00000| Untracked |  0
|  72|0x000000008ec00000, 0x000000008ec00000, 0x000000008ed00000|  0%| F|  |TAMS 0x000000008ec00000| PB 0x000000008ec00000| Untracked |  0
|  73|0x000000008ed00000, 0x000000008ed00000, 0x000000008ee00000|  0%| F|  |TAMS 0x000000008ed00000| PB 0x000000008ed00000| Untracked |  0
|  74|0x000000008ee00000, 0x000000008ee00000, 0x000000008ef00000|  0%| F|  |TAMS 0x000000008ee00000| PB 0x000000008ee00000| Untracked |  0
|  75|0x000000008ef00000, 0x000000008ef00000, 0x000000008f000000|  0%| F|  |TAMS 0x000000008ef00000| PB 0x000000008ef00000| Untracked |  0
|  76|0x000000008f000000, 0x000000008f000000, 0x000000008f100000|  0%| F|  |TAMS 0x000000008f000000| PB 0x000000008f000000| Untracked |  0
|  77|0x000000008f100000, 0x000000008f100000, 0x000000008f200000|  0%| F|  |TAMS 0x000000008f100000| PB 0x000000008f100000| Untracked |  0
|  78|0x000000008f200000, 0x000000008f200000, 0x000000008f300000|  0%| F|  |TAMS 0x000000008f200000| PB 0x000000008f200000| Untracked |  0
|  79|0x000000008f300000, 0x000000008f300000, 0x000000008f400000|  0%| F|  |TAMS 0x000000008f300000| PB 0x000000008f300000| Untracked |  0
|  80|0x000000008f400000, 0x000000008f400000, 0x000000008f500000|  0%| F|  |TAMS 0x000000008f400000| PB 0x000000008f400000| Untracked |  0
|  81|0x000000008f500000, 0x000000008f500000, 0x000000008f600000|  0%| F|  |TAMS 0x000000008f500000| PB 0x000000008f500000| Untracked |  0
|  82|0x000000008f600000, 0x000000008f600000, 0x000000008f700000|  0%| F|  |TAMS 0x000000008f600000| PB 0x000000008f600000| Untracked |  0
|  83|0x000000008f700000, 0x000000008f700000, 0x000000008f800000|  0%| F|  |TAMS 0x000000008f700000| PB 0x000000008f700000| Untracked |  0
|  84|0x000000008f800000, 0x000000008f800000, 0x000000008f900000|  0%| F|  |TAMS 0x000000008f800000| PB 0x000000008f800000| Untracked |  0
|  85|0x000000008f900000, 0x000000008f900000, 0x000000008fa00000|  0%| F|  |TAMS 0x000000008f900000| PB 0x000000008f900000| Untracked |  0
|  86|0x000000008fa00000, 0x000000008fa00000, 0x000000008fb00000|  0%| F|  |TAMS 0x000000008fa00000| PB 0x000000008fa00000| Untracked |  0
|  87|0x000000008fb00000, 0x000000008fb00000, 0x000000008fc00000|  0%| F|  |TAMS 0x000000008fb00000| PB 0x000000008fb00000| Untracked |  0
|  88|0x000000008fc00000, 0x000000008fc00000, 0x000000008fd00000|  0%| F|  |TAMS 0x000000008fc00000| PB 0x000000008fc00000| Untracked |  0
|  89|0x000000008fd00000, 0x000000008fd00000, 0x000000008fe00000|  0%| F|  |TAMS 0x000000008fd00000| PB 0x000000008fd00000| Untracked |  0
|  90|0x000000008fe00000, 0x000000008fe00000, 0x000000008ff00000|  0%| F|  |TAMS 0x000000008fe00000| PB 0x000000008fe00000| Untracked |  0
|  91|0x000000008ff00000, 0x000000008ff00000, 0x0000000090000000|  0%| F|  |TAMS 0x000000008ff00000| PB 0x000000008ff00000| Untracked |  0
|  92|0x0000000090000000, 0x0000000090000000, 0x0000000090100000|  0%| F|  |TAMS 0x0000000090000000| PB 0x0000000090000000| Untracked |  0
|  93|0x0000000090100000, 0x0000000090100000, 0x0000000090200000|  0%| F|  |TAMS 0x0000000090100000| PB 0x0000000090100000| Untracked |  0
|  94|0x0000000090200000, 0x0000000090200000, 0x0000000090300000|  0%| F|  |TAMS 0x0000000090200000| PB 0x0000000090200000| Untracked |  0
|  95|0x0000000090300000, 0x0000000090300000, 0x0000000090400000|  0%| F|  |TAMS 0x0000000090300000| PB 0x0000000090300000| Untracked |  0
|  96|0x0000000090400000, 0x0000000090400000, 0x0000000090500000|  0%| F|  |TAMS 0x0000000090400000| PB 0x0000000090400000| Untracked |  0
|  97|0x0000000090500000, 0x0000000090500000, 0x0000000090600000|  0%| F|  |TAMS 0x0000000090500000| PB 0x0000000090500000| Untracked |  0
|  98|0x0000000090600000, 0x0000000090600000, 0x0000000090700000|  0%| F|  |TAMS 0x0000000090600000| PB 0x0000000090600000| Untracked |  0
|  99|0x0000000090700000, 0x0000000090700000, 0x0000000090800000|  0%| F|  |TAMS 0x0000000090700000| PB 0x0000000090700000| Untracked |  0
| 100|0x0000000090800000, 0x0000000090800000, 0x0000000090900000|  0%| F|  |TAMS 0x0000000090800000| PB 0x0000000090800000| Untracked |  0
| 101|0x0000000090900000, 0x0000000090900000, 0x0000000090a00000|  0%| F|  |TAMS 0x0000000090900000| PB 0x0000000090900000| Untracked |  0
| 102|0x0000000090a00000, 0x0000000090a00000, 0x0000000090b00000|  0%| F|  |TAMS 0x0000000090a00000| PB 0x0000000090a00000| Untracked |  0
| 103|0x0000000090b00000, 0x0000000090b00000, 0x0000000090c00000|  0%| F|  |TAMS 0x0000000090b00000| PB 0x0000000090b00000| Untracked |  0
| 104|0x0000000090c00000, 0x0000000090c00000, 0x0000000090d00000|  0%| F|  |TAMS 0x0000000090c00000| PB 0x0000000090c00000| Untracked |  0
| 105|0x0000000090d00000, 0x0000000090d00000, 0x0000000090e00000|  0%| F|  |TAMS 0x0000000090d00000| PB 0x0000000090d00000| Untracked |  0
| 106|0x0000000090e00000, 0x0000000090e00000, 0x0000000090f00000|  0%| F|  |TAMS 0x0000000090e00000| PB 0x0000000090e00000| Untracked |  0
| 107|0x0000000090f00000, 0x0000000090f00000, 0x0000000091000000|  0%| F|  |TAMS 0x0000000090f00000| PB 0x0000000090f00000| Untracked |  0
| 108|0x0000000091000000, 0x0000000091000000, 0x0000000091100000|  0%| F|  |TAMS 0x0000000091000000| PB 0x0000000091000000| Untracked |  0
| 109|0x0000000091100000, 0x0000000091100000, 0x0000000091200000|  0%| F|  |TAMS 0x0000000091100000| PB 0x0000000091100000| Untracked |  0
| 110|0x0000000091200000, 0x0000000091200000, 0x0000000091300000|  0%| F|  |TAMS 0x0000000091200000| PB 0x0000000091200000| Untracked |  0
| 111|0x0000000091300000, 0x0000000091300000, 0x0000000091400000|  0%| F|  |TAMS 0x0000000091300000| PB 0x0000000091300000| Untracked |  0
| 112|0x0000000091400000, 0x0000000091400000, 0x0000000091500000|  0%| F|  |TAMS 0x0000000091400000| PB 0x0000000091400000| Untracked |  0
| 113|0x0000000091500000, 0x0000000091500000, 0x0000000091600000|  0%| F|  |TAMS 0x0000000091500000| PB 0x0000000091500000| Untracked |  0
| 114|0x0000000091600000, 0x0000000091600000, 0x0000000091700000|  0%| F|  |TAMS 0x0000000091600000| PB 0x0000000091600000| Untracked |  0
| 115|0x0000000091700000, 0x0000000091700000, 0x0000000091800000|  0%| F|  |TAMS 0x0000000091700000| PB 0x0000000091700000| Untracked |  0
| 116|0x0000000091800000, 0x0000000091900000, 0x0000000091900000|100%| E|  |TAMS 0x0000000091800000| PB 0x0000000091800000| Complete |  0
| 117|0x0000000091900000, 0x0000000091a00000, 0x0000000091a00000|100%| E|CS|TAMS 0x0000000091900000| PB 0x0000000091900000| Complete |  0

Card table byte_map: [0x000001e697280000,0x000001e697630000] _byte_map_base: 0x000001e696e2e000

Marking Bits: (CMBitMap*) 0x000001e6ff461d70
 Bits: [0x000001e697630000, 0x000001e6993a0000)

Polling page: 0x000001e6febd0000

Metaspace:

Usage:
  Non-class:      4.50 MB used.
      Class:    412.05 KB used.
       Both:      4.90 MB used.

Virtual space:
  Non-class space:       64.00 MB reserved,       4.50 MB (  7%) committed,  1 nodes.
      Class space:        1.00 GB reserved,     448.00 KB ( <1%) committed,  1 nodes.
             Both:        1.06 GB reserved,       4.94 MB ( <1%) committed. 

Chunk freelists:
   Non-Class:  11.00 MB
       Class:  15.56 MB
        Both:  26.56 MB

MaxMetaspaceSize: unlimited
CompressedClassSpaceSize: 1.00 GB
Initial GC threshold: 21.00 MB
Current GC threshold: 21.00 MB
CDS: off
 - commit_granule_bytes: 65536.
 - commit_granule_words: 8192.
 - virtual_space_node_default_size: 8388608.
 - enlarge_chunks_in_place: 1.
 - use_allocation_guard: 0.


Internal statistics:

num_allocs_failed_limit: 0.
num_arena_births: 2.
num_arena_deaths: 0.
num_vsnodes_births: 2.
num_vsnodes_deaths: 0.
num_space_committed: 79.
num_space_uncommitted: 0.
num_chunks_returned_to_freelist: 0.
num_chunks_taken_from_freelist: 6.
num_chunk_merges: 0.
num_chunk_splits: 3.
num_chunks_enlarged: 0.
num_inconsistent_stats: 0.

CodeHeap 'non-profiled nmethods': size=120000Kb used=13Kb max_used=13Kb free=119986Kb
 bounds [0x000001e68fd50000, 0x000001e68ffc0000, 0x000001e697280000]
CodeHeap 'profiled nmethods': size=120000Kb used=93Kb max_used=93Kb free=119906Kb
 bounds [0x000001e688280000, 0x000001e6884f0000, 0x000001e68f7b0000]
CodeHeap 'non-nmethods': size=5760Kb used=1213Kb max_used=1213Kb free=4546Kb
 bounds [0x000001e68f7b0000, 0x000001e68fa20000, 0x000001e68fd50000]
 total_blobs=411 nmethods=72 adapters=244
 compilation: enabled
              stopped_count=0, restarted_count=0
 full_count=0

Compilation events (20 events):
Event: 0.115 Thread 0x000001e6a0073060   62       1       java.lang.module.ModuleDescriptor$Exports::targets (5 bytes)
Event: 0.115 Thread 0x000001e6a0073060 nmethod 62 0x000001e68fd52f90 code [0x000001e68fd53120, 0x000001e68fd531e8]
Event: 0.116 Thread 0x000001e6a0073060   64       1       java.util.ImmutableCollections$Set12::isEmpty (2 bytes)
Event: 0.116 Thread 0x000001e6a0073060 nmethod 64 0x000001e68fd53290 code [0x000001e68fd53420, 0x000001e68fd534e8]
Event: 0.116 Thread 0x000001e6a0073060   65       3       java.util.ImmutableCollections$Set12$1::next (95 bytes)
Event: 0.116 Thread 0x000001e6a0073060 nmethod 65 0x000001e688294710 code [0x000001e6882948e0, 0x000001e688294bb8]
Event: 0.124 Thread 0x000001e6a0073060   66       3       java.lang.Math::min (11 bytes)
Event: 0.124 Thread 0x000001e6a0073060 nmethod 66 0x000001e688294d10 code [0x000001e688294ea0, 0x000001e688294fd8]
Event: 0.125 Thread 0x000001e6a0073060   67       3       java.lang.StringLatin1::indexOfChar (33 bytes)
Event: 0.125 Thread 0x000001e6a0073060 nmethod 67 0x000001e688295090 code [0x000001e688295240, 0x000001e688295460]
Event: 0.128 Thread 0x000001e6a0073060   68       3       java.lang.Math::max (11 bytes)
Event: 0.128 Thread 0x000001e6a0073060 nmethod 68 0x000001e688295590 code [0x000001e688295720, 0x000001e688295858]
Event: 0.128 Thread 0x000001e6a0073060   69       3       java.lang.StringLatin1::canEncode (17 bytes)
Event: 0.128 Thread 0x000001e6a0073060 nmethod 69 0x000001e688295910 code [0x000001e688295aa0, 0x000001e688295c10]
Event: 0.128 Thread 0x000001e6a0073060   70       3       java.lang.String::indexOf (37 bytes)
Event: 0.128 Thread 0x000001e6a0073060 nmethod 70 0x000001e688295c90 code [0x000001e688295e80, 0x000001e688296300]
Event: 0.139 Thread 0x000001e6a0073060   71       3       java.lang.String::isEmpty (14 bytes)
Event: 0.139 Thread 0x000001e6a0073060 nmethod 71 0x000001e688296490 code [0x000001e688296620, 0x000001e688296788]
Event: 0.143 Thread 0x000001e6a0073060   72       3       java.util.jar.Manifest$FastInputStream::readLine (296 bytes)
Event: 0.143 Thread 0x000001e6a0073060 nmethod 72 0x000001e688296810 code [0x000001e688296a40, 0x000001e6882972a8]

GC Heap History (0 events):
No events

Dll operation events (5 events):
Event: 0.007 Loaded shared library C:\Program Files\Java\jdk-22\bin\java.dll
Event: 0.082 Loaded shared library C:\Program Files\Java\jdk-22\bin\jsvml.dll
Event: 0.129 Loaded shared library C:\Program Files\Java\jdk-22\bin\net.dll
Event: 0.131 Loaded shared library C:\Program Files\Java\jdk-22\bin\nio.dll
Event: 0.139 Loaded shared library C:\Program Files\Java\jdk-22\bin\zip.dll

Deoptimization events (0 events):
No events

Classes loaded (20 events):
Event: 0.140 Loading class sun/security/util/Debug done
Event: 0.140 Loading class sun/security/action/GetIntegerAction
Event: 0.140 Loading class sun/security/action/GetIntegerAction done
Event: 0.140 Loading class java/util/jar/JarVerifier
Event: 0.140 Loading class java/util/jar/JarVerifier done
Event: 0.140 Loading class java/io/ByteArrayOutputStream
Event: 0.141 Loading class java/io/ByteArrayOutputStream done
Event: 0.141 Loading class java/util/jar/Attributes
Event: 0.141 Loading class java/util/jar/Attributes done
Event: 0.141 Loading class java/util/LinkedHashMap
Event: 0.141 Loading class java/util/SequencedMap
Event: 0.141 Loading class java/util/SequencedMap done
Event: 0.142 Loading class java/util/LinkedHashMap done
Event: 0.142 Loading class java/util/jar/Manifest$FastInputStream
Event: 0.142 Loading class java/util/jar/Manifest$FastInputStream done
Event: 0.142 Loading class java/util/jar/Attributes$Name
Event: 0.142 Loading class java/util/jar/Attributes$Name done
Event: 0.142 Loading class java/lang/reflect/Array
Event: 0.142 Loading class java/lang/reflect/Array done
Event: 0.143 Loading class java/io/RandomAccessFile$1

Classes unloaded (0 events):
No events

Classes redefined (0 events):
No events

Internal exceptions (0 events):
No events

ZGC Phase Switch (0 events):
No events

VM Operations (2 events):
Event: 0.142 Executing VM operation: HandshakeAllThreads (Deoptimize)
Event: 0.142 Executing VM operation: HandshakeAllThreads (Deoptimize) done

Events (11 events):
Event: 0.013 Thread 0x000001e6fd1dc910 Thread added: 0x000001e6fd1dc910
Event: 0.079 Thread 0x000001e6a007f200 Thread added: 0x000001e6a007f200
Event: 0.079 Thread 0x000001e6a003b470 Thread added: 0x000001e6a003b470
Event: 0.081 Thread 0x000001e6a00669b0 Thread added: 0x000001e6a00669b0
Event: 0.081 Thread 0x000001e6a0068710 Thread added: 0x000001e6a0068710
Event: 0.081 Thread 0x000001e6a0069170 Thread added: 0x000001e6a0069170
Event: 0.081 Thread 0x000001e6a006a370 Thread added: 0x000001e6a006a370
Event: 0.081 Thread 0x000001e6a006e9f0 Thread added: 0x000001e6a006e9f0
Event: 0.081 Thread 0x000001e6a0073060 Thread added: 0x000001e6a0073060
Event: 0.117 Thread 0x000001e6a0266970 Thread added: 0x000001e6a0266970
Event: 0.122 Thread 0x000001e6a0273840 Thread added: 0x000001e6a0273840


Dynamic libraries:
0x00007ff7a2440000 - 0x00007ff7a2450000 	C:\Program Files\Java\jdk-22\bin\java.exe
0x00007ffe03ab0000 - 0x00007ffe03cc7000 	C:\WINDOWS\SYSTEM32\ntdll.dll
0x00007ffe02050000 - 0x00007ffe02114000 	C:\WINDOWS\System32\KERNEL32.DLL
0x00007ffe00db0000 - 0x00007ffe01169000 	C:\WINDOWS\System32\KERNELBASE.dll
0x00007ffe015f0000 - 0x00007ffe01701000 	C:\WINDOWS\System32\ucrtbase.dll
0x00007ffdd7410000 - 0x00007ffdd742b000 	C:\Program Files\Java\jdk-22\bin\VCRUNTIME140.dll
0x00007ffde8a00000 - 0x00007ffde8a17000 	C:\Program Files\Java\jdk-22\bin\jli.dll
0x00007ffe01f70000 - 0x00007ffe02022000 	C:\WINDOWS\System32\ADVAPI32.dll
0x00007ffe03210000 - 0x00007ffe032b7000 	C:\WINDOWS\System32\msvcrt.dll
0x00007ffe032c0000 - 0x00007ffe03367000 	C:\WINDOWS\System32\sechost.dll
0x00007ffe01380000 - 0x00007ffe013a8000 	C:\WINDOWS\System32\bcrypt.dll
0x00007ffe038a0000 - 0x00007ffe039b4000 	C:\WINDOWS\System32\RPCRT4.dll
0x00007ffe01a60000 - 0x00007ffe01c0e000 	C:\WINDOWS\System32\USER32.dll
0x00007ffe012e0000 - 0x00007ffe01306000 	C:\WINDOWS\System32\win32u.dll
0x00007ffdefb70000 - 0x00007ffdefe02000 	C:\WINDOWS\WinSxS\amd64_microsoft.windows.common-controls_6595b64144ccf1df_6.0.22621.4391_none_2715d37f73803e96\COMCTL32.dll
0x00007ffe039c0000 - 0x00007ffe039e9000 	C:\WINDOWS\System32\GDI32.dll
0x00007ffe01450000 - 0x00007ffe0156b000 	C:\WINDOWS\System32\gdi32full.dll
0x00007ffe013b0000 - 0x00007ffe0144a000 	C:\WINDOWS\System32\msvcp_win.dll
0x00007ffdf9200000 - 0x00007ffdf920a000 	C:\WINDOWS\SYSTEM32\VERSION.dll
0x00007ffe01930000 - 0x00007ffe01961000 	C:\WINDOWS\System32\IMM32.DLL
0x00007ffdef1a0000 - 0x00007ffdef1ac000 	C:\Program Files\Java\jdk-22\bin\vcruntime140_1.dll
0x00007ffdabb30000 - 0x00007ffdabbbe000 	C:\Program Files\Java\jdk-22\bin\msvcp140.dll
0x00007ffd40940000 - 0x00007ffd41688000 	C:\Program Files\Java\jdk-22\bin\server\jvm.dll
0x00007ffe03530000 - 0x00007ffe035a1000 	C:\WINDOWS\System32\WS2_32.dll
0x00007ffe00c80000 - 0x00007ffe00ccd000 	C:\WINDOWS\SYSTEM32\POWRPROF.dll
0x00007ffdfc830000 - 0x00007ffdfc864000 	C:\WINDOWS\SYSTEM32\WINMM.dll
0x00007ffe00c60000 - 0x00007ffe00c73000 	C:\WINDOWS\SYSTEM32\UMPDC.dll
0x00007ffdffdb0000 - 0x00007ffdffdc8000 	C:\WINDOWS\SYSTEM32\kernel.appcore.dll
0x00007ffdef150000 - 0x00007ffdef15a000 	C:\Program Files\Java\jdk-22\bin\jimage.dll
0x00007ffdfe6e0000 - 0x00007ffdfe912000 	C:\WINDOWS\SYSTEM32\DBGHELP.DLL
0x00007ffe02e80000 - 0x00007ffe0320f000 	C:\WINDOWS\System32\combase.dll
0x00007ffe035b0000 - 0x00007ffe03687000 	C:\WINDOWS\System32\OLEAUT32.dll
0x00007ffdf4ba0000 - 0x00007ffdf4bd2000 	C:\WINDOWS\SYSTEM32\dbgcore.DLL
0x00007ffe01570000 - 0x00007ffe015eb000 	C:\WINDOWS\System32\bcryptPrimitives.dll
0x00007ffdd6580000 - 0x00007ffdd659e000 	C:\Program Files\Java\jdk-22\bin\java.dll
0x00007ffe02120000 - 0x00007ffe02996000 	C:\WINDOWS\System32\SHELL32.dll
0x00007ffe03370000 - 0x00007ffe03515000 	C:\WINDOWS\System32\ole32.dll
0x00007ffdfeca0000 - 0x00007ffdff5a3000 	C:\WINDOWS\SYSTEM32\windows.storage.dll
0x00007ffdfeb60000 - 0x00007ffdfec9f000 	C:\WINDOWS\SYSTEM32\wintypes.dll
0x00007ffe01c20000 - 0x00007ffe01d19000 	C:\WINDOWS\System32\SHCORE.dll
0x00007ffe018d0000 - 0x00007ffe0192e000 	C:\WINDOWS\System32\shlwapi.dll
0x00007ffe00ce0000 - 0x00007ffe00d0b000 	C:\WINDOWS\SYSTEM32\profapi.dll
0x00007ffd9d700000 - 0x00007ffd9d7d7000 	C:\Program Files\Java\jdk-22\bin\jsvml.dll
0x00007ffdef0d0000 - 0x00007ffdef0e0000 	C:\Program Files\Java\jdk-22\bin\net.dll
0x00007ffe00220000 - 0x00007ffe00289000 	C:\WINDOWS\system32\mswsock.dll
0x00007ffdd26c0000 - 0x00007ffdd26d6000 	C:\Program Files\Java\jdk-22\bin\nio.dll
0x00007ffdcfc10000 - 0x00007ffdcfc27000 	C:\Program Files\Java\jdk-22\bin\zip.dll

dbghelp: loaded successfully - version: 4.0.5 - missing functions: none
symbol engine: initialized successfully - sym options: 0x614 - pdb path: .;C:\Program Files\Java\jdk-22\bin;C:\WINDOWS\SYSTEM32;C:\WINDOWS\WinSxS\amd64_microsoft.windows.common-controls_6595b64144ccf1df_6.0.22621.4391_none_2715d37f73803e96;C:\Program Files\Java\jdk-22\bin\server

VM Arguments:
java_command: C:\Users\thang\AppData\Local\Temp\surefire16894899043265067735\surefirebooter-20241203000521431_3.jar C:\Users\thang\AppData\Local\Temp\surefire16894899043265067735 2024-12-03T00-05-21_298-jvmRun1 surefire-20241203000521431_1tmp surefire_0-20241203000521431_2tmp
java_class_path (initial): C:\Users\thang\AppData\Local\Temp\surefire16894899043265067735\surefirebooter-20241203000521431_3.jar
Launcher Type: SUN_STANDARD

[Global flags]
     intx CICompilerCount                          = 4                                         {product} {ergonomic}
     uint ConcGCThreads                            = 3                                         {product} {ergonomic}
     uint G1ConcRefinementThreads                  = 10                                        {product} {ergonomic}
   size_t G1HeapRegionSize                         = 1048576                                   {product} {ergonomic}
   size_t InitialHeapSize                          = 123731968                                 {product} {ergonomic}
   size_t MarkStackSize                            = 4194304                                   {product} {ergonomic}
   size_t MaxHeapSize                              = 1975517184                                {product} {ergonomic}
   size_t MaxNewSize                               = 1184890880                                {product} {ergonomic}
   size_t MinHeapDeltaBytes                        = 1048576                                   {product} {ergonomic}
   size_t MinHeapSize                              = 8388608                                   {product} {ergonomic}
    uintx NonNMethodCodeHeapSize                   = 5839372                                {pd product} {ergonomic}
    uintx NonProfiledCodeHeapSize                  = 122909434                              {pd product} {ergonomic}
    uintx ProfiledCodeHeapSize                     = 122909434                              {pd product} {ergonomic}
    uintx ReservedCodeCacheSize                    = 251658240                              {pd product} {ergonomic}
     bool SegmentedCodeCache                       = true                                      {product} {ergonomic}
   size_t SoftMaxHeapSize                          = 1975517184                             {manageable} {ergonomic}
     bool UseCompressedOops                        = true                           {product lp64_product} {ergonomic}
     bool UseG1GC                                  = true                                      {product} {ergonomic}
     bool UseLargePagesIndividualAllocation        = false                                  {pd product} {ergonomic}

Logging:
Log output configuration:
 #0: stdout all=warning uptime,level,tags foldmultilines=false
 #1: stderr all=off uptime,level,tags foldmultilines=false

Environment Variables:
JAVA_HOME=C:\Program Files\Java\jdk-22
PATH=C:\Program Files\Common Files\Oracle\Java\javapath;C:\Program Files (x86)\Common Files\Oracle\Java\java8path;C:\Program Files (x86)\Common Files\Oracle\Java\javapath;C:\ProgramData\Oracle\Java\javapath;C:\Windows\system32;C:\Windows;C:\Windows\System32\Wbem;C:\Windows\System32\WindowsPowerShell\v1.0\;C:\Windows\System32\OpenSSH\;C:\Program Files (x86)\NVIDIA Corporation\PhysX\Common;C:\WINDOWS\system32;C:\WINDOWS;C:\WINDOWS\System32\Wbem;C:\WINDOWS\System32\WindowsPowerShell\v1.0\;C:\WINDOWS\System32\OpenSSH\;C:\Program Files\Git\cmd;C:\Program Files (x86)\Microsoft SQL Server\160\Tools\Binn\;C:\Program Files\Microsoft SQL Server\160\Tools\Binn\;C:\Program Files\Microsoft SQL Server\Client SDK\ODBC\170\Tools\Binn\;C:\Program Files\Microsoft SQL Server\160\DTS\Binn\;C:\Program Files (x86)\Microsoft SQL Server\160\DTS\Binn\;C:\Program Files\Azure Data Studio\bin;C:\Program Files\Java\jdk-22\bin;D:\MSYS\ucrt64\bin;C:\apache-maven-3.9.8\bin;C:\Program Files\NVIDIA Corporation\NVIDIA app\NvDLISR;C:\Program Files\Cloudflare\Cloudflare WARP\;C:\Users\thang\AppData\Local\Microsoft\WindowsApps;C:\Users\thang\AppData\Local\Programs\Microsoft VS Code\bin;C:\Users\thang\AppData\Local\GitHubDesktop\bin;C:\Program Files\Azure Data Studio\bin
USERNAME=thang
LANG=en_US.UTF-8
OS=Windows_NT
PROCESSOR_IDENTIFIER=AMD64 Family 25 Model 80 Stepping 0, AuthenticAMD
TMP=C:\Users\thang\AppData\Local\Temp
TEMP=C:\Users\thang\AppData\Local\Temp




Periodic native trim disabled

---------------  S Y S T E M  ---------------

OS:
 Windows 11 , 64 bit Build 22621 (10.0.22621.4391)
OS uptime: 3 days 3:02 hours
Hyper-V role detected

CPU: total 12 (initial active 12) (12 cores per cpu, 2 threads per core) family 25 model 80 stepping 0 microcode 0x0, cx8, cmov, fxsr, ht, mmx, 3dnowpref, sse, sse2, sse3, ssse3, sse4a, sse4.1, sse4.2, popcnt, lzcnt, tsc, tscinvbit, avx, avx2, aes, erms, clmul, bmi1, bmi2, adx, sha, fma, vzeroupper, clflush, clflushopt, hv, rdtscp, rdpid, fsrm, f16c, cet_ss
Processor Information for processor 0
  Max Mhz: 2301, Current Mhz: 2301, Mhz Limit: 2301
Processor Information for processor 1
  Max Mhz: 2301, Current Mhz: 2010, Mhz Limit: 2301
Processor Information for processor 2
  Max Mhz: 2301, Current Mhz: 2301, Mhz Limit: 2301
Processor Information for processor 3
  Max Mhz: 2301, Current Mhz: 2010, Mhz Limit: 2301
Processor Information for processor 4
  Max Mhz: 2301, Current Mhz: 2301, Mhz Limit: 2301
Processor Information for processor 5
  Max Mhz: 2301, Current Mhz: 2010, Mhz Limit: 2301
Processor Information for processor 6
  Max Mhz: 2301, Current Mhz: 2301, Mhz Limit: 2301
Processor Information for processor 7
  Max Mhz: 2301, Current Mhz: 2010, Mhz Limit: 2301
Processor Information for processor 8
  Max Mhz: 2301, Current Mhz: 2301, Mhz Limit: 2301
Processor Information for processor 9
  Max Mhz: 2301, Current Mhz: 2010, Mhz Limit: 2301
Processor Information for processor 10
  Max Mhz: 2301, Current Mhz: 2301, Mhz Limit: 2301
Processor Information for processor 11
  Max Mhz: 2301, Current Mhz: 2010, Mhz Limit: 2301

Memory: 4k page, system-wide physical 7532M (280M free)
TotalPageFile size 19820M (AvailPageFile size 2M)
current process WorkingSet (physical memory assigned to process): 30M, peak: 30M
current process commit charge ("private bytes"): 195M, peak: 195M

vm_info: Java HotSpot(TM) 64-Bit Server VM (22+36-2370) for windows-amd64 JRE (22+36-2370), built on 2024-02-15T22:15:19Z by "mach5one" with MS VC++ 17.6 (VS2022)

END.
